[18/04/16 13:39:55 959][INFO ][PID:15500]开始!
[18/04/16 13:39:56 643][INFO ][PID:15500]启动路径：E:\workspace\CAIKA365\CAIKA365.WEB\
[18/04/16 13:39:56 650][INFO ][PID:15500]配置路径：E:\workspace\CAIKA365\CAIKA365.WEB\/Data/AosuConfig.xml
[18/04/16 13:39:56 692][TRACE][PID:15500]AosuApp.AosuFramework.AWSDataUtil:CLoadData
[18/04/16 13:39:58 383][TRACE][PID:15500]AosuApp.AosuFramework.AWSUtil:CServerState
[18/04/16 13:39:58 510][TRACE][PID:15500]AosuApp.AosuFramework.ALocalDataLoader:CLoadData
[18/04/16 13:39:58 512][ERROR][PID:15500]AosuApp.Web.WSHandler.xml不存在!
[18/04/16 13:39:59 838][TRACE][PID:15500]AosuApp.AosuFramework.ALocalDataLoader:CLoadData
[18/04/16 13:40:35 390][TRACE][PID:15500]AosuApp.AosuFramework.ALocalDataLoader:CLoadData
[18/04/16 13:41:11 362][TRACE][PID:15500]AosuApp.AosuFramework.ADataLoader:CLoadData
[18/04/16 13:41:11 386][TRACE][PID:15500]AosuApp.AosuFramework.ADataSourceUtil:CGetConnection
[18/04/16 13:41:11 781][TRACE][PID:15500]AosuApp.AosuSSO.APassport:CSignOn
[18/04/16 13:41:11 784][TRACE][PID:15500]AosuApp.AosuSSO.ADomain:CCheckLicense
[18/04/16 13:41:11 786][TRACE][PID:15500]AosuApp.AosuSSO.ADomain:CGetADomainDS
[18/04/16 13:41:11 788][TRACE][PID:15500]AosuApp.AosuFramework.ADataLoader:CLoadData
[18/04/16 13:41:11 789][TRACE][PID:15500]AosuApp.AosuFramework.ADataSourceUtil:CGetConnection
[18/04/16 13:41:11 836][TRACE][PID:15500]AosuApp.AosuFramework.ADataLoader:CLoadData
[18/04/16 13:41:11 839][TRACE][PID:15500]AosuApp.AosuFramework.ADataSourceUtil:CGetConnection
[18/04/16 13:41:11 902][TRACE][PID:15500]AosuApp.AosuFramework.ADataLoader:CLoadData
[18/04/16 13:41:11 905][TRACE][PID:15500]AosuApp.AosuFramework.ADataSourceUtil:CGetConnection
[18/04/16 13:41:11 962][TRACE][PID:15500]AosuApp.AosuFramework.ADataSourceUtil:CGetConnection
[18/04/16 13:41:12 004][TRACE][PID:15500]AosuApp.AosuSSO.APassport:CVerifyPasswrod
[18/04/16 13:41:12 006][TRACE][PID:15500]AosuApp.AosuFramework.ADataLoader:CLoadData
[18/04/16 13:41:12 007][TRACE][PID:15500]AosuApp.AosuFramework.ADataSourceUtil:CGetConnection
[18/04/16 13:41:12 009][TRACE][PID:15500]AosuApp.AosuFramework.ADataLoader:CPersistent
[18/04/16 13:41:12 027][TRACE][PID:15500]AosuApp.AosuFramework.ADataSourceUtil:CGetConnection
[18/04/16 13:41:12 079][TRACE][PID:15500]AosuApp.AosuFramework.ADataLoader:CLoadData
[18/04/16 13:41:12 080][TRACE][PID:15500]AosuApp.AosuFramework.ADataSourceUtil:CGetConnection
[18/04/16 13:41:12 137][TRACE][PID:15500]AosuApp.AosuFramework.ADataLoader:CPersistent
[18/04/16 13:41:12 138][TRACE][PID:15500]AosuApp.AosuFramework.ADataSourceUtil:CGetConnection
[18/04/16 13:41:12 289][TRACE][PID:15500]AosuApp.AosuFramework.ALocalDataLoader:CLoadData
[18/04/16 13:41:12 757][TRACE][PID:15500]AosuApp.AosuFramework.ADataLoader:CLoadData
[18/04/16 13:41:12 790][TRACE][PID:15500]AosuApp.AosuFramework.ADataSourceUtil:CGetConnection
[18/04/16 13:41:12 846][TRACE][PID:15500]AosuApp.AosuFramework.ADataLoader:CLoadData
[18/04/16 13:41:12 861][TRACE][PID:15500]AosuApp.AosuFramework.ADataSourceUtil:CGetConnection
[18/04/16 13:41:14 847][TRACE][PID:15500]AosuApp.AosuFramework.ADataLoader:CLoadData
[18/04/16 13:41:14 848][TRACE][PID:15500]AosuApp.AosuFramework.ADataSourceUtil:CGetConnection
[18/04/16 13:41:14 855][TRACE][PID:15500]AosuApp.AosuFramework.ADataLoader:CLoadData
[18/04/16 13:41:14 856][TRACE][PID:15500]AosuApp.AosuFramework.ADataSourceUtil:CGetConnection
[18/04/16 13:41:14 936][TRACE][PID:15500]AosuApp.AosuFramework.ADataLoader:CLoadData
[18/04/16 13:41:14 942][TRACE][PID:15500]AosuApp.AosuFramework.ADataSourceUtil:CGetConnection
[18/04/16 13:41:14 945][TRACE][PID:15500]AosuApp.AosuFramework.ADataLoader:CLoadData
[18/04/16 13:41:14 947][TRACE][PID:15500]AosuApp.AosuFramework.ADataSourceUtil:CGetConnection
[18/04/16 13:41:14 952][TRACE][PID:15500]AosuApp.AosuFramework.ALocalDataLoader:CLoadData
[18/04/16 13:41:15 164][TRACE][PID:15500]AosuApp.AosuFramework.ADataLoader:CLoadData
[18/04/16 13:41:15 165][TRACE][PID:15500]AosuApp.AosuFramework.ADataSourceUtil:CGetConnection
[18/04/16 13:41:17 244][TRACE][PID:15500]AosuApp.AosuFramework.ADataLoader:CLoadData
[18/04/16 13:41:17 279][TRACE][PID:15500]AosuApp.AosuFramework.ADataSourceUtil:CGetConnection
[18/04/16 13:41:17 313][TRACE][PID:15500]AosuApp.AosuFramework.ADataLoader:CLoadData
[18/04/16 13:41:17 314][TRACE][PID:15500]AosuApp.AosuFramework.ADataSourceUtil:CGetConnection
[18/04/16 13:41:17 786][TRACE][PID:15500]AosuApp.AosuFramework.ADataLoader:CLoadData
[18/04/16 13:41:17 790][TRACE][PID:15500]AosuApp.AosuFramework.ADataSourceUtil:CGetConnection
[18/04/16 13:41:19 456][TRACE][PID:15500]AosuApp.AosuFramework.ADataLoader:CLoadData
[18/04/16 13:41:19 458][TRACE][PID:15500]AosuApp.AosuFramework.ADataSourceUtil:CGetConnection
[18/04/16 13:41:19 461][TRACE][PID:15500]AosuApp.AosuFramework.ADataLoader:CLoadData
[18/04/16 13:41:19 463][TRACE][PID:15500]AosuApp.AosuFramework.ADataSourceUtil:CGetConnection
[18/04/16 13:41:19 496][TRACE][PID:15500]AosuApp.AosuFramework.ADataLoader:CLoadData
[18/04/16 13:41:19 504][TRACE][PID:15500]AosuApp.AosuFramework.ADataSourceUtil:CGetConnection
[18/04/16 13:41:19 509][TRACE][PID:15500]AosuApp.AosuFramework.ADataLoader:CLoadData
[18/04/16 13:41:19 515][TRACE][PID:15500]AosuApp.AosuFramework.ADataSourceUtil:CGetConnection
[18/04/16 13:41:19 527][TRACE][PID:15500]AosuApp.AosuFramework.ADataLoader:CLoadData
[18/04/16 13:41:19 528][TRACE][PID:15500]AosuApp.AosuFramework.ADataSourceUtil:CGetConnection
[18/04/16 13:41:19 626][TRACE][PID:15500]AosuApp.AosuFramework.ADataLoader:CLoadData
[18/04/16 13:41:19 628][TRACE][PID:15500]AosuApp.AosuFramework.ADataSourceUtil:CGetConnection
[18/04/16 13:41:19 672][TRACE][PID:15500]API.CP.BASE.Payment.TXFPaymentUtil:CGetQRImage
[18/04/16 14:12:45 484][TRACE][PID:15500]AosuApp.AosuFramework.ALocalDataLoader:CLoadData
[18/04/16 14:13:00 074][TRACE][PID:15500]AosuApp.AosuFramework.ADataLoader:CLoadData
[18/04/16 14:13:00 082][TRACE][PID:15500]AosuApp.AosuFramework.ADataSourceUtil:CGetConnection
[18/04/16 14:13:00 086][TRACE][PID:15500]AosuApp.AosuSSO.APassport:CSignOn
[18/04/16 14:13:00 087][TRACE][PID:15500]AosuApp.AosuSSO.ADomain:CCheckLicense
[18/04/16 14:13:00 089][TRACE][PID:15500]AosuApp.AosuSSO.ADomain:CGetADomainDS
[18/04/16 14:13:00 093][TRACE][PID:15500]AosuApp.AosuFramework.ADataLoader:CLoadData
[18/04/16 14:13:00 095][TRACE][PID:15500]AosuApp.AosuFramework.ADataSourceUtil:CGetConnection
[18/04/16 14:13:00 101][TRACE][PID:15500]AosuApp.AosuFramework.ADataLoader:CLoadData
[18/04/16 14:13:00 103][TRACE][PID:15500]AosuApp.AosuFramework.ADataSourceUtil:CGetConnection
[18/04/16 14:13:00 117][TRACE][PID:15500]AosuApp.AosuFramework.ADataLoader:CLoadData
[18/04/16 14:13:00 118][TRACE][PID:15500]AosuApp.AosuFramework.ADataSourceUtil:CGetConnection
[18/04/16 14:13:00 126][TRACE][PID:15500]AosuApp.AosuFramework.ADataSourceUtil:CGetConnection
[18/04/16 14:13:00 133][TRACE][PID:15500]AosuApp.AosuSSO.APassport:CVerifyPasswrod
[18/04/16 14:13:00 134][TRACE][PID:15500]AosuApp.AosuFramework.ADataLoader:CLoadData
[18/04/16 14:13:00 135][TRACE][PID:15500]AosuApp.AosuFramework.ADataSourceUtil:CGetConnection
[18/04/16 14:13:00 137][TRACE][PID:15500]AosuApp.AosuFramework.ADataLoader:CPersistent
[18/04/16 14:13:00 139][TRACE][PID:15500]AosuApp.AosuFramework.ADataSourceUtil:CGetConnection
[18/04/16 14:13:00 153][TRACE][PID:15500]AosuApp.AosuFramework.ADataLoader:CLoadData
[18/04/16 14:13:00 155][TRACE][PID:15500]AosuApp.AosuFramework.ADataSourceUtil:CGetConnection
[18/04/16 14:13:00 164][TRACE][PID:15500]AosuApp.AosuFramework.ADataLoader:CPersistent
[18/04/16 14:13:00 167][TRACE][PID:15500]AosuApp.AosuFramework.ADataSourceUtil:CGetConnection
[18/04/16 14:13:00 205][TRACE][PID:15500]AosuApp.AosuFramework.ADataLoader:CLoadData
[18/04/16 14:13:00 207][TRACE][PID:15500]AosuApp.AosuFramework.ADataSourceUtil:CGetConnection
[18/04/16 14:13:00 210][TRACE][PID:15500]AosuApp.AosuFramework.ADataLoader:CLoadData
[18/04/16 14:13:00 211][TRACE][PID:15500]AosuApp.AosuFramework.ADataSourceUtil:CGetConnection
[18/04/16 14:13:00 215][TRACE][PID:15500]AosuApp.AosuFramework.ALocalDataLoader:CLoadData
[18/04/16 14:13:00 237][TRACE][PID:15500]AosuApp.AosuFramework.ADataLoader:CLoadData
[18/04/16 14:13:00 238][TRACE][PID:15500]AosuApp.AosuFramework.ADataSourceUtil:CGetConnection
[18/04/16 14:13:00 809][TRACE][PID:15500]AosuApp.AosuFramework.ADataLoader:CLoadData
[18/04/16 14:13:00 841][TRACE][PID:15500]AosuApp.AosuFramework.ADataSourceUtil:CGetConnection
[18/04/16 14:13:01 326][TRACE][PID:15500]AosuApp.AosuFramework.ADataLoader:CLoadData
[18/04/16 14:13:01 328][TRACE][PID:15500]AosuApp.AosuFramework.ADataSourceUtil:CGetConnection
[18/04/16 14:13:01 330][TRACE][PID:15500]AosuApp.AosuFramework.ADataLoader:CLoadData
[18/04/16 14:13:01 332][TRACE][PID:15500]AosuApp.AosuFramework.ADataSourceUtil:CGetConnection
[18/04/16 14:13:02 880][TRACE][PID:15500]AosuApp.AosuFramework.ADataLoader:CLoadData
[18/04/16 14:13:02 881][TRACE][PID:15500]AosuApp.AosuFramework.ADataSourceUtil:CGetConnection
[18/04/16 14:13:02 884][TRACE][PID:15500]AosuApp.AosuFramework.ADataLoader:CLoadData
[18/04/16 14:13:02 884][TRACE][PID:15500]AosuApp.AosuFramework.ADataSourceUtil:CGetConnection
[18/04/16 14:13:02 923][TRACE][PID:15500]AosuApp.AosuFramework.ADataLoader:CLoadData
[18/04/16 14:13:02 924][TRACE][PID:15500]AosuApp.AosuFramework.ADataSourceUtil:CGetConnection
[18/04/16 14:13:02 927][TRACE][PID:15500]AosuApp.AosuFramework.ADataLoader:CLoadData
[18/04/16 14:13:02 927][TRACE][PID:15500]AosuApp.AosuFramework.ADataSourceUtil:CGetConnection
[18/04/16 14:13:02 931][TRACE][PID:15500]AosuApp.AosuFramework.ADataLoader:CLoadData
[18/04/16 14:13:02 942][TRACE][PID:15500]AosuApp.AosuFramework.ADataSourceUtil:CGetConnection
[18/04/16 14:13:02 960][TRACE][PID:15500]AosuApp.AosuFramework.ADataLoader:CLoadData
[18/04/16 14:13:03 019][TRACE][PID:15500]AosuApp.AosuFramework.ADataSourceUtil:CGetConnection
[18/04/16 14:13:03 022][TRACE][PID:15500]API.CP.BASE.Payment.TXFPaymentUtil:CGetQRImage
[18/04/16 14:15:07 225][TRACE][PID:15500]AosuApp.AosuFramework.ADataLoader:CLoadData
[18/04/16 14:15:07 242][TRACE][PID:15500]AosuApp.AosuFramework.ADataSourceUtil:CGetConnection
[18/04/16 14:15:07 245][TRACE][PID:15500]AosuApp.AosuFramework.ADataLoader:CLoadData
[18/04/16 14:15:07 257][TRACE][PID:15500]AosuApp.AosuFramework.ADataSourceUtil:CGetConnection
[18/04/16 14:15:07 327][TRACE][PID:15500]AosuApp.AosuFramework.ADataLoader:CLoadData
[18/04/16 14:15:07 354][TRACE][PID:15500]AosuApp.AosuFramework.ADataSourceUtil:CGetConnection
[18/04/16 14:15:07 375][TRACE][PID:15500]AosuApp.AosuFramework.ADataLoader:CLoadData
[18/04/16 14:15:07 379][TRACE][PID:15500]AosuApp.AosuFramework.ADataSourceUtil:CGetConnection
[18/04/16 14:15:07 388][TRACE][PID:15500]AosuApp.AosuFramework.ADataLoader:CLoadData
[18/04/16 14:15:07 389][TRACE][PID:15500]AosuApp.AosuFramework.ADataSourceUtil:CGetConnection
[18/04/16 14:15:07 400][TRACE][PID:15500]AosuApp.AosuFramework.ADataLoader:CLoadData
[18/04/16 14:15:07 408][TRACE][PID:15500]AosuApp.AosuFramework.ADataSourceUtil:CGetConnection
[18/04/16 14:15:07 412][TRACE][PID:15500]API.CP.BASE.Payment.TXFPaymentUtil:CGetQRImage
[18/04/16 15:34:38 177][TRACE][PID:15500]AosuApp.AosuFramework.ALocalDataLoader:CLoadData
[18/04/16 15:34:50 468][TRACE][PID:15500]AosuApp.AosuFramework.ADataLoader:CLoadData
[18/04/16 15:34:50 500][TRACE][PID:15500]AosuApp.AosuFramework.ADataSourceUtil:CGetConnection
[18/04/16 15:34:50 509][TRACE][PID:15500]AosuApp.AosuSSO.APassport:CSignOn
[18/04/16 15:34:50 510][TRACE][PID:15500]AosuApp.AosuSSO.ADomain:CCheckLicense
[18/04/16 15:34:50 511][TRACE][PID:15500]AosuApp.AosuSSO.ADomain:CGetADomainDS
[18/04/16 15:34:50 511][TRACE][PID:15500]AosuApp.AosuFramework.ADataLoader:CLoadData
[18/04/16 15:34:50 513][TRACE][PID:15500]AosuApp.AosuFramework.ADataSourceUtil:CGetConnection
[18/04/16 15:34:50 522][TRACE][PID:15500]AosuApp.AosuFramework.ADataLoader:CLoadData
[18/04/16 15:34:50 523][TRACE][PID:15500]AosuApp.AosuFramework.ADataSourceUtil:CGetConnection
[18/04/16 15:34:50 538][TRACE][PID:15500]AosuApp.AosuFramework.ADataLoader:CLoadData
[18/04/16 15:34:50 541][TRACE][PID:15500]AosuApp.AosuFramework.ADataSourceUtil:CGetConnection
[18/04/16 15:34:50 551][TRACE][PID:15500]AosuApp.AosuFramework.ADataSourceUtil:CGetConnection
[18/04/16 15:34:50 557][TRACE][PID:15500]AosuApp.AosuSSO.APassport:CVerifyPasswrod
[18/04/16 15:34:50 558][TRACE][PID:15500]AosuApp.AosuFramework.ADataLoader:CLoadData
[18/04/16 15:34:50 559][TRACE][PID:15500]AosuApp.AosuFramework.ADataSourceUtil:CGetConnection
[18/04/16 15:34:50 562][TRACE][PID:15500]AosuApp.AosuFramework.ADataLoader:CPersistent
[18/04/16 15:34:50 563][TRACE][PID:15500]AosuApp.AosuFramework.ADataSourceUtil:CGetConnection
[18/04/16 15:34:50 571][TRACE][PID:15500]AosuApp.AosuFramework.ADataLoader:CLoadData
[18/04/16 15:34:50 572][TRACE][PID:15500]AosuApp.AosuFramework.ADataSourceUtil:CGetConnection
[18/04/16 15:34:50 575][TRACE][PID:15500]AosuApp.AosuFramework.ADataLoader:CPersistent
[18/04/16 15:34:50 576][TRACE][PID:15500]AosuApp.AosuFramework.ADataSourceUtil:CGetConnection
[18/04/16 15:34:50 603][TRACE][PID:15500]AosuApp.AosuFramework.ADataLoader:CLoadData
[18/04/16 15:34:50 607][TRACE][PID:15500]AosuApp.AosuFramework.ADataSourceUtil:CGetConnection
[18/04/16 15:34:50 614][TRACE][PID:15500]AosuApp.AosuFramework.ADataLoader:CLoadData
[18/04/16 15:34:50 617][TRACE][PID:15500]AosuApp.AosuFramework.ADataSourceUtil:CGetConnection
[18/04/16 15:34:50 624][TRACE][PID:15500]AosuApp.AosuFramework.ALocalDataLoader:CLoadData
[18/04/16 15:34:50 649][TRACE][PID:15500]AosuApp.AosuFramework.ADataLoader:CLoadData
[18/04/16 15:34:50 651][TRACE][PID:15500]AosuApp.AosuFramework.ADataSourceUtil:CGetConnection
[18/04/16 15:34:51 103][TRACE][PID:15500]AosuApp.AosuFramework.ADataLoader:CLoadData
[18/04/16 15:34:51 126][TRACE][PID:15500]AosuApp.AosuFramework.ADataSourceUtil:CGetConnection
[18/04/16 15:34:51 611][TRACE][PID:15500]AosuApp.AosuFramework.ADataLoader:CLoadData
[18/04/16 15:34:51 612][TRACE][PID:15500]AosuApp.AosuFramework.ADataSourceUtil:CGetConnection
[18/04/16 15:34:51 616][TRACE][PID:15500]AosuApp.AosuFramework.ADataLoader:CLoadData
[18/04/16 15:34:51 617][TRACE][PID:15500]AosuApp.AosuFramework.ADataSourceUtil:CGetConnection
[18/04/16 15:34:54 589][TRACE][PID:15500]AosuApp.AosuFramework.ADataLoader:CLoadData
[18/04/16 15:34:54 591][TRACE][PID:15500]AosuApp.AosuFramework.ADataSourceUtil:CGetConnection
[18/04/16 15:34:54 593][TRACE][PID:15500]AosuApp.AosuFramework.ADataLoader:CLoadData
[18/04/16 15:34:54 595][TRACE][PID:15500]AosuApp.AosuFramework.ADataSourceUtil:CGetConnection
[18/04/16 15:34:54 618][TRACE][PID:15500]AosuApp.AosuFramework.ADataLoader:CLoadData
[18/04/16 15:34:54 627][TRACE][PID:15500]AosuApp.AosuFramework.ADataSourceUtil:CGetConnection
[18/04/16 15:34:54 630][TRACE][PID:15500]AosuApp.AosuFramework.ADataLoader:CLoadData
[18/04/16 15:34:54 631][TRACE][PID:15500]AosuApp.AosuFramework.ADataSourceUtil:CGetConnection
[18/04/16 15:34:54 636][TRACE][PID:15500]AosuApp.AosuFramework.ADataLoader:CLoadData
[18/04/16 15:34:54 655][TRACE][PID:15500]AosuApp.AosuFramework.ADataSourceUtil:CGetConnection
[18/04/16 15:34:54 663][TRACE][PID:15500]AosuApp.AosuFramework.ADataLoader:CLoadData
[18/04/16 15:34:54 708][TRACE][PID:15500]AosuApp.AosuFramework.ADataSourceUtil:CGetConnection
[18/04/16 15:34:54 722][TRACE][PID:15500]API.CP.BASE.Payment.TXFPaymentUtil:CGetQRImage
[18/04/16 15:38:33 941][TRACE][PID:15500]AosuApp.AosuFramework.ADataLoader:CLoadData
[18/04/16 15:38:33 952][TRACE][PID:15500]AosuApp.AosuFramework.ADataSourceUtil:CGetConnection
[18/04/16 15:38:33 957][TRACE][PID:15500]AosuApp.AosuFramework.ADataLoader:CLoadData
[18/04/16 15:38:33 958][TRACE][PID:15500]AosuApp.AosuFramework.ADataSourceUtil:CGetConnection
[18/04/16 15:38:33 995][TRACE][PID:15500]AosuApp.AosuFramework.ADataLoader:CLoadData
[18/04/16 15:38:34 019][TRACE][PID:15500]AosuApp.AosuFramework.ADataSourceUtil:CGetConnection
[18/04/16 15:38:34 026][TRACE][PID:15500]AosuApp.AosuFramework.ADataLoader:CLoadData
[18/04/16 15:38:34 029][TRACE][PID:15500]AosuApp.AosuFramework.ADataSourceUtil:CGetConnection
[18/04/16 15:38:34 033][TRACE][PID:15500]AosuApp.AosuFramework.ADataLoader:CLoadData
[18/04/16 15:38:34 034][TRACE][PID:15500]AosuApp.AosuFramework.ADataSourceUtil:CGetConnection
[18/04/16 15:38:34 043][TRACE][PID:15500]AosuApp.AosuFramework.ADataLoader:CLoadData
[18/04/16 15:38:34 045][TRACE][PID:15500]AosuApp.AosuFramework.ADataSourceUtil:CGetConnection
[18/04/16 15:38:34 056][TRACE][PID:15500]API.CP.BASE.Payment.TXFPaymentUtil:CGetQRImage
[18/04/16 15:43:23 689][TRACE][PID:15500]AosuApp.AosuFramework.ADataLoader:CLoadData
[18/04/16 15:43:23 738][TRACE][PID:15500]AosuApp.AosuFramework.ADataSourceUtil:CGetConnection
[18/04/16 15:43:23 744][TRACE][PID:15500]AosuApp.AosuFramework.ADataLoader:CLoadData
[18/04/16 15:43:23 746][TRACE][PID:15500]AosuApp.AosuFramework.ADataSourceUtil:CGetConnection
[18/04/16 15:43:23 843][TRACE][PID:15500]AosuApp.AosuFramework.ADataLoader:CLoadData
[18/04/16 15:43:23 865][TRACE][PID:15500]AosuApp.AosuFramework.ADataSourceUtil:CGetConnection
[18/04/16 15:43:23 873][TRACE][PID:15500]AosuApp.AosuFramework.ADataLoader:CLoadData
[18/04/16 15:43:23 879][TRACE][PID:15500]AosuApp.AosuFramework.ADataSourceUtil:CGetConnection
[18/04/16 15:43:23 884][TRACE][PID:15500]AosuApp.AosuFramework.ADataLoader:CLoadData
[18/04/16 15:43:23 897][TRACE][PID:15500]AosuApp.AosuFramework.ADataSourceUtil:CGetConnection
[18/04/16 15:43:23 904][TRACE][PID:15500]AosuApp.AosuFramework.ADataLoader:CLoadData
[18/04/16 15:43:23 911][TRACE][PID:15500]AosuApp.AosuFramework.ADataSourceUtil:CGetConnection
[18/04/16 15:43:23 915][TRACE][PID:15500]API.CP.BASE.Payment.TXFPaymentUtil:CGetQRImage
[18/04/16 15:44:14 348][TRACE][PID:15500]AosuApp.AosuFramework.ADataLoader:CLoadData
[18/04/16 15:44:14 350][TRACE][PID:15500]AosuApp.AosuFramework.ADataSourceUtil:CGetConnection
[18/04/16 15:44:14 353][TRACE][PID:15500]AosuApp.AosuFramework.ADataLoader:CLoadData
[18/04/16 15:44:14 355][TRACE][PID:15500]AosuApp.AosuFramework.ADataSourceUtil:CGetConnection
[18/04/16 15:44:14 360][TRACE][PID:15500]AosuApp.AosuFramework.ALocalDataLoader:CLoadData
[18/04/16 15:44:14 380][TRACE][PID:15500]API.CP.BASE.AAccountUtil:CGetJournalList
[18/04/16 15:44:14 399][TRACE][PID:15500]AosuApp.AosuFramework.ADataLoader:CLoadData
[18/04/16 15:44:14 406][TRACE][PID:15500]AosuApp.AosuFramework.ADataSourceUtil:CGetConnection
[18/04/16 15:44:14 504][TRACE][PID:15500]AosuApp.AosuFramework.ADataSourceUtil:CGetConnection
[18/04/16 15:44:14 587][TRACE][PID:15500]AosuApp.AosuFramework.ADataSourceUtil:CGetConnection
[18/04/16 15:44:14 983][TRACE][PID:15500]AosuApp.AosuFramework.ADataLoader:CLoadData
[18/04/16 15:44:14 987][TRACE][PID:15500]AosuApp.AosuFramework.ADataSourceUtil:CGetConnection
[18/04/16 15:44:14 991][TRACE][PID:15500]AosuApp.AosuFramework.ADataLoader:CLoadData
[18/04/16 15:44:14 992][TRACE][PID:15500]AosuApp.AosuFramework.ADataSourceUtil:CGetConnection
[18/04/16 15:44:15 490][TRACE][PID:15500]AosuApp.AosuFramework.ADataLoader:CLoadData
[18/04/16 15:44:15 499][TRACE][PID:15500]AosuApp.AosuFramework.ADataSourceUtil:CGetConnection
[18/04/16 15:44:16 769][TRACE][PID:15500]AosuApp.AosuFramework.ADataLoader:CLoadData
[18/04/16 15:44:16 771][TRACE][PID:15500]AosuApp.AosuFramework.ADataSourceUtil:CGetConnection
[18/04/16 15:44:16 776][TRACE][PID:15500]AosuApp.AosuFramework.ADataLoader:CLoadData
[18/04/16 15:44:16 778][TRACE][PID:15500]AosuApp.AosuFramework.ADataSourceUtil:CGetConnection
[18/04/16 15:44:16 782][TRACE][PID:15500]AosuApp.AosuFramework.ALocalDataLoader:CLoadData
[18/04/16 15:44:16 784][TRACE][PID:15500]AosuApp.AosuFramework.ADataLoader:CLoadData
[18/04/16 15:44:16 785][TRACE][PID:15500]AosuApp.AosuFramework.ADataSourceUtil:CGetConnection
[18/04/16 15:44:16 892][TRACE][PID:15500]AosuApp.AosuFramework.ADataLoader:CLoadData
[18/04/16 15:44:16 935][TRACE][PID:15500]AosuApp.AosuFramework.ADataSourceUtil:CGetConnection
[18/04/16 15:44:16 946][TRACE][PID:15500]AosuApp.AosuFramework.ADataLoader:CLoadData
[18/04/16 15:44:16 946][TRACE][PID:15500]AosuApp.AosuFramework.ADataSourceUtil:CGetConnection
[18/04/16 15:44:17 424][TRACE][PID:15500]AosuApp.AosuFramework.ADataLoader:CLoadData
[18/04/16 15:44:17 425][TRACE][PID:15500]AosuApp.AosuFramework.ADataSourceUtil:CGetConnection
[18/04/16 15:44:18 754][TRACE][PID:15500]AosuApp.AosuFramework.ADataLoader:CLoadData
[18/04/16 15:44:18 755][TRACE][PID:15500]AosuApp.AosuFramework.ADataSourceUtil:CGetConnection
[18/04/16 15:44:18 757][TRACE][PID:15500]AosuApp.AosuFramework.ADataLoader:CLoadData
[18/04/16 15:44:18 758][TRACE][PID:15500]AosuApp.AosuFramework.ADataSourceUtil:CGetConnection
[18/04/16 15:44:18 775][TRACE][PID:15500]AosuApp.AosuFramework.ADataLoader:CLoadData
[18/04/16 15:44:18 777][TRACE][PID:15500]AosuApp.AosuFramework.ADataSourceUtil:CGetConnection
[18/04/16 15:44:18 779][TRACE][PID:15500]AosuApp.AosuFramework.ADataLoader:CLoadData
[18/04/16 15:44:18 780][TRACE][PID:15500]AosuApp.AosuFramework.ADataSourceUtil:CGetConnection
[18/04/16 15:44:18 784][TRACE][PID:15500]AosuApp.AosuFramework.ADataLoader:CLoadData
[18/04/16 15:44:18 785][TRACE][PID:15500]AosuApp.AosuFramework.ADataSourceUtil:CGetConnection
[18/04/16 15:44:18 791][TRACE][PID:15500]AosuApp.AosuFramework.ADataLoader:CLoadData
[18/04/16 15:44:18 794][TRACE][PID:15500]AosuApp.AosuFramework.ADataSourceUtil:CGetConnection
[18/04/16 15:44:18 807][TRACE][PID:15500]API.CP.BASE.Payment.TXFPaymentUtil:CGetQRImage
[18/04/16 17:14:03 369][INFO ][PID:9328]开始!
[18/04/16 17:14:03 463][INFO ][PID:9328]启动路径：E:\workspace\CAIKA365\CAIKA365.WEB\
[18/04/16 17:14:03 464][INFO ][PID:9328]配置路径：E:\workspace\CAIKA365\CAIKA365.WEB\/Data/AosuConfig.xml
[18/04/16 17:14:03 499][TRACE][PID:9328]AosuApp.AosuFramework.AWSDataUtil:CLoadData
[18/04/16 17:14:03 370][INFO ][PID:9328]开始!
[18/04/16 17:14:04 149][INFO ][PID:9328]启动路径：E:\workspace\CAIKA365\CAIKA365.WEB\
[18/04/16 17:14:04 180][INFO ][PID:9328]配置路径：E:\workspace\CAIKA365\CAIKA365.WEB\/Data/AosuConfig.xml
[18/04/16 17:14:04 181][TRACE][PID:9328]AosuApp.AosuFramework.AWSDataUtil:CLoadData
[18/04/16 17:14:04 300][TRACE][PID:9328]AosuApp.AosuFramework.AWSUtil:CServerState
[18/04/16 17:14:04 302][TRACE][PID:9328]AosuApp.AosuFramework.AWSUtil:CServerState
[18/04/16 17:14:04 375][TRACE][PID:9328]AosuApp.AosuFramework.ALocalDataLoader:CLoadData
[18/04/16 17:14:04 435][ERROR][PID:9328]AosuApp.Web.WSHandler.xml不存在!
[18/04/16 17:14:04 375][TRACE][PID:9328]AosuApp.AosuFramework.ALocalDataLoader:CLoadData
[18/04/16 17:14:04 435][ERROR][PID:9328]AosuApp.Web.WSHandler.xml不存在!
[18/04/16 17:14:05 137][TRACE][PID:9328]AosuApp.AosuFramework.ALocalDataLoader:CLoadData
[18/04/16 17:14:57 266][TRACE][PID:9328]AosuApp.AosuFramework.ALocalDataLoader:CLoadData
[18/04/16 17:15:00 624][TRACE][PID:9328]AosuApp.AosuFramework.ALocalDataLoader:CLoadData
[18/04/16 17:15:42 341][TRACE][PID:9328]AosuApp.AosuFramework.ADataLoader:CLoadData
[18/04/16 17:15:42 393][TRACE][PID:9328]AosuApp.AosuFramework.ADataSourceUtil:CGetConnection
[18/04/16 17:15:43 558][TRACE][PID:9328]AosuApp.AosuSSO.APassport:CSignOn
[18/04/16 17:15:43 569][TRACE][PID:9328]AosuApp.AosuSSO.ADomain:CCheckLicense
[18/04/16 17:15:43 571][TRACE][PID:9328]AosuApp.AosuSSO.ADomain:CGetADomainDS
[18/04/16 17:15:43 574][TRACE][PID:9328]AosuApp.AosuFramework.ADataLoader:CLoadData
[18/04/16 17:15:43 575][TRACE][PID:9328]AosuApp.AosuFramework.ADataSourceUtil:CGetConnection
[18/04/16 17:15:43 859][TRACE][PID:9328]AosuApp.AosuFramework.ADataLoader:CLoadData
[18/04/16 17:15:43 859][TRACE][PID:9328]AosuApp.AosuFramework.ADataSourceUtil:CGetConnection
[18/04/16 17:15:43 897][TRACE][PID:9328]AosuApp.AosuFramework.ADataLoader:CLoadData
[18/04/16 17:15:43 898][TRACE][PID:9328]AosuApp.AosuFramework.ADataSourceUtil:CGetConnection
[18/04/16 17:15:44 016][TRACE][PID:9328]AosuApp.AosuFramework.ADataSourceUtil:CGetConnection
[18/04/16 17:15:44 029][TRACE][PID:9328]AosuApp.AosuSSO.APassport:CVerifyPasswrod
[18/04/16 17:15:44 040][TRACE][PID:9328]AosuApp.AosuFramework.ADataLoader:CLoadData
[18/04/16 17:15:44 041][TRACE][PID:9328]AosuApp.AosuFramework.ADataSourceUtil:CGetConnection
[18/04/16 17:15:44 047][TRACE][PID:9328]AosuApp.AosuFramework.ADataLoader:CPersistent
[18/04/16 17:15:44 079][TRACE][PID:9328]AosuApp.AosuFramework.ADataSourceUtil:CGetConnection
[18/04/16 17:15:44 198][TRACE][PID:9328]AosuApp.AosuFramework.ADataLoader:CLoadData
[18/04/16 17:15:44 199][TRACE][PID:9328]AosuApp.AosuFramework.ADataSourceUtil:CGetConnection
[18/04/16 17:15:44 234][TRACE][PID:9328]AosuApp.AosuFramework.ADataLoader:CPersistent
[18/04/16 17:15:44 236][TRACE][PID:9328]AosuApp.AosuFramework.ADataSourceUtil:CGetConnection
[18/04/16 17:15:44 397][TRACE][PID:9328]AosuApp.AosuFramework.ALocalDataLoader:CLoadData
[18/04/16 17:15:45 058][TRACE][PID:9328]AosuApp.AosuFramework.ADataLoader:CLoadData
[18/04/16 17:15:45 111][TRACE][PID:9328]AosuApp.AosuFramework.ADataSourceUtil:CGetConnection
[18/04/16 17:15:45 160][TRACE][PID:9328]AosuApp.AosuFramework.ADataLoader:CLoadData
[18/04/16 17:15:45 172][TRACE][PID:9328]AosuApp.AosuFramework.ADataSourceUtil:CGetConnection
[18/04/16 17:16:11 343][TRACE][PID:9328]AosuApp.AosuFramework.ADataLoader:CLoadData
[18/04/16 17:16:11 377][TRACE][PID:9328]AosuApp.AosuFramework.ADataSourceUtil:CGetConnection
[18/04/16 17:16:11 380][TRACE][PID:9328]AosuApp.AosuFramework.ADataLoader:CLoadData
[18/04/16 17:16:11 381][TRACE][PID:9328]AosuApp.AosuFramework.ADataSourceUtil:CGetConnection
[18/04/16 17:16:11 458][TRACE][PID:9328]AosuApp.AosuFramework.ADataLoader:CLoadData
[18/04/16 17:16:11 512][TRACE][PID:9328]AosuApp.AosuFramework.ADataSourceUtil:CGetConnection
[18/04/16 17:16:11 525][TRACE][PID:9328]AosuApp.AosuFramework.ADataLoader:CLoadData
[18/04/16 17:16:11 527][TRACE][PID:9328]AosuApp.AosuFramework.ADataSourceUtil:CGetConnection
[18/04/16 17:16:11 538][TRACE][PID:9328]AosuApp.AosuFramework.ALocalDataLoader:CLoadData
[18/04/16 17:16:11 749][TRACE][PID:9328]AosuApp.AosuFramework.ADataLoader:CLoadData
[18/04/16 17:16:11 750][TRACE][PID:9328]AosuApp.AosuFramework.ADataSourceUtil:CGetConnection
[18/04/16 17:16:13 685][TRACE][PID:9328]AosuApp.AosuFramework.ADataLoader:CLoadData
[18/04/16 17:16:13 687][TRACE][PID:9328]AosuApp.AosuFramework.ADataSourceUtil:CGetConnection
[18/04/16 17:16:13 691][TRACE][PID:9328]AosuApp.AosuFramework.ADataLoader:CLoadData
[18/04/16 17:16:13 692][TRACE][PID:9328]AosuApp.AosuFramework.ADataSourceUtil:CGetConnection
[18/04/16 17:16:14 577][TRACE][PID:9328]AosuApp.AosuFramework.ADataLoader:CLoadData
[18/04/16 17:16:14 585][TRACE][PID:9328]AosuApp.AosuFramework.ADataSourceUtil:CGetConnection
[18/04/16 17:16:16 900][TRACE][PID:9328]AosuApp.AosuFramework.ADataLoader:CLoadData
[18/04/16 17:16:16 901][TRACE][PID:9328]AosuApp.AosuFramework.ADataSourceUtil:CGetConnection
[18/04/16 17:16:16 904][TRACE][PID:9328]AosuApp.AosuFramework.ADataLoader:CLoadData
[18/04/16 17:16:16 906][TRACE][PID:9328]AosuApp.AosuFramework.ADataSourceUtil:CGetConnection
[18/04/16 17:16:16 951][TRACE][PID:9328]AosuApp.AosuFramework.ADataLoader:CLoadData
[18/04/16 17:16:16 956][TRACE][PID:9328]AosuApp.AosuFramework.ADataSourceUtil:CGetConnection
[18/04/16 17:16:16 966][TRACE][PID:9328]AosuApp.AosuFramework.ADataLoader:CLoadData
[18/04/16 17:16:16 968][TRACE][PID:9328]AosuApp.AosuFramework.ADataSourceUtil:CGetConnection
[18/04/16 17:16:16 975][TRACE][PID:9328]AosuApp.AosuFramework.ADataLoader:CLoadData
[18/04/16 17:16:16 985][TRACE][PID:9328]AosuApp.AosuFramework.ADataSourceUtil:CGetConnection
[18/04/16 17:16:17 043][TRACE][PID:9328]AosuApp.AosuFramework.ADataLoader:CLoadData
[18/04/16 17:16:17 060][TRACE][PID:9328]AosuApp.AosuFramework.ADataSourceUtil:CGetConnection
[18/04/16 17:16:17 109][TRACE][PID:9328]API.CP.BASE.Payment.TXFPaymentUtil:CGetQRImage
[18/04/16 17:41:11 494][INFO ][PID:15348]开始!
[18/04/16 17:41:11 532][INFO ][PID:15348]启动路径：E:\workspace\CAIKA365\CAIKA365.WEB\
[18/04/16 17:41:11 571][INFO ][PID:15348]配置路径：E:\workspace\CAIKA365\CAIKA365.WEB\/Data/AosuConfig.xml
[18/04/16 17:41:11 494][INFO ][PID:15348]开始!
[18/04/16 17:41:11 574][INFO ][PID:15348]启动路径：E:\workspace\CAIKA365\CAIKA365.WEB\
[18/04/16 17:41:11 575][INFO ][PID:15348]配置路径：E:\workspace\CAIKA365\CAIKA365.WEB\/Data/AosuConfig.xml
[18/04/16 17:41:11 578][TRACE][PID:15348]AosuApp.AosuFramework.AWSDataUtil:CLoadData
[18/04/16 17:41:11 578][TRACE][PID:15348]AosuApp.AosuFramework.AWSDataUtil:CLoadData
[18/04/16 17:41:11 700][TRACE][PID:15348]AosuApp.AosuFramework.AWSUtil:CServerState
[18/04/16 17:41:11 705][TRACE][PID:15348]AosuApp.AosuFramework.AWSUtil:CServerState
[18/04/16 17:41:11 738][TRACE][PID:15348]AosuApp.AosuFramework.ALocalDataLoader:CLoadData
[18/04/16 17:41:11 744][TRACE][PID:15348]AosuApp.AosuFramework.ALocalDataLoader:CLoadData
[18/04/16 17:41:11 768][ERROR][PID:15348]AosuApp.Web.WSHandler.xml不存在!
[18/04/16 17:41:11 774][ERROR][PID:15348]AosuApp.Web.WSHandler.xml不存在!
[18/04/16 17:41:12 030][TRACE][PID:15348]AosuApp.AosuFramework.ALocalDataLoader:CLoadData
[18/04/16 17:41:12 084][TRACE][PID:15348]AosuApp.AosuFramework.ALocalDataLoader:CLoadData
[18/04/16 17:41:38 244][TRACE][PID:15348]AosuApp.AosuFramework.ADataLoader:CLoadData
[18/04/16 17:41:38 255][TRACE][PID:15348]AosuApp.AosuFramework.ADataSourceUtil:CGetConnection
[18/04/16 17:41:38 479][TRACE][PID:15348]AosuApp.AosuSSO.APassport:CSignOn
[18/04/16 17:41:38 486][TRACE][PID:15348]AosuApp.AosuSSO.ADomain:CCheckLicense
[18/04/16 17:41:38 488][TRACE][PID:15348]AosuApp.AosuSSO.ADomain:CGetADomainDS
[18/04/16 17:41:38 491][TRACE][PID:15348]AosuApp.AosuFramework.ADataLoader:CLoadData
[18/04/16 17:41:38 494][TRACE][PID:15348]AosuApp.AosuFramework.ADataSourceUtil:CGetConnection
[18/04/16 17:41:38 510][TRACE][PID:15348]AosuApp.AosuFramework.ADataLoader:CLoadData
[18/04/16 17:41:38 511][TRACE][PID:15348]AosuApp.AosuFramework.ADataSourceUtil:CGetConnection
[18/04/16 17:41:38 521][TRACE][PID:15348]AosuApp.AosuFramework.ADataLoader:CLoadData
[18/04/16 17:41:38 522][TRACE][PID:15348]AosuApp.AosuFramework.ADataSourceUtil:CGetConnection
[18/04/16 17:41:38 544][TRACE][PID:15348]AosuApp.AosuFramework.ADataSourceUtil:CGetConnection
[18/04/16 17:41:38 552][TRACE][PID:15348]AosuApp.AosuSSO.APassport:CVerifyPasswrod
[18/04/16 17:41:38 561][TRACE][PID:15348]AosuApp.AosuFramework.ADataLoader:CLoadData
[18/04/16 17:41:38 586][TRACE][PID:15348]AosuApp.AosuFramework.ADataSourceUtil:CGetConnection
[18/04/16 17:41:38 593][TRACE][PID:15348]AosuApp.AosuFramework.ADataLoader:CPersistent
[18/04/16 17:41:38 601][TRACE][PID:15348]AosuApp.AosuFramework.ADataSourceUtil:CGetConnection
[18/04/16 17:41:38 632][TRACE][PID:15348]AosuApp.AosuFramework.ADataLoader:CLoadData
[18/04/16 17:41:38 634][TRACE][PID:15348]AosuApp.AosuFramework.ADataSourceUtil:CGetConnection
[18/04/16 17:41:38 638][TRACE][PID:15348]AosuApp.AosuFramework.ADataLoader:CPersistent
[18/04/16 17:41:38 639][TRACE][PID:15348]AosuApp.AosuFramework.ADataSourceUtil:CGetConnection
[18/04/16 17:41:38 713][TRACE][PID:15348]AosuApp.AosuFramework.ADataLoader:CLoadData
[18/04/16 17:41:38 714][TRACE][PID:15348]AosuApp.AosuFramework.ADataSourceUtil:CGetConnection
[18/04/16 17:41:38 719][TRACE][PID:15348]AosuApp.AosuFramework.ADataLoader:CLoadData
[18/04/16 17:41:38 720][TRACE][PID:15348]AosuApp.AosuFramework.ADataSourceUtil:CGetConnection
[18/04/16 17:41:38 725][TRACE][PID:15348]AosuApp.AosuFramework.ALocalDataLoader:CLoadData
[18/04/16 17:41:38 783][TRACE][PID:15348]AosuApp.AosuFramework.ADataLoader:CLoadData
[18/04/16 17:41:38 785][TRACE][PID:15348]AosuApp.AosuFramework.ADataSourceUtil:CGetConnection
[18/04/16 17:41:40 717][TRACE][PID:15348]AosuApp.AosuFramework.ADataLoader:CLoadData
[18/04/16 17:41:40 746][TRACE][PID:15348]AosuApp.AosuFramework.ADataSourceUtil:CGetConnection
[18/04/16 17:41:40 794][TRACE][PID:15348]AosuApp.AosuFramework.ADataLoader:CLoadData
[18/04/16 17:41:40 810][TRACE][PID:15348]AosuApp.AosuFramework.ADataSourceUtil:CGetConnection
[18/04/16 17:41:41 283][TRACE][PID:15348]AosuApp.AosuFramework.ADataLoader:CLoadData
[18/04/16 17:41:41 307][TRACE][PID:15348]AosuApp.AosuFramework.ADataSourceUtil:CGetConnection
[18/04/16 17:42:01 399][TRACE][PID:15348]AosuApp.AosuFramework.ADataLoader:CLoadData
[18/04/16 17:42:01 401][TRACE][PID:15348]AosuApp.AosuFramework.ADataSourceUtil:CGetConnection
[18/04/16 17:42:01 406][TRACE][PID:15348]AosuApp.AosuFramework.ADataLoader:CLoadData
[18/04/16 17:42:01 407][TRACE][PID:15348]AosuApp.AosuFramework.ADataSourceUtil:CGetConnection
[18/04/16 17:42:01 430][TRACE][PID:15348]AosuApp.AosuFramework.ADataLoader:CLoadData
[18/04/16 17:42:01 431][TRACE][PID:15348]AosuApp.AosuFramework.ADataSourceUtil:CGetConnection
[18/04/16 17:42:01 435][TRACE][PID:15348]AosuApp.AosuFramework.ADataLoader:CLoadData
[18/04/16 17:42:01 436][TRACE][PID:15348]AosuApp.AosuFramework.ADataSourceUtil:CGetConnection
[18/04/16 17:42:01 442][TRACE][PID:15348]AosuApp.AosuFramework.ADataLoader:CLoadData
[18/04/16 17:42:01 444][TRACE][PID:15348]AosuApp.AosuFramework.ADataSourceUtil:CGetConnection
[18/04/16 17:42:01 469][TRACE][PID:15348]AosuApp.AosuFramework.ADataLoader:CLoadData
[18/04/16 17:42:01 471][TRACE][PID:15348]AosuApp.AosuFramework.ADataSourceUtil:CGetConnection
[18/04/16 17:42:01 504][TRACE][PID:15348]API.CP.BASE.Payment.TXFPaymentUtil:CGetQRImage
[18/04/16 17:50:23 569][INFO ][PID:10980]开始!
[18/04/16 17:50:23 586][INFO ][PID:10980]启动路径：E:\workspace\CAIKA365\CAIKA365.WEB\
[18/04/16 17:50:23 587][INFO ][PID:10980]配置路径：E:\workspace\CAIKA365\CAIKA365.WEB\/Data/AosuConfig.xml
[18/04/16 17:50:23 591][TRACE][PID:10980]AosuApp.AosuFramework.AWSDataUtil:CLoadData
[18/04/16 17:50:23 610][TRACE][PID:10980]AosuApp.AosuFramework.AWSUtil:CServerState
[18/04/16 17:50:23 639][TRACE][PID:10980]AosuApp.AosuFramework.ALocalDataLoader:CLoadData
[18/04/16 17:50:23 641][ERROR][PID:10980]AosuApp.Web.WSHandler.xml不存在!
[18/04/16 17:50:23 829][TRACE][PID:10980]AosuApp.AosuFramework.ALocalDataLoader:CLoadData
[18/04/16 17:51:18 383][TRACE][PID:10980]AosuApp.AosuFramework.ALocalDataLoader:CLoadData
[18/04/16 17:51:32 611][TRACE][PID:10980]AosuApp.AosuFramework.ADataLoader:CLoadData
[18/04/16 17:51:32 620][TRACE][PID:10980]AosuApp.AosuFramework.ADataSourceUtil:CGetConnection
[18/04/16 17:51:32 725][TRACE][PID:10980]AosuApp.AosuSSO.APassport:CSignOn
[18/04/16 17:51:32 737][TRACE][PID:10980]AosuApp.AosuSSO.ADomain:CCheckLicense
[18/04/16 17:51:32 776][TRACE][PID:10980]AosuApp.AosuSSO.ADomain:CGetADomainDS
[18/04/16 17:51:32 782][TRACE][PID:10980]AosuApp.AosuFramework.ADataLoader:CLoadData
[18/04/16 17:51:32 785][TRACE][PID:10980]AosuApp.AosuFramework.ADataSourceUtil:CGetConnection
[18/04/16 17:51:32 801][TRACE][PID:10980]AosuApp.AosuFramework.ADataLoader:CLoadData
[18/04/16 17:51:32 803][TRACE][PID:10980]AosuApp.AosuFramework.ADataSourceUtil:CGetConnection
[18/04/16 17:51:32 813][TRACE][PID:10980]AosuApp.AosuFramework.ADataLoader:CLoadData
[18/04/16 17:51:32 814][TRACE][PID:10980]AosuApp.AosuFramework.ADataSourceUtil:CGetConnection
[18/04/16 17:51:32 823][TRACE][PID:10980]AosuApp.AosuFramework.ADataSourceUtil:CGetConnection
[18/04/16 17:51:32 828][TRACE][PID:10980]AosuApp.AosuSSO.APassport:CVerifyPasswrod
[18/04/16 17:51:32 830][TRACE][PID:10980]AosuApp.AosuFramework.ADataLoader:CLoadData
[18/04/16 17:51:32 831][TRACE][PID:10980]AosuApp.AosuFramework.ADataSourceUtil:CGetConnection
[18/04/16 17:51:32 835][TRACE][PID:10980]AosuApp.AosuFramework.ADataLoader:CPersistent
[18/04/16 17:51:32 847][TRACE][PID:10980]AosuApp.AosuFramework.ADataSourceUtil:CGetConnection
[18/04/16 17:51:32 873][TRACE][PID:10980]AosuApp.AosuFramework.ADataLoader:CLoadData
[18/04/16 17:51:32 874][TRACE][PID:10980]AosuApp.AosuFramework.ADataSourceUtil:CGetConnection
[18/04/16 17:51:32 878][TRACE][PID:10980]AosuApp.AosuFramework.ADataLoader:CPersistent
[18/04/16 17:51:32 879][TRACE][PID:10980]AosuApp.AosuFramework.ADataSourceUtil:CGetConnection
[18/04/16 17:51:32 920][TRACE][PID:10980]AosuApp.AosuFramework.ALocalDataLoader:CLoadData
[18/04/16 17:51:33 090][TRACE][PID:10980]AosuApp.AosuFramework.ADataLoader:CLoadData
[18/04/16 17:51:33 105][TRACE][PID:10980]AosuApp.AosuFramework.ADataSourceUtil:CGetConnection
[18/04/16 17:51:33 134][TRACE][PID:10980]AosuApp.AosuFramework.ADataLoader:CLoadData
[18/04/16 17:51:33 200][TRACE][PID:10980]AosuApp.AosuFramework.ADataSourceUtil:CGetConnection
[18/04/16 17:51:35 391][TRACE][PID:10980]AosuApp.AosuFramework.ADataLoader:CLoadData
[18/04/16 17:51:35 437][TRACE][PID:10980]AosuApp.AosuFramework.ADataSourceUtil:CGetConnection
[18/04/16 17:51:35 447][TRACE][PID:10980]AosuApp.AosuFramework.ADataLoader:CLoadData
[18/04/16 17:51:35 449][TRACE][PID:10980]AosuApp.AosuFramework.ADataSourceUtil:CGetConnection
[18/04/16 17:51:35 485][TRACE][PID:10980]AosuApp.AosuFramework.ADataLoader:CLoadData
[18/04/16 17:51:35 524][TRACE][PID:10980]AosuApp.AosuFramework.ADataSourceUtil:CGetConnection
[18/04/16 17:51:35 527][TRACE][PID:10980]AosuApp.AosuFramework.ADataLoader:CLoadData
[18/04/16 17:51:35 528][TRACE][PID:10980]AosuApp.AosuFramework.ADataSourceUtil:CGetConnection
[18/04/16 17:51:35 533][TRACE][PID:10980]AosuApp.AosuFramework.ALocalDataLoader:CLoadData
[18/04/16 17:51:35 588][TRACE][PID:10980]AosuApp.AosuFramework.ADataLoader:CLoadData
[18/04/16 17:51:35 589][TRACE][PID:10980]AosuApp.AosuFramework.ADataSourceUtil:CGetConnection
[18/04/16 17:51:36 614][TRACE][PID:10980]AosuApp.AosuFramework.ADataLoader:CLoadData
[18/04/16 17:51:36 615][TRACE][PID:10980]AosuApp.AosuFramework.ADataSourceUtil:CGetConnection
[18/04/16 17:51:36 619][TRACE][PID:10980]AosuApp.AosuFramework.ADataLoader:CLoadData
[18/04/16 17:51:36 621][TRACE][PID:10980]AosuApp.AosuFramework.ADataSourceUtil:CGetConnection
[18/04/16 17:51:36 663][TRACE][PID:10980]AosuApp.AosuFramework.ADataLoader:CLoadData
[18/04/16 17:51:36 668][TRACE][PID:10980]AosuApp.AosuFramework.ADataSourceUtil:CGetConnection
[18/04/16 17:51:38 652][TRACE][PID:10980]AosuApp.AosuFramework.ADataLoader:CLoadData
[18/04/16 17:51:38 677][TRACE][PID:10980]AosuApp.AosuFramework.ADataSourceUtil:CGetConnection
[18/04/16 17:51:38 681][TRACE][PID:10980]AosuApp.AosuFramework.ADataLoader:CLoadData
[18/04/16 17:51:38 697][TRACE][PID:10980]AosuApp.AosuFramework.ADataSourceUtil:CGetConnection
[18/04/16 17:51:38 746][TRACE][PID:10980]AosuApp.AosuFramework.ADataLoader:CLoadData
[18/04/16 17:51:38 762][TRACE][PID:10980]AosuApp.AosuFramework.ADataSourceUtil:CGetConnection
[18/04/16 17:51:38 770][TRACE][PID:10980]AosuApp.AosuFramework.ADataLoader:CLoadData
[18/04/16 17:51:38 819][TRACE][PID:10980]AosuApp.AosuFramework.ADataSourceUtil:CGetConnection
[18/04/16 17:51:38 829][TRACE][PID:10980]AosuApp.AosuFramework.ADataLoader:CLoadData
[18/04/16 17:51:38 832][TRACE][PID:10980]AosuApp.AosuFramework.ADataSourceUtil:CGetConnection
[18/04/16 17:51:38 838][TRACE][PID:10980]AosuApp.AosuFramework.ADataLoader:CLoadData
[18/04/16 17:51:38 849][TRACE][PID:10980]AosuApp.AosuFramework.ADataSourceUtil:CGetConnection
[18/04/16 17:51:38 863][TRACE][PID:10980]API.CP.BASE.Payment.TXFPaymentUtil:CGetQRImage
[18/04/16 18:11:28 135][INFO ][PID:7568]开始!
[18/04/16 18:11:28 265][INFO ][PID:7568]启动路径：E:\workspace\CAIKA365\CAIKA365.WEB\
[18/04/16 18:11:28 266][INFO ][PID:7568]配置路径：E:\workspace\CAIKA365\CAIKA365.WEB\/Data/AosuConfig.xml
[18/04/16 18:11:28 270][TRACE][PID:7568]AosuApp.AosuFramework.AWSDataUtil:CLoadData
[18/04/16 18:11:28 135][INFO ][PID:7568]开始!
[18/04/16 18:11:29 015][INFO ][PID:7568]启动路径：E:\workspace\CAIKA365\CAIKA365.WEB\
[18/04/16 18:11:28 135][INFO ][PID:7568]开始!
[18/04/16 18:11:29 092][INFO ][PID:7568]启动路径：E:\workspace\CAIKA365\CAIKA365.WEB\
[18/04/16 18:11:29 093][INFO ][PID:7568]配置路径：E:\workspace\CAIKA365\CAIKA365.WEB\/Data/AosuConfig.xml
[18/04/16 18:11:29 145][INFO ][PID:7568]配置路径：E:\workspace\CAIKA365\CAIKA365.WEB\/Data/AosuConfig.xml
[18/04/16 18:11:28 136][INFO ][PID:7568]开始!
[18/04/16 18:11:29 145][INFO ][PID:7568]启动路径：E:\workspace\CAIKA365\CAIKA365.WEB\
[18/04/16 18:11:29 191][TRACE][PID:7568]AosuApp.AosuFramework.AWSDataUtil:CLoadData
[18/04/16 18:11:29 191][TRACE][PID:7568]AosuApp.AosuFramework.AWSDataUtil:CLoadData
[18/04/16 18:11:29 192][INFO ][PID:7568]配置路径：E:\workspace\CAIKA365\CAIKA365.WEB\/Data/AosuConfig.xml
[18/04/16 18:11:29 247][TRACE][PID:7568]AosuApp.AosuFramework.AWSDataUtil:CLoadData
[18/04/16 18:11:29 791][TRACE][PID:7568]AosuApp.AosuFramework.AWSUtil:CServerState
[18/04/16 18:11:29 793][TRACE][PID:7568]AosuApp.AosuFramework.AWSUtil:CServerState
[18/04/16 18:11:29 799][TRACE][PID:7568]AosuApp.AosuFramework.AWSUtil:CServerState
[18/04/16 18:11:29 802][TRACE][PID:7568]AosuApp.AosuFramework.AWSUtil:CServerState
[18/04/16 18:11:30 067][TRACE][PID:7568]AosuApp.AosuFramework.ALocalDataLoader:CLoadData
[18/04/16 18:11:30 068][TRACE][PID:7568]AosuApp.AosuFramework.ALocalDataLoader:CLoadData
[18/04/16 18:11:30 069][TRACE][PID:7568]AosuApp.AosuFramework.ALocalDataLoader:CLoadData
[18/04/16 18:11:30 071][TRACE][PID:7568]AosuApp.AosuFramework.ALocalDataLoader:CLoadData
[18/04/16 18:11:30 075][ERROR][PID:7568]AosuApp.Web.WSHandler.xml不存在!
[18/04/16 18:11:30 075][ERROR][PID:7568]AosuApp.Web.WSHandler.xml不存在!
[18/04/16 18:11:30 079][ERROR][PID:7568]AosuApp.Web.WSHandler.xml不存在!
[18/04/16 18:11:30 083][ERROR][PID:7568]AosuApp.Web.WSHandler.xml不存在!
[18/04/16 18:11:31 045][TRACE][PID:7568]AosuApp.AosuFramework.ALocalDataLoader:CLoadData
[18/04/16 18:12:47 654][TRACE][PID:7568]AosuApp.AosuFramework.ALocalDataLoader:CLoadData
[18/04/16 18:13:10 294][TRACE][PID:7568]AosuApp.AosuFramework.ADataLoader:CLoadData
[18/04/16 18:13:10 322][TRACE][PID:7568]AosuApp.AosuFramework.ADataSourceUtil:CGetConnection
[18/04/16 18:13:10 657][TRACE][PID:7568]AosuApp.AosuSSO.APassport:CSignOn
[18/04/16 18:13:10 661][TRACE][PID:7568]AosuApp.AosuSSO.ADomain:CCheckLicense
[18/04/16 18:13:10 663][TRACE][PID:7568]AosuApp.AosuSSO.ADomain:CGetADomainDS
[18/04/16 18:13:10 665][TRACE][PID:7568]AosuApp.AosuFramework.ADataLoader:CLoadData
[18/04/16 18:13:10 666][TRACE][PID:7568]AosuApp.AosuFramework.ADataSourceUtil:CGetConnection
[18/04/16 18:13:10 693][TRACE][PID:7568]AosuApp.AosuFramework.ADataLoader:CLoadData
[18/04/16 18:13:10 694][TRACE][PID:7568]AosuApp.AosuFramework.ADataSourceUtil:CGetConnection
[18/04/16 18:13:10 725][TRACE][PID:7568]AosuApp.AosuFramework.ADataLoader:CLoadData
[18/04/16 18:13:10 726][TRACE][PID:7568]AosuApp.AosuFramework.ADataSourceUtil:CGetConnection
[18/04/16 18:13:10 735][TRACE][PID:7568]AosuApp.AosuFramework.ADataSourceUtil:CGetConnection
[18/04/16 18:13:10 765][TRACE][PID:7568]AosuApp.AosuSSO.APassport:CVerifyPasswrod
[18/04/16 18:13:10 767][TRACE][PID:7568]AosuApp.AosuFramework.ADataLoader:CLoadData
[18/04/16 18:13:10 769][TRACE][PID:7568]AosuApp.AosuFramework.ADataSourceUtil:CGetConnection
[18/04/16 18:13:10 772][TRACE][PID:7568]AosuApp.AosuFramework.ADataLoader:CPersistent
[18/04/16 18:13:10 777][TRACE][PID:7568]AosuApp.AosuFramework.ADataSourceUtil:CGetConnection
[18/04/16 18:13:10 845][TRACE][PID:7568]AosuApp.AosuFramework.ADataLoader:CLoadData
[18/04/16 18:13:10 846][TRACE][PID:7568]AosuApp.AosuFramework.ADataSourceUtil:CGetConnection
[18/04/16 18:13:10 849][TRACE][PID:7568]AosuApp.AosuFramework.ADataLoader:CPersistent
[18/04/16 18:13:10 850][TRACE][PID:7568]AosuApp.AosuFramework.ADataSourceUtil:CGetConnection
[18/04/16 18:13:11 248][TRACE][PID:7568]AosuApp.AosuFramework.ADataLoader:CLoadData
[18/04/16 18:13:11 250][TRACE][PID:7568]AosuApp.AosuFramework.ADataSourceUtil:CGetConnection
[18/04/16 18:13:11 254][TRACE][PID:7568]AosuApp.AosuFramework.ADataLoader:CLoadData
[18/04/16 18:13:11 255][TRACE][PID:7568]AosuApp.AosuFramework.ADataSourceUtil:CGetConnection
[18/04/16 18:13:11 259][TRACE][PID:7568]AosuApp.AosuFramework.ALocalDataLoader:CLoadData
[18/04/16 18:13:11 465][TRACE][PID:7568]AosuApp.AosuFramework.ADataLoader:CLoadData
[18/04/16 18:13:11 466][TRACE][PID:7568]AosuApp.AosuFramework.ADataSourceUtil:CGetConnection
[18/04/16 18:13:13 364][TRACE][PID:7568]AosuApp.AosuFramework.ADataLoader:CLoadData
[18/04/16 18:13:13 371][TRACE][PID:7568]AosuApp.AosuFramework.ADataSourceUtil:CGetConnection
[18/04/16 18:13:13 374][TRACE][PID:7568]AosuApp.AosuFramework.ADataLoader:CLoadData
[18/04/16 18:13:13 375][TRACE][PID:7568]AosuApp.AosuFramework.ADataSourceUtil:CGetConnection
[18/04/16 18:13:13 574][TRACE][PID:7568]AosuApp.AosuFramework.ADataLoader:CLoadData
[18/04/16 18:13:13 598][TRACE][PID:7568]AosuApp.AosuFramework.ADataSourceUtil:CGetConnection
[18/04/16 18:13:13 646][TRACE][PID:7568]AosuApp.AosuFramework.ADataLoader:CLoadData
[18/04/16 18:13:13 682][TRACE][PID:7568]AosuApp.AosuFramework.ADataSourceUtil:CGetConnection
[18/04/16 18:13:14 085][TRACE][PID:7568]AosuApp.AosuFramework.ADataLoader:CLoadData
[18/04/16 18:13:14 087][TRACE][PID:7568]AosuApp.AosuFramework.ADataSourceUtil:CGetConnection
[18/04/16 18:13:15 475][TRACE][PID:7568]AosuApp.AosuFramework.ADataLoader:CLoadData
[18/04/16 18:13:15 476][TRACE][PID:7568]AosuApp.AosuFramework.ADataSourceUtil:CGetConnection
[18/04/16 18:13:15 480][TRACE][PID:7568]AosuApp.AosuFramework.ADataLoader:CLoadData
[18/04/16 18:13:15 481][TRACE][PID:7568]AosuApp.AosuFramework.ADataSourceUtil:CGetConnection
[18/04/16 18:13:15 510][TRACE][PID:7568]AosuApp.AosuFramework.ADataLoader:CLoadData
[18/04/16 18:13:15 512][TRACE][PID:7568]AosuApp.AosuFramework.ADataSourceUtil:CGetConnection
[18/04/16 18:13:15 515][TRACE][PID:7568]AosuApp.AosuFramework.ADataLoader:CLoadData
[18/04/16 18:13:15 515][TRACE][PID:7568]AosuApp.AosuFramework.ADataSourceUtil:CGetConnection
[18/04/16 18:13:15 521][TRACE][PID:7568]AosuApp.AosuFramework.ADataLoader:CLoadData
[18/04/16 18:13:15 523][TRACE][PID:7568]AosuApp.AosuFramework.ADataSourceUtil:CGetConnection
[18/04/16 18:13:15 530][TRACE][PID:7568]AosuApp.AosuFramework.ADataLoader:CLoadData
[18/04/16 18:13:15 532][TRACE][PID:7568]AosuApp.AosuFramework.ADataSourceUtil:CGetConnection
[18/04/16 18:13:15 549][TRACE][PID:7568]API.CP.BASE.Payment.TXFPaymentUtil:CGetQRImage
