[18/04/15 21:15:28 575][INFO ][PID:6704]开始!
[18/04/15 21:15:28 666][INFO ][PID:6704]启动路径：E:\workspace\CAIKA365\CAIKA365.WEB\
[18/04/15 21:15:28 673][INFO ][PID:6704]配置路径：E:\workspace\CAIKA365\CAIKA365.WEB\/Data/AosuConfig.xml
[18/04/15 21:15:28 686][TRACE][PID:6704]AosuApp.AosuFramework.AWSDataUtil:CLoadData
[18/04/15 21:15:28 775][TRACE][PID:6704]AosuApp.AosuFramework.AWSUtil:CServerState
[18/04/15 21:15:28 901][TRACE][PID:6704]AosuApp.AosuFramework.ALocalDataLoader:CLoadData
[18/04/15 21:15:28 903][ERROR][PID:6704]AosuApp.Web.WSHandler.xml不存在!
[18/04/15 21:15:29 234][TRACE][PID:6704]AosuApp.AosuFramework.ALocalDataLoader:CLoadData
[18/04/15 21:15:36 286][TRACE][PID:6704]AosuApp.AosuFramework.ALocalDataLoader:CLoadData
[18/04/15 21:18:41 515][TRACE][PID:6704]AosuApp.AosuFramework.ADataLoader:CLoadData
[18/04/15 21:18:41 526][TRACE][PID:6704]AosuApp.AosuFramework.ADataSourceUtil:CGetConnection
[18/04/15 21:18:42 431][TRACE][PID:6704]AosuApp.AosuSSO.APassport:CSignOn
[18/04/15 21:18:42 436][TRACE][PID:6704]AosuApp.AosuSSO.ADomain:CCheckLicense
[18/04/15 21:18:42 438][TRACE][PID:6704]AosuApp.AosuSSO.ADomain:CGetADomainDS
[18/04/15 21:18:42 440][TRACE][PID:6704]AosuApp.AosuFramework.ADataLoader:CLoadData
[18/04/15 21:18:42 441][TRACE][PID:6704]AosuApp.AosuFramework.ADataSourceUtil:CGetConnection
[18/04/15 21:18:42 520][TRACE][PID:6704]AosuApp.AosuFramework.ADataLoader:CLoadData
[18/04/15 21:18:42 522][TRACE][PID:6704]AosuApp.AosuFramework.ADataSourceUtil:CGetConnection
[18/04/15 21:18:42 578][TRACE][PID:6704]AosuApp.AosuFramework.ADataLoader:CLoadData
[18/04/15 21:18:42 579][TRACE][PID:6704]AosuApp.AosuFramework.ADataSourceUtil:CGetConnection
[18/04/15 21:18:42 686][TRACE][PID:6704]AosuApp.AosuFramework.ADataSourceUtil:CGetConnection
[18/04/15 21:18:42 693][TRACE][PID:6704]AosuApp.AosuSSO.APassport:CVerifyPasswrod
[18/04/15 21:18:42 695][TRACE][PID:6704]AosuApp.AosuFramework.ADataLoader:CLoadData
[18/04/15 21:18:42 696][TRACE][PID:6704]AosuApp.AosuFramework.ADataSourceUtil:CGetConnection
[18/04/15 21:18:42 700][TRACE][PID:6704]AosuApp.AosuFramework.ADataLoader:CPersistent
[18/04/15 21:18:42 709][TRACE][PID:6704]AosuApp.AosuFramework.ADataSourceUtil:CGetConnection
[18/04/15 21:18:42 764][TRACE][PID:6704]AosuApp.AosuFramework.ADataLoader:CLoadData
[18/04/15 21:18:42 766][TRACE][PID:6704]AosuApp.AosuFramework.ADataSourceUtil:CGetConnection
[18/04/15 21:18:42 814][TRACE][PID:6704]AosuApp.AosuFramework.ADataLoader:CPersistent
[18/04/15 21:18:42 815][TRACE][PID:6704]AosuApp.AosuFramework.ADataSourceUtil:CGetConnection
[18/04/15 21:18:42 915][TRACE][PID:6704]AosuApp.AosuFramework.ALocalDataLoader:CLoadData
[18/04/15 21:18:43 295][TRACE][PID:6704]AosuApp.AosuFramework.ADataLoader:CLoadData
[18/04/15 21:18:43 324][TRACE][PID:6704]AosuApp.AosuFramework.ADataSourceUtil:CGetConnection
[18/04/15 21:18:43 398][TRACE][PID:6704]AosuApp.AosuFramework.ADataLoader:CLoadData
[18/04/15 21:18:43 399][TRACE][PID:6704]AosuApp.AosuFramework.ADataSourceUtil:CGetConnection
[18/04/15 21:19:04 690][TRACE][PID:6704]AosuApp.AosuFramework.ADataLoader:CLoadData
[18/04/15 21:19:04 692][TRACE][PID:6704]AosuApp.AosuFramework.ADataSourceUtil:CGetConnection
[18/04/15 21:19:04 698][TRACE][PID:6704]AosuApp.AosuFramework.ADataLoader:CLoadData
[18/04/15 21:19:04 699][TRACE][PID:6704]AosuApp.AosuFramework.ADataSourceUtil:CGetConnection
[18/04/15 21:19:04 737][TRACE][PID:6704]AosuApp.AosuFramework.ADataLoader:CLoadData
[18/04/15 21:19:04 744][TRACE][PID:6704]AosuApp.AosuFramework.ADataSourceUtil:CGetConnection
[18/04/15 21:19:04 750][TRACE][PID:6704]AosuApp.AosuFramework.ADataLoader:CLoadData
[18/04/15 21:19:04 778][TRACE][PID:6704]AosuApp.AosuFramework.ADataSourceUtil:CGetConnection
[18/04/15 21:19:04 787][TRACE][PID:6704]AosuApp.AosuFramework.ALocalDataLoader:CLoadData
[18/04/15 21:19:04 976][TRACE][PID:6704]AosuApp.AosuFramework.ADataLoader:CLoadData
[18/04/15 21:19:04 977][TRACE][PID:6704]AosuApp.AosuFramework.ADataSourceUtil:CGetConnection
[18/04/15 21:19:06 937][TRACE][PID:6704]AosuApp.AosuFramework.ADataLoader:CLoadData
[18/04/15 21:19:06 957][TRACE][PID:6704]AosuApp.AosuFramework.ADataSourceUtil:CGetConnection
[18/04/15 21:19:06 960][TRACE][PID:6704]AosuApp.AosuFramework.ADataLoader:CLoadData
[18/04/15 21:19:06 961][TRACE][PID:6704]AosuApp.AosuFramework.ADataSourceUtil:CGetConnection
[18/04/15 21:19:07 454][TRACE][PID:6704]AosuApp.AosuFramework.ADataLoader:CLoadData
[18/04/15 21:19:07 456][TRACE][PID:6704]AosuApp.AosuFramework.ADataSourceUtil:CGetConnection
[18/04/15 21:19:09 767][TRACE][PID:6704]AosuApp.AosuFramework.ADataLoader:CLoadData
[18/04/15 21:19:09 814][TRACE][PID:6704]AosuApp.AosuFramework.ADataSourceUtil:CGetConnection
[18/04/15 21:19:09 859][TRACE][PID:6704]AosuApp.AosuFramework.ADataLoader:CLoadData
[18/04/15 21:19:09 861][TRACE][PID:6704]AosuApp.AosuFramework.ADataSourceUtil:CGetConnection
[18/04/15 21:19:09 886][TRACE][PID:6704]AosuApp.AosuFramework.ADataLoader:CLoadData
[18/04/15 21:19:09 888][TRACE][PID:6704]AosuApp.AosuFramework.ADataSourceUtil:CGetConnection
[18/04/15 21:19:09 891][TRACE][PID:6704]AosuApp.AosuFramework.ADataLoader:CLoadData
[18/04/15 21:19:09 892][TRACE][PID:6704]AosuApp.AosuFramework.ADataSourceUtil:CGetConnection
[18/04/15 21:19:09 896][TRACE][PID:6704]AosuApp.AosuFramework.ADataLoader:CLoadData
[18/04/15 21:19:09 898][TRACE][PID:6704]AosuApp.AosuFramework.ADataSourceUtil:CGetConnection
[18/04/15 21:19:09 938][TRACE][PID:6704]AosuApp.AosuFramework.ADataLoader:CLoadData
[18/04/15 21:19:09 959][TRACE][PID:6704]AosuApp.AosuFramework.ADataSourceUtil:CGetConnection
[18/04/15 21:19:09 971][TRACE][PID:6704]API.CP.BASE.Payment.TXFPaymentUtil:CGetQRImage
[18/04/15 21:21:47 798][TRACE][PID:6704]AosuApp.AosuFramework.ADataLoader:CLoadData
[18/04/15 21:21:47 813][TRACE][PID:6704]AosuApp.AosuFramework.ADataSourceUtil:CGetConnection
[18/04/15 21:21:47 826][TRACE][PID:6704]AosuApp.AosuFramework.ADataLoader:CLoadData
[18/04/15 21:21:47 827][TRACE][PID:6704]AosuApp.AosuFramework.ADataSourceUtil:CGetConnection
[18/04/15 21:21:47 834][TRACE][PID:6704]AosuApp.AosuFramework.ALocalDataLoader:CLoadData
[18/04/15 21:21:47 849][TRACE][PID:6704]API.CP.BASE.AAccountUtil:CGetJournalList
[18/04/15 21:21:47 853][TRACE][PID:6704]AosuApp.AosuFramework.ADataLoader:CLoadData
[18/04/15 21:21:47 854][TRACE][PID:6704]AosuApp.AosuFramework.ADataSourceUtil:CGetConnection
[18/04/15 21:21:47 959][TRACE][PID:6704]AosuApp.AosuFramework.ADataSourceUtil:CGetConnection
[18/04/15 21:21:48 198][TRACE][PID:6704]AosuApp.AosuFramework.ADataSourceUtil:CGetConnection
[18/04/15 21:21:48 436][TRACE][PID:6704]AosuApp.AosuFramework.ADataLoader:CLoadData
[18/04/15 21:21:48 442][TRACE][PID:6704]AosuApp.AosuFramework.ADataSourceUtil:CGetConnection
[18/04/15 21:21:48 446][TRACE][PID:6704]AosuApp.AosuFramework.ADataLoader:CLoadData
[18/04/15 21:21:48 456][TRACE][PID:6704]AosuApp.AosuFramework.ADataSourceUtil:CGetConnection
[18/04/15 21:21:48 943][TRACE][PID:6704]AosuApp.AosuFramework.ADataLoader:CLoadData
[18/04/15 21:21:48 947][TRACE][PID:6704]AosuApp.AosuFramework.ADataSourceUtil:CGetConnection
[18/04/15 21:21:54 705][TRACE][PID:6704]AosuApp.AosuFramework.ADataLoader:CLoadData
[18/04/15 21:21:54 708][TRACE][PID:6704]AosuApp.AosuFramework.ADataSourceUtil:CGetConnection
[18/04/15 21:21:54 711][TRACE][PID:6704]AosuApp.AosuFramework.ADataLoader:CLoadData
[18/04/15 21:21:54 713][TRACE][PID:6704]AosuApp.AosuFramework.ADataSourceUtil:CGetConnection
[18/04/15 21:21:54 718][TRACE][PID:6704]AosuApp.AosuFramework.ALocalDataLoader:CLoadData
[18/04/15 21:21:54 720][TRACE][PID:6704]AosuApp.AosuFramework.ADataLoader:CLoadData
[18/04/15 21:21:54 726][TRACE][PID:6704]AosuApp.AosuFramework.ADataSourceUtil:CGetConnection
[18/04/15 21:21:54 804][TRACE][PID:6704]AosuApp.AosuFramework.ADataLoader:CLoadData
[18/04/15 21:21:54 819][TRACE][PID:6704]AosuApp.AosuFramework.ADataSourceUtil:CGetConnection
[18/04/15 21:21:55 312][TRACE][PID:6704]AosuApp.AosuFramework.ADataLoader:CLoadData
[18/04/15 21:21:55 315][TRACE][PID:6704]AosuApp.AosuFramework.ADataSourceUtil:CGetConnection
[18/04/15 21:21:55 318][TRACE][PID:6704]AosuApp.AosuFramework.ADataLoader:CLoadData
[18/04/15 21:21:55 319][TRACE][PID:6704]AosuApp.AosuFramework.ADataSourceUtil:CGetConnection
[18/04/15 21:21:56 857][TRACE][PID:6704]AosuApp.AosuFramework.ADataLoader:CLoadData
[18/04/15 21:21:56 866][TRACE][PID:6704]AosuApp.AosuFramework.ADataSourceUtil:CGetConnection
[18/04/15 21:21:56 870][TRACE][PID:6704]AosuApp.AosuFramework.ADataLoader:CLoadData
[18/04/15 21:21:56 873][TRACE][PID:6704]AosuApp.AosuFramework.ADataSourceUtil:CGetConnection
[18/04/15 21:21:56 898][TRACE][PID:6704]AosuApp.AosuFramework.ADataLoader:CLoadData
[18/04/15 21:21:56 907][TRACE][PID:6704]AosuApp.AosuFramework.ADataSourceUtil:CGetConnection
[18/04/15 21:21:56 924][TRACE][PID:6704]AosuApp.AosuFramework.ADataLoader:CLoadData
[18/04/15 21:21:56 942][TRACE][PID:6704]AosuApp.AosuFramework.ADataSourceUtil:CGetConnection
[18/04/15 21:21:56 946][TRACE][PID:6704]AosuApp.AosuFramework.ADataLoader:CLoadData
[18/04/15 21:21:56 947][TRACE][PID:6704]AosuApp.AosuFramework.ADataSourceUtil:CGetConnection
[18/04/15 21:21:56 977][TRACE][PID:6704]AosuApp.AosuFramework.ADataLoader:CLoadData
[18/04/15 21:21:56 979][TRACE][PID:6704]AosuApp.AosuFramework.ADataSourceUtil:CGetConnection
[18/04/15 21:21:56 983][TRACE][PID:6704]API.CP.BASE.Payment.TXFPaymentUtil:CGetQRImage
[18/04/15 21:33:34 083][INFO ][PID:16656]开始!
[18/04/15 21:33:34 086][INFO ][PID:16656]启动路径：E:\workspace\CAIKA365\CAIKA365.WEB\
[18/04/15 21:33:34 087][INFO ][PID:16656]配置路径：E:\workspace\CAIKA365\CAIKA365.WEB\/Data/AosuConfig.xml
[18/04/15 21:33:34 093][TRACE][PID:16656]AosuApp.AosuFramework.AWSDataUtil:CLoadData
[18/04/15 21:33:34 137][TRACE][PID:16656]AosuApp.AosuFramework.AWSUtil:CServerState
[18/04/15 21:33:34 174][TRACE][PID:16656]AosuApp.AosuFramework.ALocalDataLoader:CLoadData
[18/04/15 21:33:34 176][ERROR][PID:16656]AosuApp.Web.WSHandler.xml不存在!
[18/04/15 21:33:34 431][TRACE][PID:16656]AosuApp.AosuFramework.ALocalDataLoader:CLoadData
[18/04/15 21:33:44 219][TRACE][PID:16656]AosuApp.AosuFramework.ALocalDataLoader:CLoadData
[18/04/15 21:33:55 928][TRACE][PID:16656]AosuApp.AosuFramework.ADataLoader:CLoadData
[18/04/15 21:33:55 939][TRACE][PID:16656]AosuApp.AosuFramework.ADataSourceUtil:CGetConnection
[18/04/15 21:33:56 054][TRACE][PID:16656]AosuApp.AosuSSO.APassport:CSignOn
[18/04/15 21:33:56 059][TRACE][PID:16656]AosuApp.AosuSSO.ADomain:CCheckLicense
[18/04/15 21:33:56 061][TRACE][PID:16656]AosuApp.AosuSSO.ADomain:CGetADomainDS
[18/04/15 21:33:56 064][TRACE][PID:16656]AosuApp.AosuFramework.ADataLoader:CLoadData
[18/04/15 21:33:56 065][TRACE][PID:16656]AosuApp.AosuFramework.ADataSourceUtil:CGetConnection
[18/04/15 21:33:56 079][TRACE][PID:16656]AosuApp.AosuFramework.ADataLoader:CLoadData
[18/04/15 21:33:56 080][TRACE][PID:16656]AosuApp.AosuFramework.ADataSourceUtil:CGetConnection
[18/04/15 21:33:56 098][TRACE][PID:16656]AosuApp.AosuFramework.ADataLoader:CLoadData
[18/04/15 21:33:56 103][TRACE][PID:16656]AosuApp.AosuFramework.ADataSourceUtil:CGetConnection
[18/04/15 21:33:56 115][TRACE][PID:16656]AosuApp.AosuFramework.ADataSourceUtil:CGetConnection
[18/04/15 21:33:56 175][TRACE][PID:16656]AosuApp.AosuSSO.APassport:CVerifyPasswrod
[18/04/15 21:33:56 178][TRACE][PID:16656]AosuApp.AosuFramework.ADataLoader:CLoadData
[18/04/15 21:33:56 181][TRACE][PID:16656]AosuApp.AosuFramework.ADataSourceUtil:CGetConnection
[18/04/15 21:33:56 186][TRACE][PID:16656]AosuApp.AosuFramework.ADataLoader:CPersistent
[18/04/15 21:33:56 195][TRACE][PID:16656]AosuApp.AosuFramework.ADataSourceUtil:CGetConnection
[18/04/15 21:33:56 238][TRACE][PID:16656]AosuApp.AosuFramework.ADataLoader:CLoadData
[18/04/15 21:33:56 239][TRACE][PID:16656]AosuApp.AosuFramework.ADataSourceUtil:CGetConnection
[18/04/15 21:33:56 243][TRACE][PID:16656]AosuApp.AosuFramework.ADataLoader:CPersistent
[18/04/15 21:33:56 244][TRACE][PID:16656]AosuApp.AosuFramework.ADataSourceUtil:CGetConnection
[18/04/15 21:33:56 299][TRACE][PID:16656]AosuApp.AosuFramework.ALocalDataLoader:CLoadData
[18/04/15 21:33:56 534][TRACE][PID:16656]AosuApp.AosuFramework.ADataLoader:CLoadData
[18/04/15 21:33:56 547][TRACE][PID:16656]AosuApp.AosuFramework.ADataSourceUtil:CGetConnection
[18/04/15 21:33:56 562][TRACE][PID:16656]AosuApp.AosuFramework.ADataLoader:CLoadData
[18/04/15 21:33:56 593][TRACE][PID:16656]AosuApp.AosuFramework.ADataSourceUtil:CGetConnection
[18/04/15 21:34:19 875][TRACE][PID:16656]AosuApp.AosuFramework.ADataLoader:CLoadData
[18/04/15 21:34:19 876][TRACE][PID:16656]AosuApp.AosuFramework.ADataSourceUtil:CGetConnection
[18/04/15 21:34:19 880][TRACE][PID:16656]AosuApp.AosuFramework.ADataLoader:CLoadData
[18/04/15 21:34:19 881][TRACE][PID:16656]AosuApp.AosuFramework.ADataSourceUtil:CGetConnection
[18/04/15 21:34:19 915][TRACE][PID:16656]AosuApp.AosuFramework.ADataLoader:CLoadData
[18/04/15 21:34:19 918][TRACE][PID:16656]AosuApp.AosuFramework.ADataSourceUtil:CGetConnection
[18/04/15 21:34:19 924][TRACE][PID:16656]AosuApp.AosuFramework.ADataLoader:CLoadData
[18/04/15 21:34:19 925][TRACE][PID:16656]AosuApp.AosuFramework.ADataSourceUtil:CGetConnection
[18/04/15 21:34:19 928][TRACE][PID:16656]AosuApp.AosuFramework.ALocalDataLoader:CLoadData
[18/04/15 21:34:20 168][TRACE][PID:16656]AosuApp.AosuFramework.ADataLoader:CLoadData
[18/04/15 21:34:20 170][TRACE][PID:16656]AosuApp.AosuFramework.ADataSourceUtil:CGetConnection
[18/04/15 21:34:21 279][TRACE][PID:16656]AosuApp.AosuFramework.ADataLoader:CLoadData
[18/04/15 21:34:21 285][TRACE][PID:16656]AosuApp.AosuFramework.ADataSourceUtil:CGetConnection
[18/04/15 21:34:21 296][TRACE][PID:16656]AosuApp.AosuFramework.ADataLoader:CLoadData
[18/04/15 21:34:21 301][TRACE][PID:16656]AosuApp.AosuFramework.ADataSourceUtil:CGetConnection
[18/04/15 21:34:21 459][TRACE][PID:16656]AosuApp.AosuFramework.ADataLoader:CLoadData
[18/04/15 21:34:21 475][TRACE][PID:16656]AosuApp.AosuFramework.ADataSourceUtil:CGetConnection
[18/04/15 21:34:23 508][TRACE][PID:16656]AosuApp.AosuFramework.ADataLoader:CLoadData
[18/04/15 21:34:23 511][TRACE][PID:16656]AosuApp.AosuFramework.ADataSourceUtil:CGetConnection
[18/04/15 21:34:23 514][TRACE][PID:16656]AosuApp.AosuFramework.ADataLoader:CLoadData
[18/04/15 21:34:23 515][TRACE][PID:16656]AosuApp.AosuFramework.ADataSourceUtil:CGetConnection
[18/04/15 21:34:23 564][TRACE][PID:16656]AosuApp.AosuFramework.ADataLoader:CLoadData
[18/04/15 21:34:23 638][TRACE][PID:16656]AosuApp.AosuFramework.ADataSourceUtil:CGetConnection
[18/04/15 21:34:23 645][TRACE][PID:16656]AosuApp.AosuFramework.ADataLoader:CLoadData
[18/04/15 21:34:23 657][TRACE][PID:16656]AosuApp.AosuFramework.ADataSourceUtil:CGetConnection
[18/04/15 21:34:23 662][TRACE][PID:16656]AosuApp.AosuFramework.ADataLoader:CLoadData
[18/04/15 21:34:23 674][TRACE][PID:16656]AosuApp.AosuFramework.ADataSourceUtil:CGetConnection
[18/04/15 21:34:23 705][TRACE][PID:16656]AosuApp.AosuFramework.ADataLoader:CLoadData
[18/04/15 21:34:23 721][TRACE][PID:16656]AosuApp.AosuFramework.ADataSourceUtil:CGetConnection
[18/04/15 21:34:23 733][TRACE][PID:16656]API.CP.BASE.Payment.TXFPaymentUtil:CGetQRImage
[18/04/15 21:34:47 860][TRACE][PID:16656]AosuApp.AosuFramework.ADataLoader:CLoadData
[18/04/15 21:34:47 871][TRACE][PID:16656]AosuApp.AosuFramework.ADataSourceUtil:CGetConnection
[18/04/15 21:34:47 874][TRACE][PID:16656]AosuApp.AosuFramework.ADataLoader:CLoadData
[18/04/15 21:34:47 876][TRACE][PID:16656]AosuApp.AosuFramework.ADataSourceUtil:CGetConnection
[18/04/15 21:34:47 916][TRACE][PID:16656]AosuApp.AosuFramework.ALocalDataLoader:CLoadData
[18/04/15 21:34:47 930][TRACE][PID:16656]API.CP.BASE.AAccountUtil:CGetJournalList
[18/04/15 21:34:47 934][TRACE][PID:16656]AosuApp.AosuFramework.ADataLoader:CLoadData
[18/04/15 21:34:47 936][TRACE][PID:16656]AosuApp.AosuFramework.ADataSourceUtil:CGetConnection
[18/04/15 21:34:47 942][TRACE][PID:16656]AosuApp.AosuFramework.ADataSourceUtil:CGetConnection
[18/04/15 21:34:47 947][TRACE][PID:16656]AosuApp.AosuFramework.ADataSourceUtil:CGetConnection
[18/04/15 21:34:48 191][TRACE][PID:16656]AosuApp.AosuFramework.ADataLoader:CLoadData
[18/04/15 21:34:48 192][TRACE][PID:16656]AosuApp.AosuFramework.ADataSourceUtil:CGetConnection
[18/04/15 21:34:48 195][TRACE][PID:16656]AosuApp.AosuFramework.ADataLoader:CLoadData
[18/04/15 21:34:48 197][TRACE][PID:16656]AosuApp.AosuFramework.ADataSourceUtil:CGetConnection
[18/04/15 21:34:48 705][TRACE][PID:16656]AosuApp.AosuFramework.ADataLoader:CLoadData
[18/04/15 21:34:48 708][TRACE][PID:16656]AosuApp.AosuFramework.ADataSourceUtil:CGetConnection
[18/04/15 21:34:50 421][TRACE][PID:16656]AosuApp.AosuFramework.ADataLoader:CLoadData
[18/04/15 21:34:50 439][TRACE][PID:16656]AosuApp.AosuFramework.ADataSourceUtil:CGetConnection
[18/04/15 21:34:50 455][TRACE][PID:16656]AosuApp.AosuFramework.ADataLoader:CLoadData
[18/04/15 21:34:50 457][TRACE][PID:16656]AosuApp.AosuFramework.ADataSourceUtil:CGetConnection
[18/04/15 21:34:50 464][TRACE][PID:16656]AosuApp.AosuFramework.ALocalDataLoader:CLoadData
[18/04/15 21:34:50 469][TRACE][PID:16656]AosuApp.AosuFramework.ADataLoader:CLoadData
[18/04/15 21:34:50 477][TRACE][PID:16656]AosuApp.AosuFramework.ADataSourceUtil:CGetConnection
[18/04/15 21:34:50 635][TRACE][PID:16656]AosuApp.AosuFramework.ADataLoader:CLoadData
[18/04/15 21:34:50 637][TRACE][PID:16656]AosuApp.AosuFramework.ADataSourceUtil:CGetConnection
[18/04/15 21:34:50 643][TRACE][PID:16656]AosuApp.AosuFramework.ADataLoader:CLoadData
[18/04/15 21:34:50 659][TRACE][PID:16656]AosuApp.AosuFramework.ADataSourceUtil:CGetConnection
[18/04/15 21:34:51 149][TRACE][PID:16656]AosuApp.AosuFramework.ADataLoader:CLoadData
[18/04/15 21:34:51 150][TRACE][PID:16656]AosuApp.AosuFramework.ADataSourceUtil:CGetConnection
[18/04/15 21:34:52 410][TRACE][PID:16656]AosuApp.AosuFramework.ADataLoader:CLoadData
[18/04/15 21:34:52 411][TRACE][PID:16656]AosuApp.AosuFramework.ADataSourceUtil:CGetConnection
[18/04/15 21:34:52 413][TRACE][PID:16656]AosuApp.AosuFramework.ADataLoader:CLoadData
[18/04/15 21:34:52 414][TRACE][PID:16656]AosuApp.AosuFramework.ADataSourceUtil:CGetConnection
[18/04/15 21:34:52 430][TRACE][PID:16656]AosuApp.AosuFramework.ADataLoader:CLoadData
[18/04/15 21:34:52 432][TRACE][PID:16656]AosuApp.AosuFramework.ADataSourceUtil:CGetConnection
[18/04/15 21:34:52 436][TRACE][PID:16656]AosuApp.AosuFramework.ADataLoader:CLoadData
[18/04/15 21:34:52 438][TRACE][PID:16656]AosuApp.AosuFramework.ADataSourceUtil:CGetConnection
[18/04/15 21:34:52 465][TRACE][PID:16656]AosuApp.AosuFramework.ADataLoader:CLoadData
[18/04/15 21:34:52 486][TRACE][PID:16656]AosuApp.AosuFramework.ADataSourceUtil:CGetConnection
[18/04/15 21:34:52 495][TRACE][PID:16656]AosuApp.AosuFramework.ADataLoader:CLoadData
[18/04/15 21:34:52 496][TRACE][PID:16656]AosuApp.AosuFramework.ADataSourceUtil:CGetConnection
[18/04/15 21:34:52 501][TRACE][PID:16656]API.CP.BASE.Payment.TXFPaymentUtil:CGetQRImage
[18/04/15 21:48:59 603][TRACE][PID:16656]AosuApp.AosuFramework.ADataLoader:CLoadData
[18/04/15 21:48:59 604][TRACE][PID:16656]AosuApp.AosuFramework.ADataSourceUtil:CGetConnection
[18/04/15 21:48:59 610][TRACE][PID:16656]AosuApp.AosuFramework.ADataLoader:CLoadData
[18/04/15 21:48:59 611][TRACE][PID:16656]AosuApp.AosuFramework.ADataSourceUtil:CGetConnection
[18/04/15 21:48:59 618][TRACE][PID:16656]AosuApp.AosuFramework.ALocalDataLoader:CLoadData
[18/04/15 21:48:59 623][TRACE][PID:16656]API.CP.BASE.AAccountUtil:CGetJournalList
[18/04/15 21:48:59 629][TRACE][PID:16656]AosuApp.AosuFramework.ADataLoader:CLoadData
[18/04/15 21:48:59 635][TRACE][PID:16656]AosuApp.AosuFramework.ADataSourceUtil:CGetConnection
[18/04/15 21:48:59 640][TRACE][PID:16656]AosuApp.AosuFramework.ADataSourceUtil:CGetConnection
[18/04/15 21:48:59 650][TRACE][PID:16656]AosuApp.AosuFramework.ADataSourceUtil:CGetConnection
[18/04/15 21:48:59 853][TRACE][PID:16656]AosuApp.AosuFramework.ADataLoader:CLoadData
[18/04/15 21:48:59 889][TRACE][PID:16656]AosuApp.AosuFramework.ADataSourceUtil:CGetConnection
[18/04/15 21:48:59 910][TRACE][PID:16656]AosuApp.AosuFramework.ADataLoader:CLoadData
[18/04/15 21:48:59 915][TRACE][PID:16656]AosuApp.AosuFramework.ADataSourceUtil:CGetConnection
[18/04/15 21:49:00 408][TRACE][PID:16656]AosuApp.AosuFramework.ADataLoader:CLoadData
[18/04/15 21:49:00 409][TRACE][PID:16656]AosuApp.AosuFramework.ADataSourceUtil:CGetConnection
[18/04/15 21:49:01 044][TRACE][PID:16656]AosuApp.AosuFramework.ADataLoader:CLoadData
[18/04/15 21:49:01 053][TRACE][PID:16656]AosuApp.AosuFramework.ADataSourceUtil:CGetConnection
[18/04/15 21:49:01 063][TRACE][PID:16656]AosuApp.AosuFramework.ADataLoader:CLoadData
[18/04/15 21:49:01 065][TRACE][PID:16656]AosuApp.AosuFramework.ADataSourceUtil:CGetConnection
[18/04/15 21:49:01 070][TRACE][PID:16656]AosuApp.AosuFramework.ALocalDataLoader:CLoadData
[18/04/15 21:49:01 072][TRACE][PID:16656]AosuApp.AosuFramework.ADataLoader:CLoadData
[18/04/15 21:49:01 073][TRACE][PID:16656]AosuApp.AosuFramework.ADataSourceUtil:CGetConnection
[18/04/15 21:49:01 154][TRACE][PID:16656]AosuApp.AosuFramework.ADataLoader:CLoadData
[18/04/15 21:49:01 160][TRACE][PID:16656]AosuApp.AosuFramework.ADataSourceUtil:CGetConnection
[18/04/15 21:49:01 166][TRACE][PID:16656]AosuApp.AosuFramework.ADataLoader:CLoadData
[18/04/15 21:49:01 179][TRACE][PID:16656]AosuApp.AosuFramework.ADataSourceUtil:CGetConnection
[18/04/15 21:49:01 683][TRACE][PID:16656]AosuApp.AosuFramework.ADataLoader:CLoadData
[18/04/15 21:49:01 684][TRACE][PID:16656]AosuApp.AosuFramework.ADataSourceUtil:CGetConnection
[18/04/15 21:49:05 659][TRACE][PID:16656]AosuApp.AosuFramework.ADataLoader:CLoadData
[18/04/15 21:49:05 660][TRACE][PID:16656]AosuApp.AosuFramework.ADataSourceUtil:CGetConnection
[18/04/15 21:49:05 667][TRACE][PID:16656]AosuApp.AosuFramework.ADataLoader:CLoadData
[18/04/15 21:49:05 702][TRACE][PID:16656]AosuApp.AosuFramework.ADataSourceUtil:CGetConnection
[18/04/15 21:49:05 731][TRACE][PID:16656]AosuApp.AosuFramework.ADataLoader:CLoadData
[18/04/15 21:49:05 733][TRACE][PID:16656]AosuApp.AosuFramework.ADataSourceUtil:CGetConnection
[18/04/15 21:49:05 737][TRACE][PID:16656]AosuApp.AosuFramework.ADataLoader:CLoadData
[18/04/15 21:49:05 755][TRACE][PID:16656]AosuApp.AosuFramework.ADataSourceUtil:CGetConnection
[18/04/15 21:49:05 761][TRACE][PID:16656]AosuApp.AosuFramework.ADataLoader:CLoadData
[18/04/15 21:49:05 786][TRACE][PID:16656]AosuApp.AosuFramework.ADataSourceUtil:CGetConnection
[18/04/15 21:49:05 793][TRACE][PID:16656]AosuApp.AosuFramework.ADataLoader:CLoadData
[18/04/15 21:49:05 797][TRACE][PID:16656]AosuApp.AosuFramework.ADataSourceUtil:CGetConnection
[18/04/15 21:49:05 802][TRACE][PID:16656]API.CP.BASE.Payment.TXFPaymentUtil:CGetQRImage
[18/04/15 22:19:12 719][TRACE][PID:16656]AosuApp.AosuFramework.ALocalDataLoader:CLoadData
[18/04/15 22:19:14 625][TRACE][PID:16656]AosuApp.AosuFramework.ALocalDataLoader:CLoadData
[18/04/15 22:19:27 825][TRACE][PID:16656]AosuApp.AosuFramework.ADataLoader:CLoadData
[18/04/15 22:19:27 827][TRACE][PID:16656]AosuApp.AosuFramework.ADataSourceUtil:CGetConnection
[18/04/15 22:19:27 871][TRACE][PID:16656]AosuApp.AosuSSO.APassport:CSignOn
[18/04/15 22:19:27 873][TRACE][PID:16656]AosuApp.AosuSSO.ADomain:CCheckLicense
[18/04/15 22:19:27 875][TRACE][PID:16656]AosuApp.AosuSSO.ADomain:CGetADomainDS
[18/04/15 22:19:27 876][TRACE][PID:16656]AosuApp.AosuFramework.ADataLoader:CLoadData
[18/04/15 22:19:27 877][TRACE][PID:16656]AosuApp.AosuFramework.ADataSourceUtil:CGetConnection
[18/04/15 22:19:27 883][TRACE][PID:16656]AosuApp.AosuFramework.ADataLoader:CLoadData
[18/04/15 22:19:27 884][TRACE][PID:16656]AosuApp.AosuFramework.ADataSourceUtil:CGetConnection
[18/04/15 22:19:27 900][TRACE][PID:16656]AosuApp.AosuFramework.ADataLoader:CLoadData
[18/04/15 22:19:27 902][TRACE][PID:16656]AosuApp.AosuFramework.ADataSourceUtil:CGetConnection
[18/04/15 22:19:27 916][TRACE][PID:16656]AosuApp.AosuFramework.ADataSourceUtil:CGetConnection
[18/04/15 22:19:27 923][TRACE][PID:16656]AosuApp.AosuSSO.APassport:CVerifyPasswrod
[18/04/15 22:19:27 931][TRACE][PID:16656]AosuApp.AosuFramework.ADataLoader:CLoadData
[18/04/15 22:19:27 932][TRACE][PID:16656]AosuApp.AosuFramework.ADataSourceUtil:CGetConnection
[18/04/15 22:19:27 938][TRACE][PID:16656]AosuApp.AosuFramework.ADataLoader:CPersistent
[18/04/15 22:19:27 940][TRACE][PID:16656]AosuApp.AosuFramework.ADataSourceUtil:CGetConnection
[18/04/15 22:19:27 952][TRACE][PID:16656]AosuApp.AosuFramework.ADataLoader:CLoadData
[18/04/15 22:19:27 953][TRACE][PID:16656]AosuApp.AosuFramework.ADataSourceUtil:CGetConnection
[18/04/15 22:19:27 958][TRACE][PID:16656]AosuApp.AosuFramework.ADataLoader:CPersistent
[18/04/15 22:19:27 959][TRACE][PID:16656]AosuApp.AosuFramework.ADataSourceUtil:CGetConnection
[18/04/15 22:19:27 996][TRACE][PID:16656]AosuApp.AosuFramework.ALocalDataLoader:CLoadData
[18/04/15 22:19:28 193][TRACE][PID:16656]AosuApp.AosuFramework.ADataLoader:CLoadData
[18/04/15 22:19:28 202][TRACE][PID:16656]AosuApp.AosuFramework.ADataSourceUtil:CGetConnection
[18/04/15 22:19:28 241][TRACE][PID:16656]AosuApp.AosuFramework.ADataLoader:CLoadData
[18/04/15 22:19:28 247][TRACE][PID:16656]AosuApp.AosuFramework.ADataSourceUtil:CGetConnection
[18/04/15 22:19:30 149][TRACE][PID:16656]AosuApp.AosuFramework.ADataLoader:CLoadData
[18/04/15 22:19:30 150][TRACE][PID:16656]AosuApp.AosuFramework.ADataSourceUtil:CGetConnection
[18/04/15 22:19:30 152][TRACE][PID:16656]AosuApp.AosuFramework.ADataLoader:CLoadData
[18/04/15 22:19:30 153][TRACE][PID:16656]AosuApp.AosuFramework.ADataSourceUtil:CGetConnection
[18/04/15 22:19:30 173][TRACE][PID:16656]AosuApp.AosuFramework.ADataLoader:CLoadData
[18/04/15 22:19:30 175][TRACE][PID:16656]AosuApp.AosuFramework.ADataSourceUtil:CGetConnection
[18/04/15 22:19:30 177][TRACE][PID:16656]AosuApp.AosuFramework.ADataLoader:CLoadData
[18/04/15 22:19:30 177][TRACE][PID:16656]AosuApp.AosuFramework.ADataSourceUtil:CGetConnection
[18/04/15 22:19:30 181][TRACE][PID:16656]AosuApp.AosuFramework.ALocalDataLoader:CLoadData
[18/04/15 22:19:30 182][TRACE][PID:16656]AosuApp.AosuFramework.ADataLoader:CLoadData
[18/04/15 22:19:30 183][TRACE][PID:16656]AosuApp.AosuFramework.ADataSourceUtil:CGetConnection
[18/04/15 22:19:30 256][TRACE][PID:16656]AosuApp.AosuFramework.ADataLoader:CLoadData
[18/04/15 22:19:30 319][TRACE][PID:16656]AosuApp.AosuFramework.ADataSourceUtil:CGetConnection
[18/04/15 22:19:30 322][TRACE][PID:16656]AosuApp.AosuFramework.ADataLoader:CLoadData
[18/04/15 22:19:30 334][TRACE][PID:16656]AosuApp.AosuFramework.ADataSourceUtil:CGetConnection
[18/04/15 22:19:30 826][TRACE][PID:16656]AosuApp.AosuFramework.ADataLoader:CLoadData
[18/04/15 22:19:30 829][TRACE][PID:16656]AosuApp.AosuFramework.ADataSourceUtil:CGetConnection
[18/04/15 22:19:32 207][TRACE][PID:16656]AosuApp.AosuFramework.ADataLoader:CLoadData
[18/04/15 22:19:32 210][TRACE][PID:16656]AosuApp.AosuFramework.ADataSourceUtil:CGetConnection
[18/04/15 22:19:32 213][TRACE][PID:16656]AosuApp.AosuFramework.ADataLoader:CLoadData
[18/04/15 22:19:32 215][TRACE][PID:16656]AosuApp.AosuFramework.ADataSourceUtil:CGetConnection
[18/04/15 22:19:32 235][TRACE][PID:16656]AosuApp.AosuFramework.ADataLoader:CLoadData
[18/04/15 22:19:32 237][TRACE][PID:16656]AosuApp.AosuFramework.ADataSourceUtil:CGetConnection
[18/04/15 22:19:32 243][TRACE][PID:16656]AosuApp.AosuFramework.ADataLoader:CLoadData
[18/04/15 22:19:32 245][TRACE][PID:16656]AosuApp.AosuFramework.ADataSourceUtil:CGetConnection
[18/04/15 22:19:32 262][TRACE][PID:16656]AosuApp.AosuFramework.ADataLoader:CLoadData
[18/04/15 22:19:32 279][TRACE][PID:16656]AosuApp.AosuFramework.ADataSourceUtil:CGetConnection
[18/04/15 22:19:32 291][TRACE][PID:16656]AosuApp.AosuFramework.ADataLoader:CLoadData
[18/04/15 22:19:32 293][TRACE][PID:16656]AosuApp.AosuFramework.ADataSourceUtil:CGetConnection
[18/04/15 22:19:32 301][TRACE][PID:16656]API.CP.BASE.Payment.TXFPaymentUtil:CGetQRImage
[18/04/15 22:21:30 737][TRACE][PID:16656]AosuApp.AosuFramework.ADataLoader:CLoadData
[18/04/15 22:21:30 738][TRACE][PID:16656]AosuApp.AosuFramework.ADataSourceUtil:CGetConnection
[18/04/15 22:21:30 742][TRACE][PID:16656]AosuApp.AosuFramework.ADataLoader:CLoadData
[18/04/15 22:21:30 743][TRACE][PID:16656]AosuApp.AosuFramework.ADataSourceUtil:CGetConnection
[18/04/15 22:21:30 754][TRACE][PID:16656]AosuApp.AosuFramework.ALocalDataLoader:CLoadData
[18/04/15 22:21:30 757][TRACE][PID:16656]API.CP.BASE.AAccountUtil:CGetJournalList
[18/04/15 22:21:30 759][TRACE][PID:16656]AosuApp.AosuFramework.ADataLoader:CLoadData
[18/04/15 22:21:30 768][TRACE][PID:16656]AosuApp.AosuFramework.ADataSourceUtil:CGetConnection
[18/04/15 22:21:30 788][TRACE][PID:16656]AosuApp.AosuFramework.ADataSourceUtil:CGetConnection
[18/04/15 22:21:30 794][TRACE][PID:16656]AosuApp.AosuFramework.ADataSourceUtil:CGetConnection
[18/04/15 22:21:30 925][TRACE][PID:16656]AosuApp.AosuFramework.ADataLoader:CLoadData
[18/04/15 22:21:30 934][TRACE][PID:16656]AosuApp.AosuFramework.ADataSourceUtil:CGetConnection
[18/04/15 22:21:30 983][TRACE][PID:16656]AosuApp.AosuFramework.ADataLoader:CLoadData
[18/04/15 22:21:30 989][TRACE][PID:16656]AosuApp.AosuFramework.ADataSourceUtil:CGetConnection
[18/04/15 22:21:31 453][TRACE][PID:16656]AosuApp.AosuFramework.ADataLoader:CLoadData
[18/04/15 22:21:31 455][TRACE][PID:16656]AosuApp.AosuFramework.ADataSourceUtil:CGetConnection
[18/04/15 22:21:32 745][TRACE][PID:16656]AosuApp.AosuFramework.ADataLoader:CLoadData
[18/04/15 22:21:32 746][TRACE][PID:16656]AosuApp.AosuFramework.ADataSourceUtil:CGetConnection
[18/04/15 22:21:32 748][TRACE][PID:16656]AosuApp.AosuFramework.ADataLoader:CLoadData
[18/04/15 22:21:32 749][TRACE][PID:16656]AosuApp.AosuFramework.ADataSourceUtil:CGetConnection
[18/04/15 22:21:32 753][TRACE][PID:16656]AosuApp.AosuFramework.ALocalDataLoader:CLoadData
[18/04/15 22:21:32 754][TRACE][PID:16656]AosuApp.AosuFramework.ADataLoader:CLoadData
[18/04/15 22:21:32 755][TRACE][PID:16656]AosuApp.AosuFramework.ADataSourceUtil:CGetConnection
[18/04/15 22:21:32 802][TRACE][PID:16656]AosuApp.AosuFramework.ADataLoader:CLoadData
[18/04/15 22:21:32 805][TRACE][PID:16656]AosuApp.AosuFramework.ADataSourceUtil:CGetConnection
[18/04/15 22:21:32 809][TRACE][PID:16656]AosuApp.AosuFramework.ADataLoader:CLoadData
[18/04/15 22:21:32 810][TRACE][PID:16656]AosuApp.AosuFramework.ADataSourceUtil:CGetConnection
[18/04/15 22:21:33 317][TRACE][PID:16656]AosuApp.AosuFramework.ADataLoader:CLoadData
[18/04/15 22:21:33 318][TRACE][PID:16656]AosuApp.AosuFramework.ADataSourceUtil:CGetConnection
[18/04/15 22:21:35 004][TRACE][PID:16656]AosuApp.AosuFramework.ADataLoader:CLoadData
[18/04/15 22:21:35 005][TRACE][PID:16656]AosuApp.AosuFramework.ADataSourceUtil:CGetConnection
[18/04/15 22:21:35 008][TRACE][PID:16656]AosuApp.AosuFramework.ADataLoader:CLoadData
[18/04/15 22:21:35 009][TRACE][PID:16656]AosuApp.AosuFramework.ADataSourceUtil:CGetConnection
[18/04/15 22:21:35 026][TRACE][PID:16656]AosuApp.AosuFramework.ADataLoader:CLoadData
[18/04/15 22:21:35 029][TRACE][PID:16656]AosuApp.AosuFramework.ADataSourceUtil:CGetConnection
[18/04/15 22:21:35 034][TRACE][PID:16656]AosuApp.AosuFramework.ADataLoader:CLoadData
[18/04/15 22:21:35 035][TRACE][PID:16656]AosuApp.AosuFramework.ADataSourceUtil:CGetConnection
[18/04/15 22:21:35 042][TRACE][PID:16656]AosuApp.AosuFramework.ADataLoader:CLoadData
[18/04/15 22:21:35 056][TRACE][PID:16656]AosuApp.AosuFramework.ADataSourceUtil:CGetConnection
[18/04/15 22:21:35 067][TRACE][PID:16656]AosuApp.AosuFramework.ADataLoader:CLoadData
[18/04/15 22:21:35 071][TRACE][PID:16656]AosuApp.AosuFramework.ADataSourceUtil:CGetConnection
[18/04/15 22:21:35 076][TRACE][PID:16656]API.CP.BASE.Payment.TXFPaymentUtil:CGetQRImage
[18/04/15 22:32:48 729][TRACE][PID:16656]AosuApp.AosuFramework.ADataLoader:CLoadData
[18/04/15 22:32:48 735][TRACE][PID:16656]AosuApp.AosuFramework.ADataSourceUtil:CGetConnection
[18/04/15 22:32:48 759][TRACE][PID:16656]AosuApp.AosuFramework.ADataLoader:CLoadData
[18/04/15 22:32:48 764][TRACE][PID:16656]AosuApp.AosuFramework.ADataSourceUtil:CGetConnection
[18/04/15 22:32:48 771][TRACE][PID:16656]AosuApp.AosuFramework.ALocalDataLoader:CLoadData
[18/04/15 22:32:48 773][TRACE][PID:16656]API.CP.BASE.AAccountUtil:CGetJournalList
[18/04/15 22:32:48 775][TRACE][PID:16656]AosuApp.AosuFramework.ADataLoader:CLoadData
[18/04/15 22:32:48 776][TRACE][PID:16656]AosuApp.AosuFramework.ADataSourceUtil:CGetConnection
[18/04/15 22:32:48 781][TRACE][PID:16656]AosuApp.AosuFramework.ADataSourceUtil:CGetConnection
[18/04/15 22:32:48 797][TRACE][PID:16656]AosuApp.AosuFramework.ADataSourceUtil:CGetConnection
[18/04/15 22:32:48 969][TRACE][PID:16656]AosuApp.AosuFramework.ADataLoader:CLoadData
[18/04/15 22:32:49 038][TRACE][PID:16656]AosuApp.AosuFramework.ADataSourceUtil:CGetConnection
[18/04/15 22:32:49 059][TRACE][PID:16656]AosuApp.AosuFramework.ADataLoader:CLoadData
[18/04/15 22:32:49 064][TRACE][PID:16656]AosuApp.AosuFramework.ADataSourceUtil:CGetConnection
[18/04/15 22:32:49 504][TRACE][PID:16656]AosuApp.AosuFramework.ADataLoader:CLoadData
[18/04/15 22:32:49 505][TRACE][PID:16656]AosuApp.AosuFramework.ADataSourceUtil:CGetConnection
[18/04/15 22:32:50 972][TRACE][PID:16656]AosuApp.AosuFramework.ADataLoader:CLoadData
[18/04/15 22:32:50 976][TRACE][PID:16656]AosuApp.AosuFramework.ADataSourceUtil:CGetConnection
[18/04/15 22:32:50 994][TRACE][PID:16656]AosuApp.AosuFramework.ADataLoader:CLoadData
[18/04/15 22:32:50 996][TRACE][PID:16656]AosuApp.AosuFramework.ADataSourceUtil:CGetConnection
[18/04/15 22:32:51 000][TRACE][PID:16656]AosuApp.AosuFramework.ALocalDataLoader:CLoadData
[18/04/15 22:32:51 002][TRACE][PID:16656]AosuApp.AosuFramework.ADataLoader:CLoadData
[18/04/15 22:32:51 006][TRACE][PID:16656]AosuApp.AosuFramework.ADataSourceUtil:CGetConnection
[18/04/15 22:32:51 073][TRACE][PID:16656]AosuApp.AosuFramework.ADataLoader:CLoadData
[18/04/15 22:32:51 117][TRACE][PID:16656]AosuApp.AosuFramework.ADataSourceUtil:CGetConnection
[18/04/15 22:32:51 129][TRACE][PID:16656]AosuApp.AosuFramework.ADataLoader:CLoadData
[18/04/15 22:32:51 134][TRACE][PID:16656]AosuApp.AosuFramework.ADataSourceUtil:CGetConnection
[18/04/15 22:32:51 578][TRACE][PID:16656]AosuApp.AosuFramework.ADataLoader:CLoadData
[18/04/15 22:32:51 580][TRACE][PID:16656]AosuApp.AosuFramework.ADataSourceUtil:CGetConnection
[18/04/15 22:32:52 864][TRACE][PID:16656]AosuApp.AosuFramework.ADataLoader:CLoadData
[18/04/15 22:32:52 864][TRACE][PID:16656]AosuApp.AosuFramework.ADataSourceUtil:CGetConnection
[18/04/15 22:32:52 866][TRACE][PID:16656]AosuApp.AosuFramework.ADataLoader:CLoadData
[18/04/15 22:32:52 867][TRACE][PID:16656]AosuApp.AosuFramework.ADataSourceUtil:CGetConnection
[18/04/15 22:32:52 897][TRACE][PID:16656]AosuApp.AosuFramework.ADataLoader:CLoadData
[18/04/15 22:32:52 899][TRACE][PID:16656]AosuApp.AosuFramework.ADataSourceUtil:CGetConnection
[18/04/15 22:32:52 928][TRACE][PID:16656]AosuApp.AosuFramework.ADataLoader:CLoadData
[18/04/15 22:32:52 929][TRACE][PID:16656]AosuApp.AosuFramework.ADataSourceUtil:CGetConnection
[18/04/15 22:32:52 933][TRACE][PID:16656]AosuApp.AosuFramework.ADataLoader:CLoadData
[18/04/15 22:32:52 934][TRACE][PID:16656]AosuApp.AosuFramework.ADataSourceUtil:CGetConnection
[18/04/15 22:32:52 944][TRACE][PID:16656]AosuApp.AosuFramework.ADataLoader:CLoadData
[18/04/15 22:32:52 945][TRACE][PID:16656]AosuApp.AosuFramework.ADataSourceUtil:CGetConnection
[18/04/15 22:32:52 949][TRACE][PID:16656]API.CP.BASE.Payment.TXFPaymentUtil:CGetQRImage
[18/04/15 22:39:25 926][TRACE][PID:16656]AosuApp.AosuFramework.ADataLoader:CLoadData
[18/04/15 22:39:25 929][TRACE][PID:16656]AosuApp.AosuFramework.ADataSourceUtil:CGetConnection
[18/04/15 22:39:25 939][TRACE][PID:16656]AosuApp.AosuFramework.ADataLoader:CLoadData
[18/04/15 22:39:25 941][TRACE][PID:16656]AosuApp.AosuFramework.ADataSourceUtil:CGetConnection
[18/04/15 22:39:25 948][TRACE][PID:16656]AosuApp.AosuFramework.ALocalDataLoader:CLoadData
[18/04/15 22:39:25 955][TRACE][PID:16656]API.CP.BASE.AAccountUtil:CGetJournalList
[18/04/15 22:39:25 957][TRACE][PID:16656]AosuApp.AosuFramework.ADataLoader:CLoadData
[18/04/15 22:39:25 959][TRACE][PID:16656]AosuApp.AosuFramework.ADataSourceUtil:CGetConnection
[18/04/15 22:39:25 970][TRACE][PID:16656]AosuApp.AosuFramework.ADataSourceUtil:CGetConnection
[18/04/15 22:39:25 975][TRACE][PID:16656]AosuApp.AosuFramework.ADataSourceUtil:CGetConnection
[18/04/15 22:39:26 106][TRACE][PID:16656]AosuApp.AosuFramework.ADataLoader:CLoadData
[18/04/15 22:39:26 116][TRACE][PID:16656]AosuApp.AosuFramework.ADataSourceUtil:CGetConnection
[18/04/15 22:39:26 133][TRACE][PID:16656]AosuApp.AosuFramework.ADataLoader:CLoadData
[18/04/15 22:39:26 159][TRACE][PID:16656]AosuApp.AosuFramework.ADataSourceUtil:CGetConnection
[18/04/15 22:39:26 620][TRACE][PID:16656]AosuApp.AosuFramework.ADataLoader:CLoadData
[18/04/15 22:39:26 636][TRACE][PID:16656]AosuApp.AosuFramework.ADataSourceUtil:CGetConnection
[18/04/15 22:41:46 600][TRACE][PID:16656]AosuApp.AosuFramework.ADataLoader:CLoadData
[18/04/15 22:41:46 602][TRACE][PID:16656]AosuApp.AosuFramework.ADataSourceUtil:CGetConnection
[18/04/15 22:41:46 615][TRACE][PID:16656]AosuApp.AosuFramework.ADataLoader:CLoadData
[18/04/15 22:41:46 617][TRACE][PID:16656]AosuApp.AosuFramework.ADataSourceUtil:CGetConnection
[18/04/15 22:41:46 624][TRACE][PID:16656]AosuApp.AosuFramework.ALocalDataLoader:CLoadData
[18/04/15 22:41:46 630][TRACE][PID:16656]AosuApp.AosuFramework.ADataLoader:CLoadData
[18/04/15 22:41:46 644][TRACE][PID:16656]AosuApp.AosuFramework.ADataSourceUtil:CGetConnection
[18/04/15 22:41:46 722][TRACE][PID:16656]AosuApp.AosuFramework.ADataLoader:CLoadData
[18/04/15 22:41:46 734][TRACE][PID:16656]AosuApp.AosuFramework.ADataSourceUtil:CGetConnection
[18/04/15 22:41:46 771][TRACE][PID:16656]AosuApp.AosuFramework.ADataLoader:CLoadData
[18/04/15 22:41:46 776][TRACE][PID:16656]AosuApp.AosuFramework.ADataSourceUtil:CGetConnection
[18/04/15 22:41:47 263][TRACE][PID:16656]AosuApp.AosuFramework.ADataLoader:CLoadData
[18/04/15 22:41:47 267][TRACE][PID:16656]AosuApp.AosuFramework.ADataSourceUtil:CGetConnection
[18/04/15 22:41:48 589][TRACE][PID:16656]AosuApp.AosuFramework.ADataLoader:CLoadData
[18/04/15 22:41:48 590][TRACE][PID:16656]AosuApp.AosuFramework.ADataSourceUtil:CGetConnection
[18/04/15 22:41:48 593][TRACE][PID:16656]AosuApp.AosuFramework.ADataLoader:CLoadData
[18/04/15 22:41:48 594][TRACE][PID:16656]AosuApp.AosuFramework.ADataSourceUtil:CGetConnection
[18/04/15 22:41:48 648][TRACE][PID:16656]AosuApp.AosuFramework.ADataLoader:CLoadData
[18/04/15 22:41:48 651][TRACE][PID:16656]AosuApp.AosuFramework.ADataSourceUtil:CGetConnection
[18/04/15 22:41:48 654][TRACE][PID:16656]AosuApp.AosuFramework.ADataLoader:CLoadData
[18/04/15 22:41:48 660][TRACE][PID:16656]AosuApp.AosuFramework.ADataSourceUtil:CGetConnection
[18/04/15 22:41:48 670][TRACE][PID:16656]AosuApp.AosuFramework.ADataLoader:CLoadData
[18/04/15 22:41:48 701][TRACE][PID:16656]AosuApp.AosuFramework.ADataSourceUtil:CGetConnection
[18/04/15 22:41:48 717][TRACE][PID:16656]AosuApp.AosuFramework.ADataLoader:CLoadData
[18/04/15 22:41:48 718][TRACE][PID:16656]AosuApp.AosuFramework.ADataSourceUtil:CGetConnection
[18/04/15 22:41:48 720][TRACE][PID:16656]API.CP.BASE.Payment.TXFPaymentUtil:CGetQRImage
[18/04/15 22:52:41 441][TRACE][PID:16656]AosuApp.AosuFramework.ADataLoader:CLoadData
[18/04/15 22:52:41 443][TRACE][PID:16656]AosuApp.AosuFramework.ADataSourceUtil:CGetConnection
[18/04/15 22:52:41 457][TRACE][PID:16656]AosuApp.AosuFramework.ADataLoader:CLoadData
[18/04/15 22:52:41 458][TRACE][PID:16656]AosuApp.AosuFramework.ADataSourceUtil:CGetConnection
[18/04/15 22:52:41 471][TRACE][PID:16656]AosuApp.AosuFramework.ALocalDataLoader:CLoadData
[18/04/15 22:52:41 473][TRACE][PID:16656]API.CP.BASE.AAccountUtil:CGetJournalList
[18/04/15 22:52:41 474][TRACE][PID:16656]AosuApp.AosuFramework.ADataLoader:CLoadData
[18/04/15 22:52:41 477][TRACE][PID:16656]AosuApp.AosuFramework.ADataSourceUtil:CGetConnection
[18/04/15 22:52:41 488][TRACE][PID:16656]AosuApp.AosuFramework.ADataSourceUtil:CGetConnection
[18/04/15 22:52:41 495][TRACE][PID:16656]AosuApp.AosuFramework.ADataSourceUtil:CGetConnection
[18/04/15 22:52:41 565][TRACE][PID:16656]AosuApp.AosuFramework.ADataLoader:CLoadData
[18/04/15 22:52:41 642][TRACE][PID:16656]AosuApp.AosuFramework.ADataSourceUtil:CGetConnection
[18/04/15 22:52:41 650][TRACE][PID:16656]AosuApp.AosuFramework.ADataLoader:CLoadData
[18/04/15 22:52:41 651][TRACE][PID:16656]AosuApp.AosuFramework.ADataSourceUtil:CGetConnection
[18/04/15 22:52:42 115][TRACE][PID:16656]AosuApp.AosuFramework.ADataLoader:CLoadData
[18/04/15 22:52:42 116][TRACE][PID:16656]AosuApp.AosuFramework.ADataSourceUtil:CGetConnection
[18/04/15 22:52:43 955][TRACE][PID:16656]AosuApp.AosuFramework.ADataLoader:CLoadData
[18/04/15 22:52:43 968][TRACE][PID:16656]AosuApp.AosuFramework.ADataSourceUtil:CGetConnection
[18/04/15 22:52:44 014][TRACE][PID:16656]AosuApp.AosuFramework.ADataLoader:CLoadData
[18/04/15 22:52:44 030][TRACE][PID:16656]AosuApp.AosuFramework.ADataSourceUtil:CGetConnection
[18/04/15 22:52:44 035][TRACE][PID:16656]AosuApp.AosuFramework.ALocalDataLoader:CLoadData
[18/04/15 22:52:44 049][TRACE][PID:16656]AosuApp.AosuFramework.ADataLoader:CLoadData
[18/04/15 22:52:44 065][TRACE][PID:16656]AosuApp.AosuFramework.ADataSourceUtil:CGetConnection
[18/04/15 22:52:44 155][TRACE][PID:16656]AosuApp.AosuFramework.ADataLoader:CLoadData
[18/04/15 22:52:44 173][TRACE][PID:16656]AosuApp.AosuFramework.ADataSourceUtil:CGetConnection
[18/04/15 22:52:44 201][TRACE][PID:16656]AosuApp.AosuFramework.ADataLoader:CLoadData
[18/04/15 22:52:44 207][TRACE][PID:16656]AosuApp.AosuFramework.ADataSourceUtil:CGetConnection
[18/04/15 22:52:44 674][TRACE][PID:16656]AosuApp.AosuFramework.ADataLoader:CLoadData
[18/04/15 22:52:44 675][TRACE][PID:16656]AosuApp.AosuFramework.ADataSourceUtil:CGetConnection
[18/04/15 22:52:45 607][TRACE][PID:16656]AosuApp.AosuFramework.ADataLoader:CLoadData
[18/04/15 22:52:45 608][TRACE][PID:16656]AosuApp.AosuFramework.ADataSourceUtil:CGetConnection
[18/04/15 22:52:45 610][TRACE][PID:16656]AosuApp.AosuFramework.ADataLoader:CLoadData
[18/04/15 22:52:45 611][TRACE][PID:16656]AosuApp.AosuFramework.ADataSourceUtil:CGetConnection
[18/04/15 22:52:45 625][TRACE][PID:16656]AosuApp.AosuFramework.ADataLoader:CLoadData
[18/04/15 22:52:45 626][TRACE][PID:16656]AosuApp.AosuFramework.ADataSourceUtil:CGetConnection
[18/04/15 22:52:45 630][TRACE][PID:16656]AosuApp.AosuFramework.ADataLoader:CLoadData
[18/04/15 22:52:45 631][TRACE][PID:16656]AosuApp.AosuFramework.ADataSourceUtil:CGetConnection
[18/04/15 22:52:45 637][TRACE][PID:16656]AosuApp.AosuFramework.ADataLoader:CLoadData
[18/04/15 22:52:45 638][TRACE][PID:16656]AosuApp.AosuFramework.ADataSourceUtil:CGetConnection
[18/04/15 22:52:45 654][TRACE][PID:16656]AosuApp.AosuFramework.ADataLoader:CLoadData
[18/04/15 22:52:45 656][TRACE][PID:16656]AosuApp.AosuFramework.ADataSourceUtil:CGetConnection
[18/04/15 22:52:45 669][TRACE][PID:16656]API.CP.BASE.Payment.TXFPaymentUtil:CGetQRImage
[18/04/15 23:06:27 539][TRACE][PID:16656]AosuApp.AosuFramework.ADataLoader:CLoadData
[18/04/15 23:06:27 544][TRACE][PID:16656]AosuApp.AosuFramework.ADataSourceUtil:CGetConnection
[18/04/15 23:06:27 566][TRACE][PID:16656]AosuApp.AosuFramework.ADataLoader:CLoadData
[18/04/15 23:06:27 577][TRACE][PID:16656]AosuApp.AosuFramework.ADataSourceUtil:CGetConnection
[18/04/15 23:06:27 588][TRACE][PID:16656]AosuApp.AosuFramework.ALocalDataLoader:CLoadData
[18/04/15 23:06:27 591][TRACE][PID:16656]API.CP.BASE.AAccountUtil:CGetJournalList
[18/04/15 23:06:27 595][TRACE][PID:16656]AosuApp.AosuFramework.ADataLoader:CLoadData
[18/04/15 23:06:27 598][TRACE][PID:16656]AosuApp.AosuFramework.ADataSourceUtil:CGetConnection
[18/04/15 23:06:27 603][TRACE][PID:16656]AosuApp.AosuFramework.ADataSourceUtil:CGetConnection
[18/04/15 23:06:27 608][TRACE][PID:16656]AosuApp.AosuFramework.ADataSourceUtil:CGetConnection
[18/04/15 23:06:27 821][TRACE][PID:16656]AosuApp.AosuFramework.ADataLoader:CLoadData
[18/04/15 23:06:27 822][TRACE][PID:16656]AosuApp.AosuFramework.ADataSourceUtil:CGetConnection
[18/04/15 23:06:27 826][TRACE][PID:16656]AosuApp.AosuFramework.ADataLoader:CLoadData
[18/04/15 23:06:27 831][TRACE][PID:16656]AosuApp.AosuFramework.ADataSourceUtil:CGetConnection
[18/04/15 23:06:28 330][TRACE][PID:16656]AosuApp.AosuFramework.ADataLoader:CLoadData
[18/04/15 23:06:28 334][TRACE][PID:16656]AosuApp.AosuFramework.ADataSourceUtil:CGetConnection
[18/04/15 23:06:30 807][TRACE][PID:16656]AosuApp.AosuFramework.ADataLoader:CLoadData
[18/04/15 23:06:30 813][TRACE][PID:16656]AosuApp.AosuFramework.ADataSourceUtil:CGetConnection
[18/04/15 23:06:30 834][TRACE][PID:16656]AosuApp.AosuFramework.ADataLoader:CLoadData
[18/04/15 23:06:30 849][TRACE][PID:16656]AosuApp.AosuFramework.ADataSourceUtil:CGetConnection
[18/04/15 23:06:30 854][TRACE][PID:16656]AosuApp.AosuFramework.ALocalDataLoader:CLoadData
[18/04/15 23:06:30 858][TRACE][PID:16656]AosuApp.AosuFramework.ADataLoader:CLoadData
[18/04/15 23:06:30 862][TRACE][PID:16656]AosuApp.AosuFramework.ADataSourceUtil:CGetConnection
[18/04/15 23:06:30 922][TRACE][PID:16656]AosuApp.AosuFramework.ADataLoader:CLoadData
[18/04/15 23:06:30 978][TRACE][PID:16656]AosuApp.AosuFramework.ADataSourceUtil:CGetConnection
[18/04/15 23:06:30 994][TRACE][PID:16656]AosuApp.AosuFramework.ADataLoader:CLoadData
[18/04/15 23:06:30 996][TRACE][PID:16656]AosuApp.AosuFramework.ADataSourceUtil:CGetConnection
[18/04/15 23:06:31 450][TRACE][PID:16656]AosuApp.AosuFramework.ADataLoader:CLoadData
[18/04/15 23:06:31 452][TRACE][PID:16656]AosuApp.AosuFramework.ADataSourceUtil:CGetConnection
[18/04/15 23:06:32 644][TRACE][PID:16656]AosuApp.AosuFramework.ADataLoader:CLoadData
[18/04/15 23:06:32 653][TRACE][PID:16656]AosuApp.AosuFramework.ADataSourceUtil:CGetConnection
[18/04/15 23:06:32 670][TRACE][PID:16656]AosuApp.AosuFramework.ADataLoader:CLoadData
[18/04/15 23:06:32 672][TRACE][PID:16656]AosuApp.AosuFramework.ADataSourceUtil:CGetConnection
[18/04/15 23:06:32 697][TRACE][PID:16656]AosuApp.AosuFramework.ADataLoader:CLoadData
[18/04/15 23:06:32 703][TRACE][PID:16656]AosuApp.AosuFramework.ADataSourceUtil:CGetConnection
[18/04/15 23:06:32 706][TRACE][PID:16656]AosuApp.AosuFramework.ADataLoader:CLoadData
[18/04/15 23:06:32 708][TRACE][PID:16656]AosuApp.AosuFramework.ADataSourceUtil:CGetConnection
[18/04/15 23:06:32 714][TRACE][PID:16656]AosuApp.AosuFramework.ADataLoader:CLoadData
[18/04/15 23:06:32 717][TRACE][PID:16656]AosuApp.AosuFramework.ADataSourceUtil:CGetConnection
[18/04/15 23:06:32 725][TRACE][PID:16656]AosuApp.AosuFramework.ADataLoader:CLoadData
[18/04/15 23:06:32 745][TRACE][PID:16656]AosuApp.AosuFramework.ADataSourceUtil:CGetConnection
[18/04/15 23:06:32 749][TRACE][PID:16656]API.CP.BASE.Payment.TXFPaymentUtil:CGetQRImage
[18/04/15 23:07:07 025][TRACE][PID:16656]AosuApp.AosuFramework.ADataLoader:CLoadData
[18/04/15 23:07:07 026][TRACE][PID:16656]AosuApp.AosuFramework.ADataSourceUtil:CGetConnection
[18/04/15 23:07:07 031][TRACE][PID:16656]AosuApp.AosuFramework.ADataLoader:CLoadData
[18/04/15 23:07:07 032][TRACE][PID:16656]AosuApp.AosuFramework.ADataSourceUtil:CGetConnection
[18/04/15 23:07:07 038][TRACE][PID:16656]AosuApp.AosuFramework.ALocalDataLoader:CLoadData
[18/04/15 23:07:07 042][TRACE][PID:16656]API.CP.BASE.AAccountUtil:CGetJournalList
[18/04/15 23:07:07 044][TRACE][PID:16656]AosuApp.AosuFramework.ADataLoader:CLoadData
[18/04/15 23:07:07 056][TRACE][PID:16656]AosuApp.AosuFramework.ADataSourceUtil:CGetConnection
[18/04/15 23:07:07 061][TRACE][PID:16656]AosuApp.AosuFramework.ADataSourceUtil:CGetConnection
[18/04/15 23:07:07 070][TRACE][PID:16656]AosuApp.AosuFramework.ADataSourceUtil:CGetConnection
[18/04/15 23:07:07 213][TRACE][PID:16656]AosuApp.AosuFramework.ADataLoader:CLoadData
[18/04/15 23:07:07 258][TRACE][PID:16656]AosuApp.AosuFramework.ADataSourceUtil:CGetConnection
[18/04/15 23:07:07 263][TRACE][PID:16656]AosuApp.AosuFramework.ADataLoader:CLoadData
[18/04/15 23:07:07 265][TRACE][PID:16656]AosuApp.AosuFramework.ADataSourceUtil:CGetConnection
[18/04/15 23:07:07 735][TRACE][PID:16656]AosuApp.AosuFramework.ADataLoader:CLoadData
[18/04/15 23:07:07 737][TRACE][PID:16656]AosuApp.AosuFramework.ADataSourceUtil:CGetConnection
[18/04/15 23:07:08 252][TRACE][PID:16656]AosuApp.AosuFramework.ADataLoader:CLoadData
[18/04/15 23:07:08 254][TRACE][PID:16656]AosuApp.AosuFramework.ADataSourceUtil:CGetConnection
[18/04/15 23:07:08 257][TRACE][PID:16656]AosuApp.AosuFramework.ADataLoader:CLoadData
[18/04/15 23:07:08 259][TRACE][PID:16656]AosuApp.AosuFramework.ADataSourceUtil:CGetConnection
[18/04/15 23:07:08 263][TRACE][PID:16656]AosuApp.AosuFramework.ALocalDataLoader:CLoadData
[18/04/15 23:07:08 265][TRACE][PID:16656]AosuApp.AosuFramework.ADataLoader:CLoadData
[18/04/15 23:07:08 268][TRACE][PID:16656]AosuApp.AosuFramework.ADataSourceUtil:CGetConnection
[18/04/15 23:07:08 370][TRACE][PID:16656]AosuApp.AosuFramework.ADataLoader:CLoadData
[18/04/15 23:07:08 396][TRACE][PID:16656]AosuApp.AosuFramework.ADataSourceUtil:CGetConnection
[18/04/15 23:07:08 423][TRACE][PID:16656]AosuApp.AosuFramework.ADataLoader:CLoadData
[18/04/15 23:07:08 427][TRACE][PID:16656]AosuApp.AosuFramework.ADataSourceUtil:CGetConnection
[18/04/15 23:07:08 889][TRACE][PID:16656]AosuApp.AosuFramework.ADataLoader:CLoadData
[18/04/15 23:07:08 890][TRACE][PID:16656]AosuApp.AosuFramework.ADataSourceUtil:CGetConnection
[18/04/15 23:07:47 501][TRACE][PID:16656]AosuApp.AosuFramework.ADataLoader:CLoadData
[18/04/15 23:07:47 522][TRACE][PID:16656]AosuApp.AosuFramework.ADataSourceUtil:CGetConnection
[18/04/15 23:07:47 526][TRACE][PID:16656]AosuApp.AosuFramework.ADataLoader:CLoadData
[18/04/15 23:07:47 528][TRACE][PID:16656]AosuApp.AosuFramework.ADataSourceUtil:CGetConnection
[18/04/15 23:07:47 617][TRACE][PID:16656]AosuApp.AosuFramework.ADataLoader:CLoadData
[18/04/15 23:07:47 625][TRACE][PID:16656]AosuApp.AosuFramework.ADataSourceUtil:CGetConnection
[18/04/15 23:07:47 633][TRACE][PID:16656]AosuApp.AosuFramework.ADataLoader:CLoadData
[18/04/15 23:07:47 645][TRACE][PID:16656]AosuApp.AosuFramework.ADataSourceUtil:CGetConnection
[18/04/15 23:07:47 654][TRACE][PID:16656]AosuApp.AosuFramework.ADataLoader:CLoadData
[18/04/15 23:07:47 656][TRACE][PID:16656]AosuApp.AosuFramework.ADataSourceUtil:CGetConnection
[18/04/15 23:07:47 663][TRACE][PID:16656]AosuApp.AosuFramework.ADataLoader:CLoadData
[18/04/15 23:07:47 666][TRACE][PID:16656]AosuApp.AosuFramework.ADataSourceUtil:CGetConnection
[18/04/15 23:07:47 671][TRACE][PID:16656]API.CP.BASE.Payment.TXFPaymentUtil:CGetQRImage
[18/04/15 23:08:49 894][TRACE][PID:16656]AosuApp.AosuFramework.ADataLoader:CLoadData
[18/04/15 23:08:49 901][TRACE][PID:16656]AosuApp.AosuFramework.ADataSourceUtil:CGetConnection
[18/04/15 23:08:49 906][TRACE][PID:16656]AosuApp.AosuFramework.ADataLoader:CLoadData
[18/04/15 23:08:49 907][TRACE][PID:16656]AosuApp.AosuFramework.ADataSourceUtil:CGetConnection
[18/04/15 23:08:49 913][TRACE][PID:16656]AosuApp.AosuFramework.ALocalDataLoader:CLoadData
[18/04/15 23:08:49 918][TRACE][PID:16656]API.CP.BASE.AAccountUtil:CGetJournalList
[18/04/15 23:08:49 920][TRACE][PID:16656]AosuApp.AosuFramework.ADataLoader:CLoadData
[18/04/15 23:08:49 922][TRACE][PID:16656]AosuApp.AosuFramework.ADataSourceUtil:CGetConnection
[18/04/15 23:08:49 928][TRACE][PID:16656]AosuApp.AosuFramework.ADataSourceUtil:CGetConnection
[18/04/15 23:08:49 935][TRACE][PID:16656]AosuApp.AosuFramework.ADataSourceUtil:CGetConnection
[18/04/15 23:08:50 069][TRACE][PID:16656]AosuApp.AosuFramework.ADataLoader:CLoadData
[18/04/15 23:08:50 073][TRACE][PID:16656]AosuApp.AosuFramework.ADataSourceUtil:CGetConnection
[18/04/15 23:08:50 084][TRACE][PID:16656]AosuApp.AosuFramework.ADataLoader:CLoadData
[18/04/15 23:08:50 086][TRACE][PID:16656]AosuApp.AosuFramework.ADataSourceUtil:CGetConnection
[18/04/15 23:08:50 585][TRACE][PID:16656]AosuApp.AosuFramework.ADataLoader:CLoadData
[18/04/15 23:08:50 586][TRACE][PID:16656]AosuApp.AosuFramework.ADataSourceUtil:CGetConnection
[18/04/15 23:08:51 331][TRACE][PID:16656]AosuApp.AosuFramework.ADataLoader:CLoadData
[18/04/15 23:08:51 334][TRACE][PID:16656]AosuApp.AosuFramework.ADataSourceUtil:CGetConnection
[18/04/15 23:08:51 340][TRACE][PID:16656]AosuApp.AosuFramework.ADataLoader:CLoadData
[18/04/15 23:08:51 341][TRACE][PID:16656]AosuApp.AosuFramework.ADataSourceUtil:CGetConnection
[18/04/15 23:08:51 347][TRACE][PID:16656]AosuApp.AosuFramework.ALocalDataLoader:CLoadData
[18/04/15 23:08:51 363][TRACE][PID:16656]AosuApp.AosuFramework.ADataLoader:CLoadData
[18/04/15 23:08:51 367][TRACE][PID:16656]AosuApp.AosuFramework.ADataSourceUtil:CGetConnection
[18/04/15 23:08:51 465][TRACE][PID:16656]AosuApp.AosuFramework.ADataLoader:CLoadData
[18/04/15 23:08:51 474][TRACE][PID:16656]AosuApp.AosuFramework.ADataSourceUtil:CGetConnection
[18/04/15 23:08:51 482][TRACE][PID:16656]AosuApp.AosuFramework.ADataLoader:CLoadData
[18/04/15 23:08:51 485][TRACE][PID:16656]AosuApp.AosuFramework.ADataSourceUtil:CGetConnection
[18/04/15 23:08:51 990][TRACE][PID:16656]AosuApp.AosuFramework.ADataLoader:CLoadData
[18/04/15 23:08:51 991][TRACE][PID:16656]AosuApp.AosuFramework.ADataSourceUtil:CGetConnection
[18/04/15 23:08:53 229][TRACE][PID:16656]AosuApp.AosuFramework.ADataLoader:CLoadData
[18/04/15 23:08:53 230][TRACE][PID:16656]AosuApp.AosuFramework.ADataSourceUtil:CGetConnection
[18/04/15 23:08:53 232][TRACE][PID:16656]AosuApp.AosuFramework.ADataLoader:CLoadData
[18/04/15 23:08:53 233][TRACE][PID:16656]AosuApp.AosuFramework.ADataSourceUtil:CGetConnection
[18/04/15 23:08:53 252][TRACE][PID:16656]AosuApp.AosuFramework.ADataLoader:CLoadData
[18/04/15 23:08:53 254][TRACE][PID:16656]AosuApp.AosuFramework.ADataSourceUtil:CGetConnection
[18/04/15 23:08:53 274][TRACE][PID:16656]AosuApp.AosuFramework.ADataLoader:CLoadData
[18/04/15 23:08:53 282][TRACE][PID:16656]AosuApp.AosuFramework.ADataSourceUtil:CGetConnection
[18/04/15 23:08:53 290][TRACE][PID:16656]AosuApp.AosuFramework.ADataLoader:CLoadData
[18/04/15 23:08:53 291][TRACE][PID:16656]AosuApp.AosuFramework.ADataSourceUtil:CGetConnection
[18/04/15 23:08:53 299][TRACE][PID:16656]AosuApp.AosuFramework.ADataLoader:CLoadData
[18/04/15 23:08:53 300][TRACE][PID:16656]AosuApp.AosuFramework.ADataSourceUtil:CGetConnection
[18/04/15 23:08:53 304][TRACE][PID:16656]API.CP.BASE.Payment.TXFPaymentUtil:CGetQRImage
[18/04/15 23:10:55 677][TRACE][PID:16656]AosuApp.AosuFramework.ADataLoader:CLoadData
[18/04/15 23:10:55 678][TRACE][PID:16656]AosuApp.AosuFramework.ADataSourceUtil:CGetConnection
[18/04/15 23:10:55 700][TRACE][PID:16656]AosuApp.AosuFramework.ADataLoader:CLoadData
[18/04/15 23:10:55 701][TRACE][PID:16656]AosuApp.AosuFramework.ADataSourceUtil:CGetConnection
[18/04/15 23:10:55 706][TRACE][PID:16656]AosuApp.AosuFramework.ALocalDataLoader:CLoadData
[18/04/15 23:10:55 707][TRACE][PID:16656]API.CP.BASE.AAccountUtil:CGetJournalList
[18/04/15 23:10:55 710][TRACE][PID:16656]AosuApp.AosuFramework.ADataLoader:CLoadData
[18/04/15 23:10:55 711][TRACE][PID:16656]AosuApp.AosuFramework.ADataSourceUtil:CGetConnection
[18/04/15 23:10:55 716][TRACE][PID:16656]AosuApp.AosuFramework.ADataSourceUtil:CGetConnection
[18/04/15 23:10:55 731][TRACE][PID:16656]AosuApp.AosuFramework.ADataSourceUtil:CGetConnection
[18/04/15 23:10:55 880][TRACE][PID:16656]AosuApp.AosuFramework.ADataLoader:CLoadData
[18/04/15 23:10:55 884][TRACE][PID:16656]AosuApp.AosuFramework.ADataSourceUtil:CGetConnection
[18/04/15 23:10:55 888][TRACE][PID:16656]AosuApp.AosuFramework.ADataLoader:CLoadData
[18/04/15 23:10:55 890][TRACE][PID:16656]AosuApp.AosuFramework.ADataSourceUtil:CGetConnection
[18/04/15 23:10:56 070][TRACE][PID:16656]AosuApp.AosuFramework.ADataLoader:CLoadData
[18/04/15 23:10:56 071][TRACE][PID:16656]AosuApp.AosuFramework.ADataSourceUtil:CGetConnection
[18/04/15 23:10:56 833][TRACE][PID:16656]AosuApp.AosuFramework.ADataLoader:CLoadData
[18/04/15 23:10:56 834][TRACE][PID:16656]AosuApp.AosuFramework.ADataSourceUtil:CGetConnection
[18/04/15 23:10:56 836][TRACE][PID:16656]AosuApp.AosuFramework.ADataLoader:CLoadData
[18/04/15 23:10:56 837][TRACE][PID:16656]AosuApp.AosuFramework.ADataSourceUtil:CGetConnection
[18/04/15 23:10:56 841][TRACE][PID:16656]AosuApp.AosuFramework.ALocalDataLoader:CLoadData
[18/04/15 23:10:56 843][TRACE][PID:16656]AosuApp.AosuFramework.ADataLoader:CLoadData
[18/04/15 23:10:56 844][TRACE][PID:16656]AosuApp.AosuFramework.ADataSourceUtil:CGetConnection
[18/04/15 23:10:56 901][TRACE][PID:16656]AosuApp.AosuFramework.ADataLoader:CLoadData
[18/04/15 23:10:56 904][TRACE][PID:16656]AosuApp.AosuFramework.ADataSourceUtil:CGetConnection
[18/04/15 23:10:56 909][TRACE][PID:16656]AosuApp.AosuFramework.ADataLoader:CLoadData
[18/04/15 23:10:56 913][TRACE][PID:16656]AosuApp.AosuFramework.ADataSourceUtil:CGetConnection
[18/04/15 23:10:57 414][TRACE][PID:16656]AosuApp.AosuFramework.ADataLoader:CLoadData
[18/04/15 23:10:57 415][TRACE][PID:16656]AosuApp.AosuFramework.ADataSourceUtil:CGetConnection
[18/04/15 23:11:00 328][TRACE][PID:16656]AosuApp.AosuFramework.ADataLoader:CLoadData
[18/04/15 23:11:00 330][TRACE][PID:16656]AosuApp.AosuFramework.ADataSourceUtil:CGetConnection
[18/04/15 23:11:00 338][TRACE][PID:16656]AosuApp.AosuFramework.ADataLoader:CLoadData
[18/04/15 23:11:00 340][TRACE][PID:16656]AosuApp.AosuFramework.ADataSourceUtil:CGetConnection
[18/04/15 23:11:00 369][TRACE][PID:16656]AosuApp.AosuFramework.ADataLoader:CLoadData
[18/04/15 23:11:00 371][TRACE][PID:16656]AosuApp.AosuFramework.ADataSourceUtil:CGetConnection
[18/04/15 23:11:00 399][TRACE][PID:16656]AosuApp.AosuFramework.ADataLoader:CLoadData
[18/04/15 23:11:00 416][TRACE][PID:16656]AosuApp.AosuFramework.ADataSourceUtil:CGetConnection
[18/04/15 23:11:00 421][TRACE][PID:16656]AosuApp.AosuFramework.ADataLoader:CLoadData
[18/04/15 23:11:00 422][TRACE][PID:16656]AosuApp.AosuFramework.ADataSourceUtil:CGetConnection
[18/04/15 23:11:00 464][TRACE][PID:16656]AosuApp.AosuFramework.ADataLoader:CLoadData
[18/04/15 23:11:00 465][TRACE][PID:16656]AosuApp.AosuFramework.ADataSourceUtil:CGetConnection
[18/04/15 23:11:00 522][TRACE][PID:16656]API.CP.BASE.Payment.JYPaymentUtil:CGetQRImage
[18/04/15 23:11:02 306][TRACE][PID:16656]AosuApp.AosuFramework.ADataLoader:CLoadData
[18/04/15 23:11:02 316][TRACE][PID:16656]AosuApp.AosuFramework.ADataSourceUtil:CGetConnection
[18/04/15 23:11:02 320][TRACE][PID:16656]AosuApp.AosuFramework.ADataLoader:CLoadData
[18/04/15 23:11:02 321][TRACE][PID:16656]AosuApp.AosuFramework.ADataSourceUtil:CGetConnection
[18/04/15 23:11:02 325][TRACE][PID:16656]AosuApp.AosuFramework.ALocalDataLoader:CLoadData
[18/04/15 23:11:02 327][TRACE][PID:16656]API.CP.BASE.AAccountUtil:CGetJournalList
[18/04/15 23:11:02 328][TRACE][PID:16656]AosuApp.AosuFramework.ADataLoader:CLoadData
[18/04/15 23:11:02 332][TRACE][PID:16656]AosuApp.AosuFramework.ADataSourceUtil:CGetConnection
[18/04/15 23:11:02 335][TRACE][PID:16656]AosuApp.AosuFramework.ADataSourceUtil:CGetConnection
[18/04/15 23:11:02 337][TRACE][PID:16656]AosuApp.AosuFramework.ADataSourceUtil:CGetConnection
[18/04/15 23:11:02 434][TRACE][PID:16656]AosuApp.AosuFramework.ADataLoader:CLoadData
[18/04/15 23:11:02 437][TRACE][PID:16656]AosuApp.AosuFramework.ADataSourceUtil:CGetConnection
[18/04/15 23:11:02 441][TRACE][PID:16656]AosuApp.AosuFramework.ADataLoader:CLoadData
[18/04/15 23:11:02 443][TRACE][PID:16656]AosuApp.AosuFramework.ADataSourceUtil:CGetConnection
[18/04/15 23:11:02 936][TRACE][PID:16656]AosuApp.AosuFramework.ADataLoader:CLoadData
[18/04/15 23:11:02 938][TRACE][PID:16656]AosuApp.AosuFramework.ADataSourceUtil:CGetConnection
[18/04/15 23:11:03 962][TRACE][PID:16656]AosuApp.AosuFramework.ADataLoader:CLoadData
[18/04/15 23:11:03 963][TRACE][PID:16656]AosuApp.AosuFramework.ADataSourceUtil:CGetConnection
[18/04/15 23:11:03 965][TRACE][PID:16656]AosuApp.AosuFramework.ADataLoader:CLoadData
[18/04/15 23:11:03 966][TRACE][PID:16656]AosuApp.AosuFramework.ADataSourceUtil:CGetConnection
[18/04/15 23:11:03 969][TRACE][PID:16656]AosuApp.AosuFramework.ALocalDataLoader:CLoadData
[18/04/15 23:11:03 971][TRACE][PID:16656]AosuApp.AosuFramework.ADataLoader:CLoadData
[18/04/15 23:11:03 972][TRACE][PID:16656]AosuApp.AosuFramework.ADataSourceUtil:CGetConnection
[18/04/15 23:11:04 058][TRACE][PID:16656]AosuApp.AosuFramework.ADataLoader:CLoadData
[18/04/15 23:11:04 059][TRACE][PID:16656]AosuApp.AosuFramework.ADataSourceUtil:CGetConnection
[18/04/15 23:11:04 062][TRACE][PID:16656]AosuApp.AosuFramework.ADataLoader:CLoadData
[18/04/15 23:11:04 064][TRACE][PID:16656]AosuApp.AosuFramework.ADataSourceUtil:CGetConnection
[18/04/15 23:11:04 559][TRACE][PID:16656]AosuApp.AosuFramework.ADataLoader:CLoadData
[18/04/15 23:11:04 562][TRACE][PID:16656]AosuApp.AosuFramework.ADataSourceUtil:CGetConnection
[18/04/15 23:11:05 759][TRACE][PID:16656]AosuApp.AosuFramework.ADataLoader:CLoadData
[18/04/15 23:11:05 761][TRACE][PID:16656]AosuApp.AosuFramework.ADataSourceUtil:CGetConnection
[18/04/15 23:11:05 764][TRACE][PID:16656]AosuApp.AosuFramework.ADataLoader:CLoadData
[18/04/15 23:11:05 765][TRACE][PID:16656]AosuApp.AosuFramework.ADataSourceUtil:CGetConnection
[18/04/15 23:11:05 788][TRACE][PID:16656]AosuApp.AosuFramework.ADataLoader:CLoadData
[18/04/15 23:11:05 789][TRACE][PID:16656]AosuApp.AosuFramework.ADataSourceUtil:CGetConnection
[18/04/15 23:11:05 792][TRACE][PID:16656]AosuApp.AosuFramework.ADataLoader:CLoadData
[18/04/15 23:11:05 799][TRACE][PID:16656]AosuApp.AosuFramework.ADataSourceUtil:CGetConnection
[18/04/15 23:11:05 804][TRACE][PID:16656]AosuApp.AosuFramework.ADataLoader:CLoadData
[18/04/15 23:11:05 806][TRACE][PID:16656]AosuApp.AosuFramework.ADataSourceUtil:CGetConnection
[18/04/15 23:11:05 812][TRACE][PID:16656]AosuApp.AosuFramework.ADataLoader:CLoadData
[18/04/15 23:11:05 813][TRACE][PID:16656]AosuApp.AosuFramework.ADataSourceUtil:CGetConnection
[18/04/15 23:11:05 816][TRACE][PID:16656]API.CP.BASE.Payment.TXFPaymentUtil:CGetQRImage
[18/04/15 23:16:55 272][TRACE][PID:16656]AosuApp.AosuFramework.ADataLoader:CLoadData
[18/04/15 23:16:55 292][TRACE][PID:16656]AosuApp.AosuFramework.ADataSourceUtil:CGetConnection
[18/04/15 23:16:55 319][TRACE][PID:16656]AosuApp.AosuFramework.ADataLoader:CLoadData
[18/04/15 23:16:55 324][TRACE][PID:16656]AosuApp.AosuFramework.ADataSourceUtil:CGetConnection
[18/04/15 23:16:55 383][TRACE][PID:16656]AosuApp.AosuFramework.ADataLoader:CLoadData
[18/04/15 23:16:55 400][TRACE][PID:16656]AosuApp.AosuFramework.ADataSourceUtil:CGetConnection
[18/04/15 23:16:55 405][TRACE][PID:16656]AosuApp.AosuFramework.ADataLoader:CLoadData
[18/04/15 23:16:55 406][TRACE][PID:16656]AosuApp.AosuFramework.ADataSourceUtil:CGetConnection
[18/04/15 23:16:55 414][TRACE][PID:16656]AosuApp.AosuFramework.ADataLoader:CLoadData
[18/04/15 23:16:55 415][TRACE][PID:16656]AosuApp.AosuFramework.ADataSourceUtil:CGetConnection
[18/04/15 23:16:55 421][TRACE][PID:16656]AosuApp.AosuFramework.ADataLoader:CLoadData
[18/04/15 23:16:55 423][TRACE][PID:16656]AosuApp.AosuFramework.ADataSourceUtil:CGetConnection
[18/04/15 23:16:55 430][TRACE][PID:16656]API.CP.BASE.Payment.TXFPaymentUtil:CGetQRImage
[18/04/15 23:17:38 122][TRACE][PID:16656]AosuApp.AosuFramework.ADataLoader:CLoadData
[18/04/15 23:17:38 123][TRACE][PID:16656]AosuApp.AosuFramework.ADataSourceUtil:CGetConnection
[18/04/15 23:17:38 126][TRACE][PID:16656]AosuApp.AosuFramework.ADataLoader:CLoadData
[18/04/15 23:17:38 128][TRACE][PID:16656]AosuApp.AosuFramework.ADataSourceUtil:CGetConnection
[18/04/15 23:17:38 133][TRACE][PID:16656]AosuApp.AosuFramework.ALocalDataLoader:CLoadData
[18/04/15 23:17:38 136][TRACE][PID:16656]API.CP.BASE.AAccountUtil:CGetJournalList
[18/04/15 23:17:38 139][TRACE][PID:16656]AosuApp.AosuFramework.ADataLoader:CLoadData
[18/04/15 23:17:38 140][TRACE][PID:16656]AosuApp.AosuFramework.ADataSourceUtil:CGetConnection
[18/04/15 23:17:38 144][TRACE][PID:16656]AosuApp.AosuFramework.ADataSourceUtil:CGetConnection
[18/04/15 23:17:38 156][TRACE][PID:16656]AosuApp.AosuFramework.ADataSourceUtil:CGetConnection
[18/04/15 23:17:38 334][TRACE][PID:16656]AosuApp.AosuFramework.ADataLoader:CLoadData
[18/04/15 23:17:38 343][TRACE][PID:16656]AosuApp.AosuFramework.ADataSourceUtil:CGetConnection
[18/04/15 23:17:38 348][TRACE][PID:16656]AosuApp.AosuFramework.ADataLoader:CLoadData
[18/04/15 23:17:38 350][TRACE][PID:16656]AosuApp.AosuFramework.ADataSourceUtil:CGetConnection
[18/04/15 23:17:38 857][TRACE][PID:16656]AosuApp.AosuFramework.ADataLoader:CLoadData
[18/04/15 23:17:38 859][TRACE][PID:16656]AosuApp.AosuFramework.ADataSourceUtil:CGetConnection
[18/04/15 23:17:39 661][TRACE][PID:16656]AosuApp.AosuFramework.ADataLoader:CLoadData
[18/04/15 23:17:39 662][TRACE][PID:16656]AosuApp.AosuFramework.ADataSourceUtil:CGetConnection
[18/04/15 23:17:39 666][TRACE][PID:16656]AosuApp.AosuFramework.ADataLoader:CLoadData
[18/04/15 23:17:39 668][TRACE][PID:16656]AosuApp.AosuFramework.ADataSourceUtil:CGetConnection
[18/04/15 23:17:39 672][TRACE][PID:16656]AosuApp.AosuFramework.ALocalDataLoader:CLoadData
[18/04/15 23:17:39 674][TRACE][PID:16656]AosuApp.AosuFramework.ADataLoader:CLoadData
[18/04/15 23:17:39 676][TRACE][PID:16656]AosuApp.AosuFramework.ADataSourceUtil:CGetConnection
[18/04/15 23:17:39 776][TRACE][PID:16656]AosuApp.AosuFramework.ADataLoader:CLoadData
[18/04/15 23:17:39 792][TRACE][PID:16656]AosuApp.AosuFramework.ADataSourceUtil:CGetConnection
[18/04/15 23:17:39 798][TRACE][PID:16656]AosuApp.AosuFramework.ADataLoader:CLoadData
[18/04/15 23:17:39 800][TRACE][PID:16656]AosuApp.AosuFramework.ADataSourceUtil:CGetConnection
[18/04/15 23:17:40 276][TRACE][PID:16656]AosuApp.AosuFramework.ADataLoader:CLoadData
[18/04/15 23:17:40 277][TRACE][PID:16656]AosuApp.AosuFramework.ADataSourceUtil:CGetConnection
[18/04/15 23:17:42 174][TRACE][PID:16656]AosuApp.AosuFramework.ADataLoader:CLoadData
[18/04/15 23:17:42 192][TRACE][PID:16656]AosuApp.AosuFramework.ADataSourceUtil:CGetConnection
[18/04/15 23:17:42 211][TRACE][PID:16656]AosuApp.AosuFramework.ADataLoader:CLoadData
[18/04/15 23:17:42 212][TRACE][PID:16656]AosuApp.AosuFramework.ADataSourceUtil:CGetConnection
[18/04/15 23:17:42 217][TRACE][PID:16656]AosuApp.AosuFramework.ALocalDataLoader:CLoadData
[18/04/15 23:17:42 220][TRACE][PID:16656]AosuApp.AosuFramework.ADataLoader:CLoadData
[18/04/15 23:17:42 228][TRACE][PID:16656]AosuApp.AosuFramework.ADataSourceUtil:CGetConnection
[18/04/15 23:17:42 394][TRACE][PID:16656]AosuApp.AosuFramework.ADataLoader:CLoadData
[18/04/15 23:17:42 417][TRACE][PID:16656]AosuApp.AosuFramework.ADataSourceUtil:CGetConnection
[18/04/15 23:17:42 420][TRACE][PID:16656]AosuApp.AosuFramework.ADataLoader:CLoadData
[18/04/15 23:17:42 422][TRACE][PID:16656]AosuApp.AosuFramework.ADataSourceUtil:CGetConnection
[18/04/15 23:17:42 894][TRACE][PID:16656]AosuApp.AosuFramework.ADataLoader:CLoadData
[18/04/15 23:17:42 895][TRACE][PID:16656]AosuApp.AosuFramework.ADataSourceUtil:CGetConnection
[18/04/15 23:17:45 201][TRACE][PID:16656]AosuApp.AosuFramework.ADataLoader:CLoadData
[18/04/15 23:17:45 214][TRACE][PID:16656]AosuApp.AosuFramework.ADataSourceUtil:CGetConnection
[18/04/15 23:17:45 225][TRACE][PID:16656]AosuApp.AosuFramework.ADataLoader:CLoadData
[18/04/15 23:17:45 234][TRACE][PID:16656]AosuApp.AosuFramework.ADataSourceUtil:CGetConnection
[18/04/15 23:17:45 239][TRACE][PID:16656]AosuApp.AosuFramework.ALocalDataLoader:CLoadData
[18/04/15 23:17:45 325][TRACE][PID:16656]AosuApp.AosuFramework.ADataLoader:CLoadData
[18/04/15 23:17:45 340][TRACE][PID:16656]AosuApp.AosuFramework.ADataSourceUtil:CGetConnection
[18/04/15 23:17:45 353][TRACE][PID:16656]AosuApp.AosuFramework.ADataLoader:CLoadData
[18/04/15 23:17:45 354][TRACE][PID:16656]AosuApp.AosuFramework.ADataSourceUtil:CGetConnection
[18/04/15 23:17:45 840][TRACE][PID:16656]AosuApp.AosuFramework.ADataLoader:CLoadData
[18/04/15 23:17:45 842][TRACE][PID:16656]AosuApp.AosuFramework.ADataSourceUtil:CGetConnection
[18/04/15 23:17:48 255][TRACE][PID:16656]AosuApp.AosuFramework.ADataLoader:CLoadData
[18/04/15 23:17:48 256][TRACE][PID:16656]AosuApp.AosuFramework.ADataSourceUtil:CGetConnection
[18/04/15 23:17:48 260][TRACE][PID:16656]AosuApp.AosuFramework.ADataLoader:CLoadData
[18/04/15 23:17:48 262][TRACE][PID:16656]AosuApp.AosuFramework.ADataSourceUtil:CGetConnection
[18/04/15 23:17:48 273][TRACE][PID:16656]AosuApp.AosuFramework.ALocalDataLoader:CLoadData
[18/04/15 23:17:48 275][TRACE][PID:16656]AosuApp.AosuFramework.ADataLoader:CLoadData
[18/04/15 23:17:48 277][TRACE][PID:16656]AosuApp.AosuFramework.ADataSourceUtil:CGetConnection
[18/04/15 23:17:48 382][TRACE][PID:16656]AosuApp.AosuFramework.ADataLoader:CLoadData
[18/04/15 23:17:48 411][TRACE][PID:16656]AosuApp.AosuFramework.ADataSourceUtil:CGetConnection
[18/04/15 23:17:48 425][TRACE][PID:16656]AosuApp.AosuFramework.ADataLoader:CLoadData
[18/04/15 23:17:48 426][TRACE][PID:16656]AosuApp.AosuFramework.ADataSourceUtil:CGetConnection
[18/04/15 23:17:48 906][TRACE][PID:16656]AosuApp.AosuFramework.ADataLoader:CLoadData
[18/04/15 23:17:48 907][TRACE][PID:16656]AosuApp.AosuFramework.ADataSourceUtil:CGetConnection
[18/04/15 23:17:50 058][TRACE][PID:16656]AosuApp.AosuFramework.ADataLoader:CLoadData
[18/04/15 23:17:50 059][TRACE][PID:16656]AosuApp.AosuFramework.ADataSourceUtil:CGetConnection
[18/04/15 23:17:50 064][TRACE][PID:16656]AosuApp.AosuFramework.ADataLoader:CLoadData
[18/04/15 23:17:50 065][TRACE][PID:16656]AosuApp.AosuFramework.ADataSourceUtil:CGetConnection
[18/04/15 23:17:50 094][TRACE][PID:16656]AosuApp.AosuFramework.ADataLoader:CLoadData
[18/04/15 23:17:50 113][TRACE][PID:16656]AosuApp.AosuFramework.ADataSourceUtil:CGetConnection
[18/04/15 23:17:50 117][TRACE][PID:16656]AosuApp.AosuFramework.ADataLoader:CLoadData
[18/04/15 23:17:50 119][TRACE][PID:16656]AosuApp.AosuFramework.ADataSourceUtil:CGetConnection
[18/04/15 23:17:50 125][TRACE][PID:16656]AosuApp.AosuFramework.ADataLoader:CLoadData
[18/04/15 23:17:50 131][TRACE][PID:16656]AosuApp.AosuFramework.ADataSourceUtil:CGetConnection
[18/04/15 23:17:50 137][TRACE][PID:16656]AosuApp.AosuFramework.ADataLoader:CLoadData
[18/04/15 23:17:50 138][TRACE][PID:16656]AosuApp.AosuFramework.ADataSourceUtil:CGetConnection
[18/04/15 23:17:50 141][TRACE][PID:16656]API.CP.BASE.Payment.TXFPaymentUtil:CGetQRImage
[18/04/15 23:19:06 632][TRACE][PID:16656]AosuApp.AosuFramework.ADataLoader:CLoadData
[18/04/15 23:19:06 656][TRACE][PID:16656]AosuApp.AosuFramework.ADataSourceUtil:CGetConnection
[18/04/15 23:19:06 667][TRACE][PID:16656]AosuApp.AosuFramework.ADataLoader:CLoadData
[18/04/15 23:19:06 669][TRACE][PID:16656]AosuApp.AosuFramework.ADataSourceUtil:CGetConnection
[18/04/15 23:19:06 682][TRACE][PID:16656]AosuApp.AosuFramework.ALocalDataLoader:CLoadData
[18/04/15 23:19:06 695][TRACE][PID:16656]API.CP.BASE.AAccountUtil:CGetJournalList
[18/04/15 23:19:06 697][TRACE][PID:16656]AosuApp.AosuFramework.ADataLoader:CLoadData
[18/04/15 23:19:06 699][TRACE][PID:16656]AosuApp.AosuFramework.ADataSourceUtil:CGetConnection
[18/04/15 23:19:06 704][TRACE][PID:16656]AosuApp.AosuFramework.ADataSourceUtil:CGetConnection
[18/04/15 23:19:06 709][TRACE][PID:16656]AosuApp.AosuFramework.ADataSourceUtil:CGetConnection
[18/04/15 23:19:06 860][TRACE][PID:16656]AosuApp.AosuFramework.ADataLoader:CLoadData
[18/04/15 23:19:06 865][TRACE][PID:16656]AosuApp.AosuFramework.ADataSourceUtil:CGetConnection
[18/04/15 23:19:06 892][TRACE][PID:16656]AosuApp.AosuFramework.ADataLoader:CLoadData
[18/04/15 23:19:06 893][TRACE][PID:16656]AosuApp.AosuFramework.ADataSourceUtil:CGetConnection
[18/04/15 23:19:07 382][TRACE][PID:16656]AosuApp.AosuFramework.ADataLoader:CLoadData
[18/04/15 23:19:07 383][TRACE][PID:16656]AosuApp.AosuFramework.ADataSourceUtil:CGetConnection
[18/04/15 23:19:08 390][TRACE][PID:16656]AosuApp.AosuFramework.ADataLoader:CLoadData
[18/04/15 23:19:08 391][TRACE][PID:16656]AosuApp.AosuFramework.ADataSourceUtil:CGetConnection
[18/04/15 23:19:08 394][TRACE][PID:16656]AosuApp.AosuFramework.ADataLoader:CLoadData
[18/04/15 23:19:08 396][TRACE][PID:16656]AosuApp.AosuFramework.ADataSourceUtil:CGetConnection
[18/04/15 23:19:08 404][TRACE][PID:16656]AosuApp.AosuFramework.ALocalDataLoader:CLoadData
[18/04/15 23:19:08 406][TRACE][PID:16656]AosuApp.AosuFramework.ADataLoader:CLoadData
[18/04/15 23:19:08 406][TRACE][PID:16656]AosuApp.AosuFramework.ADataSourceUtil:CGetConnection
[18/04/15 23:19:08 484][TRACE][PID:16656]AosuApp.AosuFramework.ADataLoader:CLoadData
[18/04/15 23:19:08 485][TRACE][PID:16656]AosuApp.AosuFramework.ADataSourceUtil:CGetConnection
[18/04/15 23:19:08 991][TRACE][PID:16656]AosuApp.AosuFramework.ADataLoader:CLoadData
[18/04/15 23:19:08 994][TRACE][PID:16656]AosuApp.AosuFramework.ADataSourceUtil:CGetConnection
[18/04/15 23:19:08 997][TRACE][PID:16656]AosuApp.AosuFramework.ADataLoader:CLoadData
[18/04/15 23:19:08 998][TRACE][PID:16656]AosuApp.AosuFramework.ADataSourceUtil:CGetConnection
[18/04/15 23:19:09 595][TRACE][PID:16656]AosuApp.AosuFramework.ADataLoader:CLoadData
[18/04/15 23:19:09 596][TRACE][PID:16656]AosuApp.AosuFramework.ADataSourceUtil:CGetConnection
[18/04/15 23:19:09 598][TRACE][PID:16656]AosuApp.AosuFramework.ADataLoader:CLoadData
[18/04/15 23:19:09 600][TRACE][PID:16656]AosuApp.AosuFramework.ADataSourceUtil:CGetConnection
[18/04/15 23:19:09 604][TRACE][PID:16656]AosuApp.AosuFramework.ALocalDataLoader:CLoadData
[18/04/15 23:19:09 606][TRACE][PID:16656]AosuApp.AosuFramework.ADataLoader:CLoadData
[18/04/15 23:19:09 607][TRACE][PID:16656]AosuApp.AosuFramework.ADataSourceUtil:CGetConnection
[18/04/15 23:19:09 680][TRACE][PID:16656]AosuApp.AosuFramework.ADataLoader:CLoadData
[18/04/15 23:19:09 689][TRACE][PID:16656]AosuApp.AosuFramework.ADataSourceUtil:CGetConnection
[18/04/15 23:19:09 696][TRACE][PID:16656]AosuApp.AosuFramework.ADataLoader:CLoadData
[18/04/15 23:19:09 701][TRACE][PID:16656]AosuApp.AosuFramework.ADataSourceUtil:CGetConnection
[18/04/15 23:19:10 190][TRACE][PID:16656]AosuApp.AosuFramework.ADataLoader:CLoadData
[18/04/15 23:19:10 191][TRACE][PID:16656]AosuApp.AosuFramework.ADataSourceUtil:CGetConnection
[18/04/15 23:19:11 018][TRACE][PID:16656]AosuApp.AosuFramework.ADataLoader:CLoadData
[18/04/15 23:19:11 019][TRACE][PID:16656]AosuApp.AosuFramework.ADataSourceUtil:CGetConnection
[18/04/15 23:19:11 021][TRACE][PID:16656]AosuApp.AosuFramework.ADataLoader:CLoadData
[18/04/15 23:19:11 022][TRACE][PID:16656]AosuApp.AosuFramework.ADataSourceUtil:CGetConnection
[18/04/15 23:19:11 049][TRACE][PID:16656]AosuApp.AosuFramework.ADataLoader:CLoadData
[18/04/15 23:19:11 070][TRACE][PID:16656]AosuApp.AosuFramework.ADataSourceUtil:CGetConnection
[18/04/15 23:19:11 077][TRACE][PID:16656]AosuApp.AosuFramework.ADataLoader:CLoadData
[18/04/15 23:19:11 079][TRACE][PID:16656]AosuApp.AosuFramework.ADataSourceUtil:CGetConnection
[18/04/15 23:19:11 085][TRACE][PID:16656]AosuApp.AosuFramework.ADataLoader:CLoadData
[18/04/15 23:19:11 088][TRACE][PID:16656]AosuApp.AosuFramework.ADataSourceUtil:CGetConnection
[18/04/15 23:19:11 096][TRACE][PID:16656]AosuApp.AosuFramework.ADataLoader:CLoadData
[18/04/15 23:19:11 097][TRACE][PID:16656]AosuApp.AosuFramework.ADataSourceUtil:CGetConnection
[18/04/15 23:19:11 100][TRACE][PID:16656]API.CP.BASE.Payment.TXFPaymentUtil:CGetQRImage
[18/04/15 23:19:54 804][TRACE][PID:16656]AosuApp.AosuFramework.ADataLoader:CLoadData
[18/04/15 23:19:54 808][TRACE][PID:16656]AosuApp.AosuFramework.ADataSourceUtil:CGetConnection
[18/04/15 23:19:54 812][TRACE][PID:16656]AosuApp.AosuFramework.ADataLoader:CLoadData
[18/04/15 23:19:54 813][TRACE][PID:16656]AosuApp.AosuFramework.ADataSourceUtil:CGetConnection
[18/04/15 23:19:54 821][TRACE][PID:16656]AosuApp.AosuFramework.ALocalDataLoader:CLoadData
[18/04/15 23:19:54 823][TRACE][PID:16656]API.CP.BASE.AAccountUtil:CGetJournalList
[18/04/15 23:19:54 825][TRACE][PID:16656]AosuApp.AosuFramework.ADataLoader:CLoadData
[18/04/15 23:19:54 827][TRACE][PID:16656]AosuApp.AosuFramework.ADataSourceUtil:CGetConnection
[18/04/15 23:19:54 830][TRACE][PID:16656]AosuApp.AosuFramework.ADataSourceUtil:CGetConnection
[18/04/15 23:19:54 833][TRACE][PID:16656]AosuApp.AosuFramework.ADataSourceUtil:CGetConnection
[18/04/15 23:19:54 983][TRACE][PID:16656]AosuApp.AosuFramework.ADataLoader:CLoadData
[18/04/15 23:19:55 005][TRACE][PID:16656]AosuApp.AosuFramework.ADataSourceUtil:CGetConnection
[18/04/15 23:19:55 190][TRACE][PID:16656]AosuApp.AosuFramework.ADataLoader:CLoadData
[18/04/15 23:19:55 192][TRACE][PID:16656]AosuApp.AosuFramework.ADataSourceUtil:CGetConnection
[18/04/15 23:19:55 509][TRACE][PID:16656]AosuApp.AosuFramework.ADataLoader:CLoadData
[18/04/15 23:19:55 510][TRACE][PID:16656]AosuApp.AosuFramework.ADataSourceUtil:CGetConnection
[18/04/15 23:19:56 605][TRACE][PID:16656]AosuApp.AosuFramework.ADataLoader:CLoadData
[18/04/15 23:19:56 607][TRACE][PID:16656]AosuApp.AosuFramework.ADataSourceUtil:CGetConnection
[18/04/15 23:19:56 609][TRACE][PID:16656]AosuApp.AosuFramework.ADataLoader:CLoadData
[18/04/15 23:19:56 610][TRACE][PID:16656]AosuApp.AosuFramework.ADataSourceUtil:CGetConnection
[18/04/15 23:19:56 614][TRACE][PID:16656]AosuApp.AosuFramework.ALocalDataLoader:CLoadData
[18/04/15 23:19:56 616][TRACE][PID:16656]AosuApp.AosuFramework.ADataLoader:CLoadData
[18/04/15 23:19:56 620][TRACE][PID:16656]AosuApp.AosuFramework.ADataSourceUtil:CGetConnection
[18/04/15 23:19:56 707][TRACE][PID:16656]AosuApp.AosuFramework.ADataLoader:CLoadData
[18/04/15 23:19:56 732][TRACE][PID:16656]AosuApp.AosuFramework.ADataSourceUtil:CGetConnection
[18/04/15 23:19:56 737][TRACE][PID:16656]AosuApp.AosuFramework.ADataLoader:CLoadData
[18/04/15 23:19:56 740][TRACE][PID:16656]AosuApp.AosuFramework.ADataSourceUtil:CGetConnection
[18/04/15 23:19:57 225][TRACE][PID:16656]AosuApp.AosuFramework.ADataLoader:CLoadData
[18/04/15 23:19:57 226][TRACE][PID:16656]AosuApp.AosuFramework.ADataSourceUtil:CGetConnection
[18/04/15 23:19:57 924][TRACE][PID:16656]AosuApp.AosuFramework.ADataLoader:CLoadData
[18/04/15 23:19:57 925][TRACE][PID:16656]AosuApp.AosuFramework.ADataSourceUtil:CGetConnection
[18/04/15 23:19:57 927][TRACE][PID:16656]AosuApp.AosuFramework.ADataLoader:CLoadData
[18/04/15 23:19:57 929][TRACE][PID:16656]AosuApp.AosuFramework.ADataSourceUtil:CGetConnection
[18/04/15 23:19:57 987][TRACE][PID:16656]AosuApp.AosuFramework.ADataLoader:CLoadData
[18/04/15 23:19:57 993][TRACE][PID:16656]AosuApp.AosuFramework.ADataSourceUtil:CGetConnection
[18/04/15 23:19:57 996][TRACE][PID:16656]AosuApp.AosuFramework.ADataLoader:CLoadData
[18/04/15 23:19:58 002][TRACE][PID:16656]AosuApp.AosuFramework.ADataSourceUtil:CGetConnection
[18/04/15 23:19:58 007][TRACE][PID:16656]AosuApp.AosuFramework.ADataLoader:CLoadData
[18/04/15 23:19:58 008][TRACE][PID:16656]AosuApp.AosuFramework.ADataSourceUtil:CGetConnection
[18/04/15 23:19:58 012][TRACE][PID:16656]AosuApp.AosuFramework.ADataLoader:CLoadData
[18/04/15 23:19:58 013][TRACE][PID:16656]AosuApp.AosuFramework.ADataSourceUtil:CGetConnection
[18/04/15 23:19:58 021][TRACE][PID:16656]API.CP.BASE.Payment.TXFPaymentUtil:CGetQRImage
[18/04/15 23:20:28 133][TRACE][PID:16656]AosuApp.AosuFramework.ADataLoader:CLoadData
[18/04/15 23:20:28 146][TRACE][PID:16656]AosuApp.AosuFramework.ADataSourceUtil:CGetConnection
[18/04/15 23:20:28 182][TRACE][PID:16656]AosuApp.AosuFramework.ADataLoader:CLoadData
[18/04/15 23:20:28 184][TRACE][PID:16656]AosuApp.AosuFramework.ADataSourceUtil:CGetConnection
[18/04/15 23:20:28 190][TRACE][PID:16656]AosuApp.AosuFramework.ALocalDataLoader:CLoadData
[18/04/15 23:20:28 201][TRACE][PID:16656]API.CP.BASE.AAccountUtil:CGetJournalList
[18/04/15 23:20:28 203][TRACE][PID:16656]AosuApp.AosuFramework.ADataLoader:CLoadData
[18/04/15 23:20:28 205][TRACE][PID:16656]AosuApp.AosuFramework.ADataSourceUtil:CGetConnection
[18/04/15 23:20:28 216][TRACE][PID:16656]AosuApp.AosuFramework.ADataSourceUtil:CGetConnection
[18/04/15 23:20:28 221][TRACE][PID:16656]AosuApp.AosuFramework.ADataSourceUtil:CGetConnection
[18/04/15 23:20:28 348][TRACE][PID:16656]AosuApp.AosuFramework.ADataLoader:CLoadData
[18/04/15 23:20:28 350][TRACE][PID:16656]AosuApp.AosuFramework.ADataSourceUtil:CGetConnection
[18/04/15 23:20:28 354][TRACE][PID:16656]AosuApp.AosuFramework.ADataLoader:CLoadData
[18/04/15 23:20:28 368][TRACE][PID:16656]AosuApp.AosuFramework.ADataSourceUtil:CGetConnection
[18/04/15 23:20:28 884][TRACE][PID:16656]AosuApp.AosuFramework.ADataLoader:CLoadData
[18/04/15 23:20:28 885][TRACE][PID:16656]AosuApp.AosuFramework.ADataSourceUtil:CGetConnection
[18/04/15 23:20:29 408][TRACE][PID:16656]AosuApp.AosuFramework.ADataLoader:CLoadData
[18/04/15 23:20:29 417][TRACE][PID:16656]AosuApp.AosuFramework.ADataSourceUtil:CGetConnection
[18/04/15 23:20:29 420][TRACE][PID:16656]AosuApp.AosuFramework.ADataLoader:CLoadData
[18/04/15 23:20:29 422][TRACE][PID:16656]AosuApp.AosuFramework.ADataSourceUtil:CGetConnection
[18/04/15 23:20:29 436][TRACE][PID:16656]AosuApp.AosuFramework.ALocalDataLoader:CLoadData
[18/04/15 23:20:29 439][TRACE][PID:16656]AosuApp.AosuFramework.ADataLoader:CLoadData
[18/04/15 23:20:29 440][TRACE][PID:16656]AosuApp.AosuFramework.ADataSourceUtil:CGetConnection
[18/04/15 23:20:29 528][TRACE][PID:16656]AosuApp.AosuFramework.ADataLoader:CLoadData
[18/04/15 23:20:29 541][TRACE][PID:16656]AosuApp.AosuFramework.ADataSourceUtil:CGetConnection
[18/04/15 23:20:29 568][TRACE][PID:16656]AosuApp.AosuFramework.ADataLoader:CLoadData
[18/04/15 23:20:29 569][TRACE][PID:16656]AosuApp.AosuFramework.ADataSourceUtil:CGetConnection
[18/04/15 23:20:30 049][TRACE][PID:16656]AosuApp.AosuFramework.ADataLoader:CLoadData
[18/04/15 23:20:30 050][TRACE][PID:16656]AosuApp.AosuFramework.ADataSourceUtil:CGetConnection
[18/04/15 23:20:31 812][TRACE][PID:16656]AosuApp.AosuFramework.ADataLoader:CLoadData
[18/04/15 23:20:31 813][TRACE][PID:16656]AosuApp.AosuFramework.ADataSourceUtil:CGetConnection
[18/04/15 23:20:31 815][TRACE][PID:16656]AosuApp.AosuFramework.ADataLoader:CLoadData
[18/04/15 23:20:31 816][TRACE][PID:16656]AosuApp.AosuFramework.ADataSourceUtil:CGetConnection
[18/04/15 23:20:31 900][TRACE][PID:16656]AosuApp.AosuFramework.ADataLoader:CLoadData
[18/04/15 23:20:31 959][TRACE][PID:16656]AosuApp.AosuFramework.ADataSourceUtil:CGetConnection
[18/04/15 23:20:31 967][TRACE][PID:16656]AosuApp.AosuFramework.ADataLoader:CLoadData
[18/04/15 23:20:31 970][TRACE][PID:16656]AosuApp.AosuFramework.ADataSourceUtil:CGetConnection
[18/04/15 23:20:31 975][TRACE][PID:16656]AosuApp.AosuFramework.ADataLoader:CLoadData
[18/04/15 23:20:31 976][TRACE][PID:16656]AosuApp.AosuFramework.ADataSourceUtil:CGetConnection
[18/04/15 23:20:31 988][TRACE][PID:16656]AosuApp.AosuFramework.ADataLoader:CLoadData
[18/04/15 23:20:31 990][TRACE][PID:16656]AosuApp.AosuFramework.ADataSourceUtil:CGetConnection
[18/04/15 23:20:31 994][TRACE][PID:16656]API.CP.BASE.Payment.TXFPaymentUtil:CGetQRImage
[18/04/15 23:20:43 545][TRACE][PID:16656]AosuApp.AosuFramework.ADataLoader:CLoadData
[18/04/15 23:20:43 548][TRACE][PID:16656]AosuApp.AosuFramework.ADataSourceUtil:CGetConnection
[18/04/15 23:20:43 552][TRACE][PID:16656]AosuApp.AosuFramework.ADataLoader:CLoadData
[18/04/15 23:20:43 554][TRACE][PID:16656]AosuApp.AosuFramework.ADataSourceUtil:CGetConnection
[18/04/15 23:20:43 564][TRACE][PID:16656]AosuApp.AosuFramework.ALocalDataLoader:CLoadData
[18/04/15 23:20:43 566][TRACE][PID:16656]API.CP.BASE.AAccountUtil:CGetJournalList
[18/04/15 23:20:43 570][TRACE][PID:16656]AosuApp.AosuFramework.ADataLoader:CLoadData
[18/04/15 23:20:43 572][TRACE][PID:16656]AosuApp.AosuFramework.ADataSourceUtil:CGetConnection
[18/04/15 23:20:43 576][TRACE][PID:16656]AosuApp.AosuFramework.ADataSourceUtil:CGetConnection
[18/04/15 23:20:43 578][TRACE][PID:16656]AosuApp.AosuFramework.ADataSourceUtil:CGetConnection
[18/04/15 23:20:43 698][TRACE][PID:16656]AosuApp.AosuFramework.ADataLoader:CLoadData
[18/04/15 23:20:43 738][TRACE][PID:16656]AosuApp.AosuFramework.ADataSourceUtil:CGetConnection
[18/04/15 23:20:43 743][TRACE][PID:16656]AosuApp.AosuFramework.ADataLoader:CLoadData
[18/04/15 23:20:43 753][TRACE][PID:16656]AosuApp.AosuFramework.ADataSourceUtil:CGetConnection
[18/04/15 23:20:44 227][TRACE][PID:16656]AosuApp.AosuFramework.ADataLoader:CLoadData
[18/04/15 23:20:44 228][TRACE][PID:16656]AosuApp.AosuFramework.ADataSourceUtil:CGetConnection
[18/04/15 23:20:44 885][TRACE][PID:16656]AosuApp.AosuFramework.ADataLoader:CLoadData
[18/04/15 23:20:44 886][TRACE][PID:16656]AosuApp.AosuFramework.ADataSourceUtil:CGetConnection
[18/04/15 23:20:44 889][TRACE][PID:16656]AosuApp.AosuFramework.ADataLoader:CLoadData
[18/04/15 23:20:44 890][TRACE][PID:16656]AosuApp.AosuFramework.ADataSourceUtil:CGetConnection
[18/04/15 23:20:44 894][TRACE][PID:16656]AosuApp.AosuFramework.ALocalDataLoader:CLoadData
[18/04/15 23:20:44 896][TRACE][PID:16656]AosuApp.AosuFramework.ADataLoader:CLoadData
[18/04/15 23:20:44 897][TRACE][PID:16656]AosuApp.AosuFramework.ADataSourceUtil:CGetConnection
[18/04/15 23:20:45 007][TRACE][PID:16656]AosuApp.AosuFramework.ADataLoader:CLoadData
[18/04/15 23:20:45 012][TRACE][PID:16656]AosuApp.AosuFramework.ADataSourceUtil:CGetConnection
[18/04/15 23:20:45 525][TRACE][PID:16656]AosuApp.AosuFramework.ADataLoader:CLoadData
[18/04/15 23:20:45 526][TRACE][PID:16656]AosuApp.AosuFramework.ADataSourceUtil:CGetConnection
[18/04/15 23:20:45 529][TRACE][PID:16656]AosuApp.AosuFramework.ADataLoader:CLoadData
[18/04/15 23:20:45 530][TRACE][PID:16656]AosuApp.AosuFramework.ADataSourceUtil:CGetConnection
[18/04/15 23:20:47 442][TRACE][PID:16656]AosuApp.AosuFramework.ADataLoader:CLoadData
[18/04/15 23:20:47 444][TRACE][PID:16656]AosuApp.AosuFramework.ADataSourceUtil:CGetConnection
[18/04/15 23:20:47 448][TRACE][PID:16656]AosuApp.AosuFramework.ADataLoader:CLoadData
[18/04/15 23:20:47 449][TRACE][PID:16656]AosuApp.AosuFramework.ADataSourceUtil:CGetConnection
[18/04/15 23:20:47 472][TRACE][PID:16656]AosuApp.AosuFramework.ADataLoader:CLoadData
[18/04/15 23:20:47 474][TRACE][PID:16656]AosuApp.AosuFramework.ADataSourceUtil:CGetConnection
[18/04/15 23:20:47 478][TRACE][PID:16656]AosuApp.AosuFramework.ADataLoader:CLoadData
[18/04/15 23:20:47 513][TRACE][PID:16656]AosuApp.AosuFramework.ADataSourceUtil:CGetConnection
[18/04/15 23:20:47 519][TRACE][PID:16656]AosuApp.AosuFramework.ADataLoader:CLoadData
[18/04/15 23:20:47 528][TRACE][PID:16656]AosuApp.AosuFramework.ADataSourceUtil:CGetConnection
[18/04/15 23:20:47 532][TRACE][PID:16656]AosuApp.AosuFramework.ADataLoader:CLoadData
[18/04/15 23:20:47 538][TRACE][PID:16656]AosuApp.AosuFramework.ADataSourceUtil:CGetConnection
[18/04/15 23:20:47 542][TRACE][PID:16656]API.CP.BASE.Payment.TXFPaymentUtil:CGetQRImage
[18/04/15 23:21:51 582][TRACE][PID:16656]AosuApp.AosuFramework.ADataLoader:CLoadData
[18/04/15 23:21:51 588][TRACE][PID:16656]AosuApp.AosuFramework.ADataSourceUtil:CGetConnection
[18/04/15 23:21:51 593][TRACE][PID:16656]AosuApp.AosuFramework.ADataLoader:CLoadData
[18/04/15 23:21:51 594][TRACE][PID:16656]AosuApp.AosuFramework.ADataSourceUtil:CGetConnection
[18/04/15 23:21:51 599][TRACE][PID:16656]AosuApp.AosuFramework.ALocalDataLoader:CLoadData
[18/04/15 23:21:51 601][TRACE][PID:16656]API.CP.BASE.AAccountUtil:CGetJournalList
[18/04/15 23:21:51 602][TRACE][PID:16656]AosuApp.AosuFramework.ADataLoader:CLoadData
[18/04/15 23:21:51 603][TRACE][PID:16656]AosuApp.AosuFramework.ADataSourceUtil:CGetConnection
[18/04/15 23:21:51 614][TRACE][PID:16656]AosuApp.AosuFramework.ADataSourceUtil:CGetConnection
[18/04/15 23:21:51 619][TRACE][PID:16656]AosuApp.AosuFramework.ADataSourceUtil:CGetConnection
[18/04/15 23:21:51 800][TRACE][PID:16656]AosuApp.AosuFramework.ADataLoader:CLoadData
[18/04/15 23:21:51 802][TRACE][PID:16656]AosuApp.AosuFramework.ADataSourceUtil:CGetConnection
[18/04/15 23:21:51 807][TRACE][PID:16656]AosuApp.AosuFramework.ADataLoader:CLoadData
[18/04/15 23:21:51 808][TRACE][PID:16656]AosuApp.AosuFramework.ADataSourceUtil:CGetConnection
[18/04/15 23:21:52 306][TRACE][PID:16656]AosuApp.AosuFramework.ADataLoader:CLoadData
[18/04/15 23:21:52 307][TRACE][PID:16656]AosuApp.AosuFramework.ADataSourceUtil:CGetConnection
[18/04/15 23:21:52 967][TRACE][PID:16656]AosuApp.AosuFramework.ADataLoader:CLoadData
[18/04/15 23:21:52 970][TRACE][PID:16656]AosuApp.AosuFramework.ADataSourceUtil:CGetConnection
[18/04/15 23:21:52 976][TRACE][PID:16656]AosuApp.AosuFramework.ADataLoader:CLoadData
[18/04/15 23:21:52 986][TRACE][PID:16656]AosuApp.AosuFramework.ADataSourceUtil:CGetConnection
[18/04/15 23:21:52 991][TRACE][PID:16656]AosuApp.AosuFramework.ALocalDataLoader:CLoadData
[18/04/15 23:21:52 994][TRACE][PID:16656]AosuApp.AosuFramework.ADataLoader:CLoadData
[18/04/15 23:21:52 996][TRACE][PID:16656]AosuApp.AosuFramework.ADataSourceUtil:CGetConnection
[18/04/15 23:21:53 093][TRACE][PID:16656]AosuApp.AosuFramework.ADataLoader:CLoadData
[18/04/15 23:21:53 111][TRACE][PID:16656]AosuApp.AosuFramework.ADataSourceUtil:CGetConnection
[18/04/15 23:21:53 115][TRACE][PID:16656]AosuApp.AosuFramework.ADataLoader:CLoadData
[18/04/15 23:21:53 125][TRACE][PID:16656]AosuApp.AosuFramework.ADataSourceUtil:CGetConnection
[18/04/15 23:21:53 612][TRACE][PID:16656]AosuApp.AosuFramework.ADataLoader:CLoadData
[18/04/15 23:21:53 613][TRACE][PID:16656]AosuApp.AosuFramework.ADataSourceUtil:CGetConnection
[18/04/15 23:21:54 658][TRACE][PID:16656]AosuApp.AosuFramework.ADataLoader:CLoadData
[18/04/15 23:21:54 660][TRACE][PID:16656]AosuApp.AosuFramework.ADataSourceUtil:CGetConnection
[18/04/15 23:21:54 666][TRACE][PID:16656]AosuApp.AosuFramework.ADataLoader:CLoadData
[18/04/15 23:21:54 667][TRACE][PID:16656]AosuApp.AosuFramework.ADataSourceUtil:CGetConnection
[18/04/15 23:21:54 710][TRACE][PID:16656]AosuApp.AosuFramework.ADataLoader:CLoadData
[18/04/15 23:21:54 722][TRACE][PID:16656]AosuApp.AosuFramework.ADataSourceUtil:CGetConnection
[18/04/15 23:21:54 727][TRACE][PID:16656]AosuApp.AosuFramework.ADataLoader:CLoadData
[18/04/15 23:21:54 736][TRACE][PID:16656]AosuApp.AosuFramework.ADataSourceUtil:CGetConnection
[18/04/15 23:21:54 741][TRACE][PID:16656]AosuApp.AosuFramework.ADataLoader:CLoadData
[18/04/15 23:21:54 742][TRACE][PID:16656]AosuApp.AosuFramework.ADataSourceUtil:CGetConnection
[18/04/15 23:21:54 751][TRACE][PID:16656]AosuApp.AosuFramework.ADataLoader:CLoadData
[18/04/15 23:21:54 752][TRACE][PID:16656]AosuApp.AosuFramework.ADataSourceUtil:CGetConnection
[18/04/15 23:21:54 755][TRACE][PID:16656]API.CP.BASE.Payment.TXFPaymentUtil:CGetQRImage
[18/04/15 23:25:02 154][TRACE][PID:16656]AosuApp.AosuFramework.ADataLoader:CLoadData
[18/04/15 23:25:02 155][TRACE][PID:16656]AosuApp.AosuFramework.ADataSourceUtil:CGetConnection
[18/04/15 23:25:02 159][TRACE][PID:16656]AosuApp.AosuFramework.ADataLoader:CLoadData
[18/04/15 23:25:02 161][TRACE][PID:16656]AosuApp.AosuFramework.ADataSourceUtil:CGetConnection
[18/04/15 23:25:02 167][TRACE][PID:16656]AosuApp.AosuFramework.ALocalDataLoader:CLoadData
[18/04/15 23:25:02 169][TRACE][PID:16656]API.CP.BASE.AAccountUtil:CGetJournalList
[18/04/15 23:25:02 171][TRACE][PID:16656]AosuApp.AosuFramework.ADataLoader:CLoadData
[18/04/15 23:25:02 174][TRACE][PID:16656]AosuApp.AosuFramework.ADataSourceUtil:CGetConnection
[18/04/15 23:25:02 183][TRACE][PID:16656]AosuApp.AosuFramework.ADataSourceUtil:CGetConnection
[18/04/15 23:25:02 191][TRACE][PID:16656]AosuApp.AosuFramework.ADataSourceUtil:CGetConnection
[18/04/15 23:25:02 337][TRACE][PID:16656]AosuApp.AosuFramework.ADataLoader:CLoadData
[18/04/15 23:25:02 341][TRACE][PID:16656]AosuApp.AosuFramework.ADataSourceUtil:CGetConnection
[18/04/15 23:25:02 456][TRACE][PID:16656]AosuApp.AosuFramework.ADataLoader:CLoadData
[18/04/15 23:25:02 476][TRACE][PID:16656]AosuApp.AosuFramework.ADataSourceUtil:CGetConnection
[18/04/15 23:25:02 846][TRACE][PID:16656]AosuApp.AosuFramework.ADataLoader:CLoadData
[18/04/15 23:25:02 848][TRACE][PID:16656]AosuApp.AosuFramework.ADataSourceUtil:CGetConnection
[18/04/15 23:25:03 029][TRACE][PID:16656]AosuApp.AosuFramework.ADataLoader:CLoadData
[18/04/15 23:25:03 030][TRACE][PID:16656]AosuApp.AosuFramework.ADataSourceUtil:CGetConnection
[18/04/15 23:25:03 033][TRACE][PID:16656]AosuApp.AosuFramework.ADataLoader:CLoadData
[18/04/15 23:25:03 034][TRACE][PID:16656]AosuApp.AosuFramework.ADataSourceUtil:CGetConnection
[18/04/15 23:25:03 037][TRACE][PID:16656]AosuApp.AosuFramework.ALocalDataLoader:CLoadData
[18/04/15 23:25:03 054][TRACE][PID:16656]AosuApp.AosuFramework.ADataLoader:CLoadData
[18/04/15 23:25:03 055][TRACE][PID:16656]AosuApp.AosuFramework.ADataSourceUtil:CGetConnection
[18/04/15 23:25:03 142][TRACE][PID:16656]AosuApp.AosuFramework.ADataLoader:CLoadData
[18/04/15 23:25:03 143][TRACE][PID:16656]AosuApp.AosuFramework.ADataSourceUtil:CGetConnection
[18/04/15 23:25:03 148][TRACE][PID:16656]AosuApp.AosuFramework.ADataLoader:CLoadData
[18/04/15 23:25:03 150][TRACE][PID:16656]AosuApp.AosuFramework.ADataSourceUtil:CGetConnection
[18/04/15 23:25:03 643][TRACE][PID:16656]AosuApp.AosuFramework.ADataLoader:CLoadData
[18/04/15 23:25:03 645][TRACE][PID:16656]AosuApp.AosuFramework.ADataSourceUtil:CGetConnection
[18/04/15 23:25:04 642][TRACE][PID:16656]AosuApp.AosuFramework.ADataLoader:CLoadData
[18/04/15 23:25:04 648][TRACE][PID:16656]AosuApp.AosuFramework.ADataSourceUtil:CGetConnection
[18/04/15 23:25:04 652][TRACE][PID:16656]AosuApp.AosuFramework.ADataLoader:CLoadData
[18/04/15 23:25:04 654][TRACE][PID:16656]AosuApp.AosuFramework.ADataSourceUtil:CGetConnection
[18/04/15 23:25:04 667][TRACE][PID:16656]AosuApp.AosuFramework.ADataLoader:CLoadData
[18/04/15 23:25:04 669][TRACE][PID:16656]AosuApp.AosuFramework.ADataSourceUtil:CGetConnection
[18/04/15 23:25:04 679][TRACE][PID:16656]AosuApp.AosuFramework.ADataLoader:CLoadData
[18/04/15 23:25:04 681][TRACE][PID:16656]AosuApp.AosuFramework.ADataSourceUtil:CGetConnection
[18/04/15 23:25:04 685][TRACE][PID:16656]AosuApp.AosuFramework.ADataLoader:CLoadData
[18/04/15 23:25:04 686][TRACE][PID:16656]AosuApp.AosuFramework.ADataSourceUtil:CGetConnection
[18/04/15 23:25:04 691][TRACE][PID:16656]AosuApp.AosuFramework.ADataLoader:CLoadData
[18/04/15 23:25:04 692][TRACE][PID:16656]AosuApp.AosuFramework.ADataSourceUtil:CGetConnection
[18/04/15 23:25:04 704][TRACE][PID:16656]API.CP.BASE.Payment.TXFPaymentUtil:CGetQRImage
[18/04/15 23:36:28 359][TRACE][PID:16656]AosuApp.AosuFramework.ADataLoader:CLoadData
[18/04/15 23:36:28 381][TRACE][PID:16656]AosuApp.AosuFramework.ADataSourceUtil:CGetConnection
[18/04/15 23:36:28 387][TRACE][PID:16656]AosuApp.AosuFramework.ADataLoader:CLoadData
[18/04/15 23:36:28 401][TRACE][PID:16656]AosuApp.AosuFramework.ADataSourceUtil:CGetConnection
[18/04/15 23:36:28 476][TRACE][PID:16656]AosuApp.AosuFramework.ADataLoader:CLoadData
[18/04/15 23:36:28 538][TRACE][PID:16656]AosuApp.AosuFramework.ADataSourceUtil:CGetConnection
[18/04/15 23:36:28 547][TRACE][PID:16656]AosuApp.AosuFramework.ADataLoader:CLoadData
[18/04/15 23:36:28 553][TRACE][PID:16656]AosuApp.AosuFramework.ADataSourceUtil:CGetConnection
[18/04/15 23:36:28 559][TRACE][PID:16656]AosuApp.AosuFramework.ADataLoader:CLoadData
[18/04/15 23:36:28 565][TRACE][PID:16656]AosuApp.AosuFramework.ADataSourceUtil:CGetConnection
[18/04/15 23:36:28 571][TRACE][PID:16656]AosuApp.AosuFramework.ADataLoader:CLoadData
[18/04/15 23:36:28 572][TRACE][PID:16656]AosuApp.AosuFramework.ADataSourceUtil:CGetConnection
[18/04/15 23:36:28 576][TRACE][PID:16656]API.CP.BASE.Payment.TXFPaymentUtil:CGetQRImage
[18/04/15 23:48:38 855][TRACE][PID:16656]AosuApp.AosuFramework.ADataLoader:CLoadData
[18/04/15 23:48:38 929][TRACE][PID:16656]AosuApp.AosuFramework.ADataSourceUtil:CGetConnection
[18/04/15 23:48:38 961][TRACE][PID:16656]AosuApp.AosuFramework.ADataLoader:CLoadData
[18/04/15 23:48:38 968][TRACE][PID:16656]AosuApp.AosuFramework.ADataSourceUtil:CGetConnection
[18/04/15 23:48:38 990][TRACE][PID:16656]AosuApp.AosuFramework.ADataLoader:CLoadData
[18/04/15 23:48:38 999][TRACE][PID:16656]AosuApp.AosuFramework.ADataSourceUtil:CGetConnection
[18/04/15 23:48:39 008][TRACE][PID:16656]AosuApp.AosuFramework.ADataLoader:CLoadData
[18/04/15 23:48:39 012][TRACE][PID:16656]AosuApp.AosuFramework.ADataSourceUtil:CGetConnection
[18/04/15 23:48:39 019][TRACE][PID:16656]AosuApp.AosuFramework.ADataLoader:CLoadData
[18/04/15 23:48:39 020][TRACE][PID:16656]AosuApp.AosuFramework.ADataSourceUtil:CGetConnection
[18/04/15 23:48:39 026][TRACE][PID:16656]AosuApp.AosuFramework.ADataLoader:CLoadData
[18/04/15 23:48:39 031][TRACE][PID:16656]AosuApp.AosuFramework.ADataSourceUtil:CGetConnection
[18/04/15 23:48:39 038][TRACE][PID:16656]API.CP.BASE.Payment.TXFPaymentUtil:CGetQRImage
