[18/04/17 00:43:24 815][INFO ][PID:5816]开始!
[18/04/17 00:43:26 553][INFO ][PID:5816]启动路径：E:\workspace\CAIKA365\CAIKA365.WEB\
[18/04/17 00:43:26 597][INFO ][PID:5816]配置路径：E:\workspace\CAIKA365\CAIKA365.WEB\/Data/AosuConfig.xml
[18/04/17 00:43:26 600][TRACE][PID:5816]AosuApp.AosuFramework.AWSDataUtil:CLoadData
[18/04/17 00:43:26 814][TRACE][PID:5816]AosuApp.AosuFramework.AWSUtil:CServerState
[18/04/17 00:43:26 983][TRACE][PID:5816]AosuApp.AosuFramework.ALocalDataLoader:CLoadData
[18/04/17 00:43:26 985][ERROR][PID:5816]AosuApp.Web.WSHandler.xml不存在!
[18/04/17 00:43:28 166][TRACE][PID:5816]AosuApp.AosuFramework.ALocalDataLoader:CLoadData
[18/04/17 00:43:41 874][TRACE][PID:5816]AosuApp.AosuFramework.ALocalDataLoader:CLoadData
[18/04/17 00:43:54 771][TRACE][PID:5816]AosuApp.AosuFramework.ADataLoader:CLoadData
[18/04/17 00:43:54 788][TRACE][PID:5816]AosuApp.AosuFramework.ADataSourceUtil:CGetConnection
[18/04/17 00:43:56 424][TRACE][PID:5816]AosuApp.AosuSSO.APassport:CSignOn
[18/04/17 00:43:56 496][TRACE][PID:5816]AosuApp.AosuSSO.ADomain:CCheckLicense
[18/04/17 00:43:56 501][TRACE][PID:5816]AosuApp.AosuSSO.ADomain:CGetADomainDS
[18/04/17 00:43:56 505][TRACE][PID:5816]AosuApp.AosuFramework.ADataLoader:CLoadData
[18/04/17 00:43:56 508][TRACE][PID:5816]AosuApp.AosuFramework.ADataSourceUtil:CGetConnection
[18/04/17 00:43:56 604][TRACE][PID:5816]AosuApp.AosuFramework.ADataLoader:CLoadData
[18/04/17 00:43:56 605][TRACE][PID:5816]AosuApp.AosuFramework.ADataSourceUtil:CGetConnection
[18/04/17 00:43:56 635][TRACE][PID:5816]AosuApp.AosuFramework.ADataLoader:CLoadData
[18/04/17 00:43:56 637][TRACE][PID:5816]AosuApp.AosuFramework.ADataSourceUtil:CGetConnection
[18/04/17 00:43:56 659][TRACE][PID:5816]AosuApp.AosuFramework.ADataSourceUtil:CGetConnection
[18/04/17 00:43:56 709][TRACE][PID:5816]AosuApp.AosuSSO.APassport:CVerifyPasswrod
[18/04/17 00:43:56 711][TRACE][PID:5816]AosuApp.AosuFramework.ADataLoader:CLoadData
[18/04/17 00:43:56 712][TRACE][PID:5816]AosuApp.AosuFramework.ADataSourceUtil:CGetConnection
[18/04/17 00:43:56 716][TRACE][PID:5816]AosuApp.AosuFramework.ADataLoader:CPersistent
[18/04/17 00:43:56 763][TRACE][PID:5816]AosuApp.AosuFramework.ADataSourceUtil:CGetConnection
[18/04/17 00:43:56 814][TRACE][PID:5816]AosuApp.AosuFramework.ADataLoader:CLoadData
[18/04/17 00:43:56 815][TRACE][PID:5816]AosuApp.AosuFramework.ADataSourceUtil:CGetConnection
[18/04/17 00:43:56 818][TRACE][PID:5816]AosuApp.AosuFramework.ADataLoader:CPersistent
[18/04/17 00:43:56 819][TRACE][PID:5816]AosuApp.AosuFramework.ADataSourceUtil:CGetConnection
[18/04/17 00:43:56 970][TRACE][PID:5816]AosuApp.AosuFramework.ALocalDataLoader:CLoadData
[18/04/17 00:43:57 963][TRACE][PID:5816]AosuApp.AosuFramework.ADataLoader:CLoadData
[18/04/17 00:43:57 973][TRACE][PID:5816]AosuApp.AosuFramework.ADataSourceUtil:CGetConnection
[18/04/17 00:43:58 050][TRACE][PID:5816]AosuApp.AosuFramework.ADataLoader:CLoadData
[18/04/17 00:43:58 051][TRACE][PID:5816]AosuApp.AosuFramework.ADataSourceUtil:CGetConnection
[18/04/17 00:43:59 077][TRACE][PID:5816]AosuApp.AosuFramework.ADataLoader:CLoadData
[18/04/17 00:43:59 078][TRACE][PID:5816]AosuApp.AosuFramework.ADataSourceUtil:CGetConnection
[18/04/17 00:43:59 084][TRACE][PID:5816]AosuApp.AosuFramework.ADataLoader:CLoadData
[18/04/17 00:43:59 086][TRACE][PID:5816]AosuApp.AosuFramework.ADataSourceUtil:CGetConnection
[18/04/17 00:43:59 189][TRACE][PID:5816]AosuApp.AosuFramework.ADataLoader:CLoadData
[18/04/17 00:43:59 254][TRACE][PID:5816]AosuApp.AosuFramework.ADataSourceUtil:CGetConnection
[18/04/17 00:43:59 259][TRACE][PID:5816]AosuApp.AosuFramework.ADataLoader:CLoadData
[18/04/17 00:43:59 261][TRACE][PID:5816]AosuApp.AosuFramework.ADataSourceUtil:CGetConnection
[18/04/17 00:43:59 267][TRACE][PID:5816]AosuApp.AosuFramework.ALocalDataLoader:CLoadData
[18/04/17 00:43:59 543][TRACE][PID:5816]API.CP.BASE.AAccountUtil:CGetJournalList
[18/04/17 00:43:59 546][TRACE][PID:5816]AosuApp.AosuFramework.ADataLoader:CLoadData
[18/04/17 00:43:59 547][TRACE][PID:5816]AosuApp.AosuFramework.ADataSourceUtil:CGetConnection
[18/04/17 00:43:59 633][TRACE][PID:5816]AosuApp.AosuFramework.ADataSourceUtil:CGetConnection
[18/04/17 00:43:59 636][TRACE][PID:5816]AosuApp.AosuFramework.ADataSourceUtil:CGetConnection
[18/04/17 00:44:05 911][TRACE][PID:5816]AosuApp.AosuFramework.ADataLoader:CLoadData
[18/04/17 00:44:05 915][TRACE][PID:5816]AosuApp.AosuFramework.ADataSourceUtil:CGetConnection
[18/04/17 00:44:05 921][TRACE][PID:5816]AosuApp.AosuFramework.ADataLoader:CLoadData
[18/04/17 00:44:05 922][TRACE][PID:5816]AosuApp.AosuFramework.ADataSourceUtil:CGetConnection
[18/04/17 00:44:06 043][TRACE][PID:5816]AosuApp.AosuFramework.ADataLoader:CLoadData
[18/04/17 00:44:06 044][TRACE][PID:5816]AosuApp.AosuFramework.ADataSourceUtil:CGetConnection
[18/04/17 00:44:06 046][TRACE][PID:5816]AosuApp.AosuFramework.ADataLoader:CLoadData
[18/04/17 00:44:06 047][TRACE][PID:5816]AosuApp.AosuFramework.ADataSourceUtil:CGetConnection
[18/04/17 00:44:06 434][TRACE][PID:5816]AosuApp.AosuFramework.ADataLoader:CLoadData
[18/04/17 00:44:06 435][TRACE][PID:5816]AosuApp.AosuFramework.ADataSourceUtil:CGetConnection
[18/04/17 00:44:08 537][TRACE][PID:5816]AosuApp.AosuFramework.ADataLoader:CLoadData
[18/04/17 00:44:08 539][TRACE][PID:5816]AosuApp.AosuFramework.ADataSourceUtil:CGetConnection
[18/04/17 00:44:08 543][TRACE][PID:5816]AosuApp.AosuFramework.ADataLoader:CLoadData
[18/04/17 00:44:08 544][TRACE][PID:5816]AosuApp.AosuFramework.ADataSourceUtil:CGetConnection
[18/04/17 00:44:08 548][TRACE][PID:5816]AosuApp.AosuFramework.ALocalDataLoader:CLoadData
[18/04/17 00:44:08 550][TRACE][PID:5816]AosuApp.AosuFramework.ADataLoader:CLoadData
[18/04/17 00:44:08 551][TRACE][PID:5816]AosuApp.AosuFramework.ADataSourceUtil:CGetConnection
[18/04/17 00:44:08 707][TRACE][PID:5816]AosuApp.AosuFramework.ADataLoader:CLoadData
[18/04/17 00:44:08 710][TRACE][PID:5816]AosuApp.AosuFramework.ADataSourceUtil:CGetConnection
[18/04/17 00:44:08 714][TRACE][PID:5816]AosuApp.AosuFramework.ADataLoader:CLoadData
[18/04/17 00:44:08 716][TRACE][PID:5816]AosuApp.AosuFramework.ADataSourceUtil:CGetConnection
[18/04/17 00:44:08 737][TRACE][PID:5816]AosuApp.AosuFramework.ADataLoader:CLoadData
[18/04/17 00:44:08 738][TRACE][PID:5816]AosuApp.AosuFramework.ADataSourceUtil:CGetConnection
[18/04/17 00:45:32 522][TRACE][PID:5816]AosuApp.AosuFramework.ADataLoader:CLoadData
[18/04/17 00:45:32 523][TRACE][PID:5816]AosuApp.AosuFramework.ADataSourceUtil:CGetConnection
[18/04/17 00:45:32 525][TRACE][PID:5816]AosuApp.AosuFramework.ADataLoader:CLoadData
[18/04/17 00:45:32 527][TRACE][PID:5816]AosuApp.AosuFramework.ADataSourceUtil:CGetConnection
[18/04/17 00:45:32 532][TRACE][PID:5816]AosuApp.AosuFramework.ALocalDataLoader:CLoadData
[18/04/17 00:45:32 551][TRACE][PID:5816]AosuApp.AosuFramework.ADataLoader:CLoadData
[18/04/17 00:45:32 555][TRACE][PID:5816]AosuApp.AosuFramework.ADataSourceUtil:CGetConnection
[18/04/17 00:45:32 635][TRACE][PID:5816]AosuApp.AosuFramework.ADataLoader:CLoadData
[18/04/17 00:45:32 636][TRACE][PID:5816]AosuApp.AosuFramework.ADataSourceUtil:CGetConnection
[18/04/17 00:45:33 139][TRACE][PID:5816]AosuApp.AosuFramework.ADataLoader:CLoadData
[18/04/17 00:45:33 140][TRACE][PID:5816]AosuApp.AosuFramework.ADataSourceUtil:CGetConnection
[18/04/17 00:45:33 142][TRACE][PID:5816]AosuApp.AosuFramework.ADataLoader:CLoadData
[18/04/17 00:45:33 143][TRACE][PID:5816]AosuApp.AosuFramework.ADataSourceUtil:CGetConnection
[18/04/17 00:45:34 580][TRACE][PID:5816]AosuApp.AosuFramework.ADataLoader:CLoadData
[18/04/17 00:45:34 581][TRACE][PID:5816]AosuApp.AosuFramework.ADataSourceUtil:CGetConnection
[18/04/17 00:45:34 584][TRACE][PID:5816]AosuApp.AosuFramework.ADataLoader:CLoadData
[18/04/17 00:45:34 585][TRACE][PID:5816]AosuApp.AosuFramework.ADataSourceUtil:CGetConnection
[18/04/17 00:45:34 589][TRACE][PID:5816]AosuApp.AosuFramework.ALocalDataLoader:CLoadData
[18/04/17 00:45:34 590][TRACE][PID:5816]AosuApp.AosuFramework.ADataLoader:CLoadData
[18/04/17 00:45:34 601][TRACE][PID:5816]AosuApp.AosuFramework.ADataSourceUtil:CGetConnection
[18/04/17 00:45:34 653][TRACE][PID:5816]AosuApp.AosuFramework.ADataLoader:CLoadData
[18/04/17 00:45:34 664][TRACE][PID:5816]AosuApp.AosuFramework.ADataSourceUtil:CGetConnection
[18/04/17 00:45:34 671][TRACE][PID:5816]AosuApp.AosuFramework.ADataLoader:CLoadData
[18/04/17 00:45:34 675][TRACE][PID:5816]AosuApp.AosuFramework.ADataSourceUtil:CGetConnection
[18/04/17 00:45:35 164][TRACE][PID:5816]AosuApp.AosuFramework.ADataLoader:CLoadData
[18/04/17 00:45:35 166][TRACE][PID:5816]AosuApp.AosuFramework.ADataSourceUtil:CGetConnection
[18/04/17 00:45:54 729][TRACE][PID:5816]AosuApp.AosuFramework.ADataLoader:CLoadData
[18/04/17 00:45:54 730][TRACE][PID:5816]AosuApp.AosuFramework.ADataSourceUtil:CGetConnection
[18/04/17 00:45:54 734][TRACE][PID:5816]AosuApp.AosuFramework.ADataLoader:CLoadData
[18/04/17 00:45:54 735][TRACE][PID:5816]AosuApp.AosuFramework.ADataSourceUtil:CGetConnection
[18/04/17 00:45:54 768][TRACE][PID:5816]AosuApp.AosuFramework.ADataLoader:CLoadData
[18/04/17 00:45:54 769][TRACE][PID:5816]AosuApp.AosuFramework.ADataSourceUtil:CGetConnection
[18/04/17 00:45:54 772][TRACE][PID:5816]AosuApp.AosuFramework.ADataLoader:CLoadData
[18/04/17 00:45:54 773][TRACE][PID:5816]AosuApp.AosuFramework.ADataSourceUtil:CGetConnection
[18/04/17 00:45:54 777][TRACE][PID:5816]AosuApp.AosuFramework.ADataLoader:CLoadData
[18/04/17 00:45:54 779][TRACE][PID:5816]AosuApp.AosuFramework.ADataSourceUtil:CGetConnection
[18/04/17 00:45:54 811][TRACE][PID:5816]AosuApp.AosuFramework.ADataLoader:CLoadData
[18/04/17 00:45:54 816][TRACE][PID:5816]AosuApp.AosuFramework.ADataSourceUtil:CGetConnection
[18/04/17 00:45:55 058][TRACE][PID:5816]API.CP.BASE.Payment.JYPaymentUtil:CGetQRImage
[18/04/17 00:46:03 003][TRACE][PID:5816]AosuApp.AosuFramework.ADataLoader:CLoadData
[18/04/17 00:46:03 008][TRACE][PID:5816]AosuApp.AosuFramework.ADataSourceUtil:CGetConnection
[18/04/17 00:46:03 011][TRACE][PID:5816]AosuApp.AosuFramework.ADataLoader:CLoadData
[18/04/17 00:46:03 012][TRACE][PID:5816]AosuApp.AosuFramework.ADataSourceUtil:CGetConnection
[18/04/17 00:46:03 016][TRACE][PID:5816]AosuApp.AosuFramework.ALocalDataLoader:CLoadData
[18/04/17 00:46:03 019][TRACE][PID:5816]API.CP.BASE.AAccountUtil:CGetJournalList
[18/04/17 00:46:03 020][TRACE][PID:5816]AosuApp.AosuFramework.ADataLoader:CLoadData
[18/04/17 00:46:03 021][TRACE][PID:5816]AosuApp.AosuFramework.ADataSourceUtil:CGetConnection
[18/04/17 00:46:03 025][TRACE][PID:5816]AosuApp.AosuFramework.ADataSourceUtil:CGetConnection
[18/04/17 00:46:03 037][TRACE][PID:5816]AosuApp.AosuFramework.ADataSourceUtil:CGetConnection
[18/04/17 00:46:03 256][TRACE][PID:5816]AosuApp.AosuFramework.ADataLoader:CLoadData
[18/04/17 00:46:03 257][TRACE][PID:5816]AosuApp.AosuFramework.ADataSourceUtil:CGetConnection
[18/04/17 00:46:03 263][TRACE][PID:5816]AosuApp.AosuFramework.ADataLoader:CLoadData
[18/04/17 00:46:03 276][TRACE][PID:5816]AosuApp.AosuFramework.ADataSourceUtil:CGetConnection
[18/04/17 00:46:03 321][TRACE][PID:5816]AosuApp.AosuFramework.ADataLoader:CLoadData
[18/04/17 00:46:03 323][TRACE][PID:5816]AosuApp.AosuFramework.ADataSourceUtil:CGetConnection
[18/04/17 00:46:04 782][TRACE][PID:5816]AosuApp.AosuFramework.ADataLoader:CLoadData
[18/04/17 00:46:04 784][TRACE][PID:5816]AosuApp.AosuFramework.ADataSourceUtil:CGetConnection
[18/04/17 00:46:04 788][TRACE][PID:5816]AosuApp.AosuFramework.ADataLoader:CLoadData
[18/04/17 00:46:04 790][TRACE][PID:5816]AosuApp.AosuFramework.ADataSourceUtil:CGetConnection
[18/04/17 00:46:04 796][TRACE][PID:5816]AosuApp.AosuFramework.ALocalDataLoader:CLoadData
[18/04/17 00:46:04 798][TRACE][PID:5816]AosuApp.AosuFramework.ADataLoader:CLoadData
[18/04/17 00:46:04 800][TRACE][PID:5816]AosuApp.AosuFramework.ADataSourceUtil:CGetConnection
[18/04/17 00:46:04 855][TRACE][PID:5816]AosuApp.AosuFramework.ADataLoader:CLoadData
[18/04/17 00:46:04 858][TRACE][PID:5816]AosuApp.AosuFramework.ADataSourceUtil:CGetConnection
[18/04/17 00:46:04 862][TRACE][PID:5816]AosuApp.AosuFramework.ADataLoader:CLoadData
[18/04/17 00:46:04 864][TRACE][PID:5816]AosuApp.AosuFramework.ADataSourceUtil:CGetConnection
[18/04/17 00:46:05 366][TRACE][PID:5816]AosuApp.AosuFramework.ADataLoader:CLoadData
[18/04/17 00:46:05 372][TRACE][PID:5816]AosuApp.AosuFramework.ADataSourceUtil:CGetConnection
[18/04/17 00:46:06 905][TRACE][PID:5816]AosuApp.AosuFramework.ADataLoader:CLoadData
[18/04/17 00:46:07 035][TRACE][PID:5816]AosuApp.AosuFramework.ADataSourceUtil:CGetConnection
[18/04/17 00:46:07 083][TRACE][PID:5816]AosuApp.AosuFramework.ADataLoader:CLoadData
[18/04/17 00:46:07 150][TRACE][PID:5816]AosuApp.AosuFramework.ADataSourceUtil:CGetConnection
[18/04/17 00:46:07 179][TRACE][PID:5816]AosuApp.AosuFramework.ADataLoader:CLoadData
[18/04/17 00:46:07 182][TRACE][PID:5816]AosuApp.AosuFramework.ADataSourceUtil:CGetConnection
[18/04/17 00:46:07 185][TRACE][PID:5816]AosuApp.AosuFramework.ADataLoader:CLoadData
[18/04/17 00:46:07 186][TRACE][PID:5816]AosuApp.AosuFramework.ADataSourceUtil:CGetConnection
[18/04/17 00:46:07 190][TRACE][PID:5816]AosuApp.AosuFramework.ADataLoader:CLoadData
[18/04/17 00:46:07 192][TRACE][PID:5816]AosuApp.AosuFramework.ADataSourceUtil:CGetConnection
[18/04/17 00:46:07 228][TRACE][PID:5816]AosuApp.AosuFramework.ADataLoader:CLoadData
[18/04/17 00:46:07 232][TRACE][PID:5816]AosuApp.AosuFramework.ADataSourceUtil:CGetConnection
[18/04/17 00:46:07 245][TRACE][PID:5816]API.CP.BASE.Payment.SYPaymentUtil:CGetQRImage
[18/04/17 00:53:47 997][TRACE][PID:5816]AosuApp.AosuFramework.ADataLoader:CLoadData
[18/04/17 00:53:48 039][TRACE][PID:5816]AosuApp.AosuFramework.ADataSourceUtil:CGetConnection
[18/04/17 00:53:48 102][TRACE][PID:5816]AosuApp.AosuFramework.ADataLoader:CLoadData
[18/04/17 00:53:48 106][TRACE][PID:5816]AosuApp.AosuFramework.ADataSourceUtil:CGetConnection
[18/04/17 00:53:48 114][TRACE][PID:5816]AosuApp.AosuFramework.ALocalDataLoader:CLoadData
[18/04/17 00:53:48 117][TRACE][PID:5816]API.CP.BASE.AAccountUtil:CGetJournalList
[18/04/17 00:53:48 119][TRACE][PID:5816]AosuApp.AosuFramework.ADataLoader:CLoadData
[18/04/17 00:53:48 119][TRACE][PID:5816]AosuApp.AosuFramework.ADataSourceUtil:CGetConnection
[18/04/17 00:53:48 124][TRACE][PID:5816]AosuApp.AosuFramework.ADataSourceUtil:CGetConnection
[18/04/17 00:53:48 130][TRACE][PID:5816]AosuApp.AosuFramework.ADataSourceUtil:CGetConnection
[18/04/17 00:53:48 513][TRACE][PID:5816]AosuApp.AosuFramework.ADataLoader:CLoadData
[18/04/17 00:53:48 514][TRACE][PID:5816]AosuApp.AosuFramework.ADataSourceUtil:CGetConnection
[18/04/17 00:53:48 518][TRACE][PID:5816]AosuApp.AosuFramework.ADataLoader:CLoadData
[18/04/17 00:53:48 522][TRACE][PID:5816]AosuApp.AosuFramework.ADataSourceUtil:CGetConnection
[18/04/17 00:53:48 568][TRACE][PID:5816]AosuApp.AosuFramework.ADataLoader:CLoadData
[18/04/17 00:53:48 589][TRACE][PID:5816]AosuApp.AosuFramework.ADataSourceUtil:CGetConnection
[18/04/17 00:53:48 593][TRACE][PID:5816]AosuApp.AosuFramework.ADataLoader:CLoadData
[18/04/17 00:53:48 594][TRACE][PID:5816]AosuApp.AosuFramework.ADataSourceUtil:CGetConnection
[18/04/17 00:53:48 599][TRACE][PID:5816]AosuApp.AosuFramework.ADataLoader:CLoadData
[18/04/17 00:53:48 600][TRACE][PID:5816]AosuApp.AosuFramework.ADataSourceUtil:CGetConnection
[18/04/17 00:53:48 613][TRACE][PID:5816]AosuApp.AosuFramework.ADataLoader:CLoadData
[18/04/17 00:53:48 614][TRACE][PID:5816]AosuApp.AosuFramework.ADataSourceUtil:CGetConnection
[18/04/17 00:53:48 618][TRACE][PID:5816]API.CP.BASE.Payment.SYPaymentUtil:CGetQRImage
[18/04/17 00:54:14 042][TRACE][PID:5816]AosuApp.AosuFramework.ADataLoader:CLoadData
[18/04/17 00:54:14 048][TRACE][PID:5816]AosuApp.AosuFramework.ADataSourceUtil:CGetConnection
[18/04/17 00:54:14 050][TRACE][PID:5816]AosuApp.AosuFramework.ADataLoader:CLoadData
[18/04/17 00:54:14 051][TRACE][PID:5816]AosuApp.AosuFramework.ADataSourceUtil:CGetConnection
[18/04/17 00:54:14 056][TRACE][PID:5816]AosuApp.AosuFramework.ALocalDataLoader:CLoadData
[18/04/17 00:54:14 058][TRACE][PID:5816]AosuApp.AosuFramework.ADataLoader:CLoadData
[18/04/17 00:54:14 059][TRACE][PID:5816]AosuApp.AosuFramework.ADataSourceUtil:CGetConnection
[18/04/17 00:54:14 216][TRACE][PID:5816]AosuApp.AosuFramework.ADataLoader:CLoadData
[18/04/17 00:54:14 222][TRACE][PID:5816]AosuApp.AosuFramework.ADataSourceUtil:CGetConnection
[18/04/17 00:54:14 557][TRACE][PID:5816]AosuApp.AosuFramework.ADataLoader:CLoadData
[18/04/17 00:54:14 559][TRACE][PID:5816]AosuApp.AosuFramework.ADataSourceUtil:CGetConnection
[18/04/17 00:54:14 562][TRACE][PID:5816]AosuApp.AosuFramework.ADataLoader:CLoadData
[18/04/17 00:54:14 565][TRACE][PID:5816]AosuApp.AosuFramework.ADataSourceUtil:CGetConnection
[18/04/17 00:54:14 726][TRACE][PID:5816]AosuApp.AosuFramework.ADataLoader:CLoadData
[18/04/17 00:54:14 727][TRACE][PID:5816]AosuApp.AosuFramework.ADataSourceUtil:CGetConnection
[18/04/17 00:54:14 730][TRACE][PID:5816]AosuApp.AosuFramework.ADataLoader:CLoadData
[18/04/17 00:54:14 731][TRACE][PID:5816]AosuApp.AosuFramework.ADataSourceUtil:CGetConnection
[18/04/17 00:54:15 073][TRACE][PID:5816]AosuApp.AosuFramework.ADataLoader:CLoadData
[18/04/17 00:54:15 081][TRACE][PID:5816]AosuApp.AosuFramework.ADataSourceUtil:CGetConnection
[18/04/17 00:54:15 084][TRACE][PID:5816]AosuApp.AosuFramework.ADataLoader:CLoadData
[18/04/17 00:54:15 087][TRACE][PID:5816]AosuApp.AosuFramework.ADataSourceUtil:CGetConnection
[18/04/17 00:54:15 587][TRACE][PID:5816]AosuApp.AosuFramework.ADataLoader:CLoadData
[18/04/17 00:54:15 610][TRACE][PID:5816]AosuApp.AosuFramework.ADataSourceUtil:CGetConnection
[18/04/17 00:54:15 619][TRACE][PID:5816]AosuApp.AosuFramework.ADataLoader:CLoadData
[18/04/17 00:54:15 621][TRACE][PID:5816]AosuApp.AosuFramework.ADataSourceUtil:CGetConnection
[18/04/17 00:54:16 086][TRACE][PID:5816]AosuApp.AosuFramework.ADataLoader:CLoadData
[18/04/17 00:54:16 087][TRACE][PID:5816]AosuApp.AosuFramework.ADataSourceUtil:CGetConnection
[18/04/17 00:54:16 090][TRACE][PID:5816]AosuApp.AosuFramework.ADataLoader:CLoadData
[18/04/17 00:54:16 091][TRACE][PID:5816]AosuApp.AosuFramework.ADataSourceUtil:CGetConnection
[18/04/17 00:54:16 599][TRACE][PID:5816]AosuApp.AosuFramework.ADataLoader:CLoadData
[18/04/17 00:54:16 601][TRACE][PID:5816]AosuApp.AosuFramework.ADataSourceUtil:CGetConnection
[18/04/17 00:54:16 603][TRACE][PID:5816]AosuApp.AosuFramework.ADataLoader:CLoadData
[18/04/17 00:54:16 604][TRACE][PID:5816]AosuApp.AosuFramework.ADataSourceUtil:CGetConnection
[18/04/17 00:54:16 609][TRACE][PID:5816]AosuApp.AosuFramework.ALocalDataLoader:CLoadData
[18/04/17 00:54:16 612][TRACE][PID:5816]AosuApp.AosuFramework.ADataLoader:CLoadData
[18/04/17 00:54:16 620][TRACE][PID:5816]AosuApp.AosuFramework.ADataSourceUtil:CGetConnection
[18/04/17 00:54:16 730][TRACE][PID:5816]AosuApp.AosuFramework.ADataLoader:CLoadData
[18/04/17 00:54:16 732][TRACE][PID:5816]AosuApp.AosuFramework.ADataSourceUtil:CGetConnection
[18/04/17 00:54:16 734][TRACE][PID:5816]AosuApp.AosuFramework.ADataLoader:CLoadData
[18/04/17 00:54:16 735][TRACE][PID:5816]AosuApp.AosuFramework.ADataSourceUtil:CGetConnection
[18/04/17 00:54:16 826][TRACE][PID:5816]AosuApp.AosuFramework.ADataLoader:CLoadData
[18/04/17 00:54:16 883][TRACE][PID:5816]AosuApp.AosuFramework.ADataSourceUtil:CGetConnection
[18/04/17 00:54:16 887][TRACE][PID:5816]AosuApp.AosuFramework.ADataLoader:CLoadData
[18/04/17 00:54:16 889][TRACE][PID:5816]AosuApp.AosuFramework.ADataSourceUtil:CGetConnection
[18/04/17 00:54:16 893][TRACE][PID:5816]AosuApp.AosuFramework.ADataLoader:CLoadData
[18/04/17 00:54:16 894][TRACE][PID:5816]AosuApp.AosuFramework.ADataSourceUtil:CGetConnection
[18/04/17 00:54:16 898][TRACE][PID:5816]AosuApp.AosuFramework.ADataLoader:CLoadData
[18/04/17 00:54:16 899][TRACE][PID:5816]AosuApp.AosuFramework.ADataSourceUtil:CGetConnection
[18/04/17 00:54:16 903][TRACE][PID:5816]API.CP.BASE.Payment.SYPaymentUtil:CGetQRImage
[18/04/17 02:01:16 454][TRACE][PID:5816]AosuApp.AosuFramework.ALocalDataLoader:CLoadData
[18/04/17 02:01:27 454][TRACE][PID:5816]AosuApp.AosuFramework.ADataLoader:CLoadData
[18/04/17 02:01:27 456][TRACE][PID:5816]AosuApp.AosuFramework.ADataSourceUtil:CGetConnection
[18/04/17 02:01:27 497][TRACE][PID:5816]AosuApp.AosuSSO.APassport:CSignOn
[18/04/17 02:01:27 499][TRACE][PID:5816]AosuApp.AosuSSO.ADomain:CCheckLicense
[18/04/17 02:01:27 500][TRACE][PID:5816]AosuApp.AosuSSO.ADomain:CGetADomainDS
[18/04/17 02:01:27 510][TRACE][PID:5816]AosuApp.AosuFramework.ADataLoader:CLoadData
[18/04/17 02:01:27 512][TRACE][PID:5816]AosuApp.AosuFramework.ADataSourceUtil:CGetConnection
[18/04/17 02:01:27 569][TRACE][PID:5816]AosuApp.AosuFramework.ADataLoader:CLoadData
[18/04/17 02:01:27 570][TRACE][PID:5816]AosuApp.AosuFramework.ADataSourceUtil:CGetConnection
[18/04/17 02:01:27 615][TRACE][PID:5816]AosuApp.AosuFramework.ADataLoader:CLoadData
[18/04/17 02:01:27 616][TRACE][PID:5816]AosuApp.AosuFramework.ADataSourceUtil:CGetConnection
[18/04/17 02:01:27 760][TRACE][PID:5816]AosuApp.AosuFramework.ADataSourceUtil:CGetConnection
[18/04/17 02:01:27 804][TRACE][PID:5816]AosuApp.AosuSSO.APassport:CVerifyPasswrod
[18/04/17 02:01:27 809][TRACE][PID:5816]AosuApp.AosuFramework.ADataLoader:CLoadData
[18/04/17 02:01:27 814][TRACE][PID:5816]AosuApp.AosuFramework.ADataSourceUtil:CGetConnection
[18/04/17 02:01:27 817][TRACE][PID:5816]AosuApp.AosuFramework.ADataLoader:CPersistent
[18/04/17 02:01:27 867][TRACE][PID:5816]AosuApp.AosuFramework.ADataSourceUtil:CGetConnection
[18/04/17 02:01:27 947][TRACE][PID:5816]AosuApp.AosuFramework.ADataLoader:CLoadData
[18/04/17 02:01:27 948][TRACE][PID:5816]AosuApp.AosuFramework.ADataSourceUtil:CGetConnection
[18/04/17 02:01:27 998][TRACE][PID:5816]AosuApp.AosuFramework.ADataLoader:CPersistent
[18/04/17 02:01:27 999][TRACE][PID:5816]AosuApp.AosuFramework.ADataSourceUtil:CGetConnection
[18/04/17 02:01:28 040][TRACE][PID:5816]AosuApp.AosuFramework.ADataLoader:CLoadData
[18/04/17 02:01:28 045][TRACE][PID:5816]AosuApp.AosuFramework.ADataSourceUtil:CGetConnection
[18/04/17 02:01:28 049][TRACE][PID:5816]AosuApp.AosuFramework.ADataLoader:CLoadData
[18/04/17 02:01:28 050][TRACE][PID:5816]AosuApp.AosuFramework.ADataSourceUtil:CGetConnection
[18/04/17 02:01:28 054][TRACE][PID:5816]AosuApp.AosuFramework.ALocalDataLoader:CLoadData
[18/04/17 02:01:28 093][TRACE][PID:5816]AosuApp.AosuFramework.ADataLoader:CLoadData
[18/04/17 02:01:28 094][TRACE][PID:5816]AosuApp.AosuFramework.ADataSourceUtil:CGetConnection
[18/04/17 02:01:28 817][TRACE][PID:5816]AosuApp.AosuFramework.ADataLoader:CLoadData
[18/04/17 02:01:28 834][TRACE][PID:5816]AosuApp.AosuFramework.ADataSourceUtil:CGetConnection
[18/04/17 02:01:28 837][TRACE][PID:5816]AosuApp.AosuFramework.ADataLoader:CLoadData
[18/04/17 02:01:28 868][TRACE][PID:5816]AosuApp.AosuFramework.ADataSourceUtil:CGetConnection
[18/04/17 02:01:29 366][TRACE][PID:5816]AosuApp.AosuFramework.ADataLoader:CLoadData
[18/04/17 02:01:29 369][TRACE][PID:5816]AosuApp.AosuFramework.ADataSourceUtil:CGetConnection
[18/04/17 02:01:30 540][TRACE][PID:5816]AosuApp.AosuFramework.ADataLoader:CLoadData
[18/04/17 02:01:30 541][TRACE][PID:5816]AosuApp.AosuFramework.ADataSourceUtil:CGetConnection
[18/04/17 02:01:30 545][TRACE][PID:5816]AosuApp.AosuFramework.ADataLoader:CLoadData
[18/04/17 02:01:30 546][TRACE][PID:5816]AosuApp.AosuFramework.ADataSourceUtil:CGetConnection
[18/04/17 02:01:30 564][TRACE][PID:5816]AosuApp.AosuFramework.ADataLoader:CLoadData
[18/04/17 02:01:30 565][TRACE][PID:5816]AosuApp.AosuFramework.ADataSourceUtil:CGetConnection
[18/04/17 02:01:30 567][TRACE][PID:5816]AosuApp.AosuFramework.ADataLoader:CLoadData
[18/04/17 02:01:30 568][TRACE][PID:5816]AosuApp.AosuFramework.ADataSourceUtil:CGetConnection
[18/04/17 02:01:30 573][TRACE][PID:5816]AosuApp.AosuFramework.ADataLoader:CLoadData
[18/04/17 02:01:30 584][TRACE][PID:5816]AosuApp.AosuFramework.ADataSourceUtil:CGetConnection
[18/04/17 02:01:30 638][TRACE][PID:5816]AosuApp.AosuFramework.ADataLoader:CLoadData
[18/04/17 02:01:30 641][TRACE][PID:5816]AosuApp.AosuFramework.ADataSourceUtil:CGetConnection
[18/04/17 02:01:30 646][TRACE][PID:5816]API.CP.BASE.Payment.SYPaymentUtil:CGetQRImage
[18/04/17 02:10:23 790][INFO ][PID:15300]开始!
[18/04/17 02:10:24 176][INFO ][PID:15300]启动路径：E:\workspace\CAIKA365\CAIKA365.WEB\
[18/04/17 02:10:23 794][INFO ][PID:15300]开始!
[18/04/17 02:10:24 177][INFO ][PID:15300]启动路径：E:\workspace\CAIKA365\CAIKA365.WEB\
[18/04/17 02:10:23 794][INFO ][PID:15300]开始!
[18/04/17 02:10:24 198][INFO ][PID:15300]启动路径：E:\workspace\CAIKA365\CAIKA365.WEB\
[18/04/17 02:10:24 198][INFO ][PID:15300]配置路径：E:\workspace\CAIKA365\CAIKA365.WEB\/Data/AosuConfig.xml
[18/04/17 02:10:23 790][INFO ][PID:15300]开始!
[18/04/17 02:10:24 200][INFO ][PID:15300]启动路径：E:\workspace\CAIKA365\CAIKA365.WEB\
[18/04/17 02:10:24 200][INFO ][PID:15300]配置路径：E:\workspace\CAIKA365\CAIKA365.WEB\/Data/AosuConfig.xml
[18/04/17 02:10:24 203][INFO ][PID:15300]配置路径：E:\workspace\CAIKA365\CAIKA365.WEB\/Data/AosuConfig.xml
[18/04/17 02:10:24 206][INFO ][PID:15300]配置路径：E:\workspace\CAIKA365\CAIKA365.WEB\/Data/AosuConfig.xml
[18/04/17 02:10:24 208][TRACE][PID:15300]AosuApp.AosuFramework.AWSDataUtil:CLoadData
[18/04/17 02:10:24 228][TRACE][PID:15300]AosuApp.AosuFramework.AWSDataUtil:CLoadData
[18/04/17 02:10:24 229][TRACE][PID:15300]AosuApp.AosuFramework.AWSDataUtil:CLoadData
[18/04/17 02:10:24 231][TRACE][PID:15300]AosuApp.AosuFramework.AWSDataUtil:CLoadData
[18/04/17 02:10:23 790][INFO ][PID:15300]开始!
[18/04/17 02:10:24 238][INFO ][PID:15300]启动路径：E:\workspace\CAIKA365\CAIKA365.WEB\
[18/04/17 02:10:24 258][INFO ][PID:15300]配置路径：E:\workspace\CAIKA365\CAIKA365.WEB\/Data/AosuConfig.xml
[18/04/17 02:10:24 260][TRACE][PID:15300]AosuApp.AosuFramework.AWSDataUtil:CLoadData
[18/04/17 02:10:24 826][TRACE][PID:15300]AosuApp.AosuFramework.AWSUtil:CServerState
[18/04/17 02:10:24 827][TRACE][PID:15300]AosuApp.AosuFramework.AWSUtil:CServerState
[18/04/17 02:10:24 828][TRACE][PID:15300]AosuApp.AosuFramework.AWSUtil:CServerState
[18/04/17 02:10:25 080][TRACE][PID:15300]AosuApp.AosuFramework.ALocalDataLoader:CLoadData
[18/04/17 02:10:25 081][TRACE][PID:15300]AosuApp.AosuFramework.ALocalDataLoader:CLoadData
[18/04/17 02:10:25 081][TRACE][PID:15300]AosuApp.AosuFramework.ALocalDataLoader:CLoadData
[18/04/17 02:10:24 826][TRACE][PID:15300]AosuApp.AosuFramework.AWSUtil:CServerState
[18/04/17 02:10:25 082][TRACE][PID:15300]AosuApp.AosuFramework.ALocalDataLoader:CLoadData
[18/04/17 02:10:24 826][TRACE][PID:15300]AosuApp.AosuFramework.AWSUtil:CServerState
[18/04/17 02:10:25 089][TRACE][PID:15300]AosuApp.AosuFramework.ALocalDataLoader:CLoadData
[18/04/17 02:10:25 152][ERROR][PID:15300]AosuApp.Web.WSHandler.xml不存在!
[18/04/17 02:10:25 153][ERROR][PID:15300]AosuApp.Web.WSHandler.xml不存在!
[18/04/17 02:10:25 154][ERROR][PID:15300]AosuApp.Web.WSHandler.xml不存在!
[18/04/17 02:10:25 155][ERROR][PID:15300]AosuApp.Web.WSHandler.xml不存在!
[18/04/17 02:10:25 159][ERROR][PID:15300]AosuApp.Web.WSHandler.xml不存在!
[18/04/17 02:10:25 861][TRACE][PID:15300]AosuApp.AosuFramework.ALocalDataLoader:CLoadData
[18/04/17 02:10:26 177][TRACE][PID:15300]AosuApp.AosuFramework.ALocalDataLoader:CLoadData
[18/04/17 02:10:33 512][TRACE][PID:15300]AosuApp.AosuFramework.ALocalDataLoader:CLoadData
[18/04/17 02:10:33 990][TRACE][PID:15300]AosuApp.AosuFramework.ALocalDataLoader:CLoadData
[18/04/17 02:10:47 970][TRACE][PID:15300]AosuApp.AosuFramework.ADataLoader:CLoadData
[18/04/17 02:10:47 995][TRACE][PID:15300]AosuApp.AosuFramework.ADataSourceUtil:CGetConnection
[18/04/17 02:10:48 579][TRACE][PID:15300]AosuApp.AosuSSO.APassport:CSignOn
[18/04/17 02:10:48 583][TRACE][PID:15300]AosuApp.AosuSSO.ADomain:CCheckLicense
[18/04/17 02:10:48 585][TRACE][PID:15300]AosuApp.AosuSSO.ADomain:CGetADomainDS
[18/04/17 02:10:48 588][TRACE][PID:15300]AosuApp.AosuFramework.ADataLoader:CLoadData
[18/04/17 02:10:48 589][TRACE][PID:15300]AosuApp.AosuFramework.ADataSourceUtil:CGetConnection
[18/04/17 02:10:48 603][TRACE][PID:15300]AosuApp.AosuFramework.ADataLoader:CLoadData
[18/04/17 02:10:48 604][TRACE][PID:15300]AosuApp.AosuFramework.ADataSourceUtil:CGetConnection
[18/04/17 02:10:48 612][TRACE][PID:15300]AosuApp.AosuFramework.ADataLoader:CLoadData
[18/04/17 02:10:48 613][TRACE][PID:15300]AosuApp.AosuFramework.ADataSourceUtil:CGetConnection
[18/04/17 02:10:48 620][TRACE][PID:15300]AosuApp.AosuFramework.ADataSourceUtil:CGetConnection
[18/04/17 02:10:48 648][TRACE][PID:15300]AosuApp.AosuSSO.APassport:CVerifyPasswrod
[18/04/17 02:10:48 649][TRACE][PID:15300]AosuApp.AosuFramework.ADataLoader:CLoadData
[18/04/17 02:10:48 650][TRACE][PID:15300]AosuApp.AosuFramework.ADataSourceUtil:CGetConnection
[18/04/17 02:10:48 654][TRACE][PID:15300]AosuApp.AosuFramework.ADataLoader:CPersistent
[18/04/17 02:10:48 667][TRACE][PID:15300]AosuApp.AosuFramework.ADataSourceUtil:CGetConnection
[18/04/17 02:10:48 703][TRACE][PID:15300]AosuApp.AosuFramework.ADataLoader:CLoadData
[18/04/17 02:10:48 705][TRACE][PID:15300]AosuApp.AosuFramework.ADataSourceUtil:CGetConnection
[18/04/17 02:10:48 709][TRACE][PID:15300]AosuApp.AosuFramework.ADataLoader:CPersistent
[18/04/17 02:10:48 710][TRACE][PID:15300]AosuApp.AosuFramework.ADataSourceUtil:CGetConnection
[18/04/17 02:10:49 014][TRACE][PID:15300]AosuApp.AosuFramework.ADataLoader:CLoadData
[18/04/17 02:10:49 015][TRACE][PID:15300]AosuApp.AosuFramework.ADataSourceUtil:CGetConnection
[18/04/17 02:10:49 018][TRACE][PID:15300]AosuApp.AosuFramework.ADataLoader:CLoadData
[18/04/17 02:10:49 019][TRACE][PID:15300]AosuApp.AosuFramework.ADataSourceUtil:CGetConnection
[18/04/17 02:10:49 024][TRACE][PID:15300]AosuApp.AosuFramework.ALocalDataLoader:CLoadData
[18/04/17 02:10:49 198][TRACE][PID:15300]AosuApp.AosuFramework.ADataLoader:CLoadData
[18/04/17 02:10:49 199][TRACE][PID:15300]AosuApp.AosuFramework.ADataSourceUtil:CGetConnection
[18/04/17 02:10:50 917][TRACE][PID:15300]AosuApp.AosuFramework.ADataLoader:CLoadData
[18/04/17 02:10:50 920][TRACE][PID:15300]AosuApp.AosuFramework.ADataSourceUtil:CGetConnection
[18/04/17 02:10:50 923][TRACE][PID:15300]AosuApp.AosuFramework.ADataLoader:CLoadData
[18/04/17 02:10:50 924][TRACE][PID:15300]AosuApp.AosuFramework.ADataSourceUtil:CGetConnection
[18/04/17 02:10:50 963][TRACE][PID:15300]AosuApp.AosuFramework.ADataLoader:CLoadData
[18/04/17 02:10:50 964][TRACE][PID:15300]AosuApp.AosuFramework.ADataSourceUtil:CGetConnection
[18/04/17 02:10:53 037][TRACE][PID:15300]AosuApp.AosuFramework.ADataLoader:CLoadData
[18/04/17 02:10:53 038][TRACE][PID:15300]AosuApp.AosuFramework.ADataSourceUtil:CGetConnection
[18/04/17 02:10:53 040][TRACE][PID:15300]AosuApp.AosuFramework.ADataLoader:CLoadData
[18/04/17 02:10:53 041][TRACE][PID:15300]AosuApp.AosuFramework.ADataSourceUtil:CGetConnection
[18/04/17 02:10:53 084][TRACE][PID:15300]AosuApp.AosuFramework.ADataLoader:CLoadData
[18/04/17 02:10:53 085][TRACE][PID:15300]AosuApp.AosuFramework.ADataSourceUtil:CGetConnection
[18/04/17 02:10:53 087][TRACE][PID:15300]AosuApp.AosuFramework.ADataLoader:CLoadData
[18/04/17 02:10:53 088][TRACE][PID:15300]AosuApp.AosuFramework.ADataSourceUtil:CGetConnection
[18/04/17 02:10:53 095][TRACE][PID:15300]AosuApp.AosuFramework.ADataLoader:CLoadData
[18/04/17 02:10:53 097][TRACE][PID:15300]AosuApp.AosuFramework.ADataSourceUtil:CGetConnection
[18/04/17 02:10:53 109][TRACE][PID:15300]AosuApp.AosuFramework.ADataLoader:CLoadData
[18/04/17 02:10:53 110][TRACE][PID:15300]AosuApp.AosuFramework.ADataSourceUtil:CGetConnection
[18/04/17 02:10:53 118][TRACE][PID:15300]API.CP.BASE.Payment.SYPaymentUtil:CGetQRImage
[18/04/17 02:11:06 130][TRACE][PID:15300]AosuApp.AosuFramework.ADataLoader:CLoadData
[18/04/17 02:11:06 151][TRACE][PID:15300]AosuApp.AosuFramework.ADataSourceUtil:CGetConnection
[18/04/17 02:11:06 158][TRACE][PID:15300]AosuApp.AosuFramework.ADataLoader:CLoadData
[18/04/17 02:11:06 159][TRACE][PID:15300]AosuApp.AosuFramework.ADataSourceUtil:CGetConnection
[18/04/17 02:11:06 235][TRACE][PID:15300]AosuApp.AosuFramework.ALocalDataLoader:CLoadData
[18/04/17 02:11:06 245][TRACE][PID:15300]API.CP.BASE.AAccountUtil:CGetJournalList
[18/04/17 02:11:06 250][TRACE][PID:15300]AosuApp.AosuFramework.ADataLoader:CLoadData
[18/04/17 02:11:06 251][TRACE][PID:15300]AosuApp.AosuFramework.ADataSourceUtil:CGetConnection
[18/04/17 02:11:06 255][TRACE][PID:15300]AosuApp.AosuFramework.ADataSourceUtil:CGetConnection
[18/04/17 02:11:06 259][TRACE][PID:15300]AosuApp.AosuFramework.ADataSourceUtil:CGetConnection
[18/04/17 02:11:06 521][TRACE][PID:15300]AosuApp.AosuFramework.ADataLoader:CLoadData
[18/04/17 02:11:06 523][TRACE][PID:15300]AosuApp.AosuFramework.ADataSourceUtil:CGetConnection
[18/04/17 02:11:06 529][TRACE][PID:15300]AosuApp.AosuFramework.ADataLoader:CLoadData
[18/04/17 02:11:06 536][TRACE][PID:15300]AosuApp.AosuFramework.ADataSourceUtil:CGetConnection
[18/04/17 02:11:06 893][TRACE][PID:15300]AosuApp.AosuFramework.ADataLoader:CLoadData
[18/04/17 02:11:06 894][TRACE][PID:15300]AosuApp.AosuFramework.ADataSourceUtil:CGetConnection
[18/04/17 02:11:08 216][TRACE][PID:15300]AosuApp.AosuFramework.ADataLoader:CLoadData
[18/04/17 02:11:08 217][TRACE][PID:15300]AosuApp.AosuFramework.ADataSourceUtil:CGetConnection
[18/04/17 02:11:08 220][TRACE][PID:15300]AosuApp.AosuFramework.ADataLoader:CLoadData
[18/04/17 02:11:08 221][TRACE][PID:15300]AosuApp.AosuFramework.ADataSourceUtil:CGetConnection
[18/04/17 02:11:08 226][TRACE][PID:15300]AosuApp.AosuFramework.ALocalDataLoader:CLoadData
[18/04/17 02:11:08 229][TRACE][PID:15300]AosuApp.AosuFramework.ADataLoader:CLoadData
[18/04/17 02:11:08 239][TRACE][PID:15300]AosuApp.AosuFramework.ADataSourceUtil:CGetConnection
[18/04/17 02:11:08 321][TRACE][PID:15300]AosuApp.AosuFramework.ADataLoader:CLoadData
[18/04/17 02:11:08 322][TRACE][PID:15300]AosuApp.AosuFramework.ADataSourceUtil:CGetConnection
[18/04/17 02:11:08 325][TRACE][PID:15300]AosuApp.AosuFramework.ADataLoader:CLoadData
[18/04/17 02:11:08 326][TRACE][PID:15300]AosuApp.AosuFramework.ADataSourceUtil:CGetConnection
[18/04/17 02:11:08 824][TRACE][PID:15300]AosuApp.AosuFramework.ADataLoader:CLoadData
[18/04/17 02:11:08 825][TRACE][PID:15300]AosuApp.AosuFramework.ADataSourceUtil:CGetConnection
[18/04/17 02:11:10 393][TRACE][PID:15300]AosuApp.AosuFramework.ADataLoader:CLoadData
[18/04/17 02:11:10 413][TRACE][PID:15300]AosuApp.AosuFramework.ADataSourceUtil:CGetConnection
[18/04/17 02:11:10 419][TRACE][PID:15300]AosuApp.AosuFramework.ADataLoader:CLoadData
[18/04/17 02:11:10 420][TRACE][PID:15300]AosuApp.AosuFramework.ADataSourceUtil:CGetConnection
[18/04/17 02:11:10 501][TRACE][PID:15300]AosuApp.AosuFramework.ADataLoader:CLoadData
[18/04/17 02:11:10 503][TRACE][PID:15300]AosuApp.AosuFramework.ADataSourceUtil:CGetConnection
[18/04/17 02:11:10 507][TRACE][PID:15300]AosuApp.AosuFramework.ADataLoader:CLoadData
[18/04/17 02:11:10 513][TRACE][PID:15300]AosuApp.AosuFramework.ADataSourceUtil:CGetConnection
[18/04/17 02:11:10 516][TRACE][PID:15300]AosuApp.AosuFramework.ADataLoader:CLoadData
[18/04/17 02:11:10 517][TRACE][PID:15300]AosuApp.AosuFramework.ADataSourceUtil:CGetConnection
[18/04/17 02:11:10 521][TRACE][PID:15300]AosuApp.AosuFramework.ADataLoader:CLoadData
[18/04/17 02:11:10 528][TRACE][PID:15300]AosuApp.AosuFramework.ADataSourceUtil:CGetConnection
[18/04/17 02:11:10 539][TRACE][PID:15300]API.CP.BASE.Payment.SYPaymentUtil:CGetQRImage
[18/04/17 09:00:25 832][INFO ][PID:16580]开始!
[18/04/17 09:00:25 868][INFO ][PID:16580]启动路径：E:\workspace\CAIKA365\CAIKA365.WEB\
[18/04/17 09:00:26 062][INFO ][PID:16580]配置路径：E:\workspace\CAIKA365\CAIKA365.WEB\/Data/AosuConfig.xml
[18/04/17 09:00:25 832][INFO ][PID:16580]开始!
[18/04/17 09:00:26 069][INFO ][PID:16580]启动路径：E:\workspace\CAIKA365\CAIKA365.WEB\
[18/04/17 09:00:26 070][TRACE][PID:16580]AosuApp.AosuFramework.AWSDataUtil:CLoadData
[18/04/17 09:00:26 075][INFO ][PID:16580]配置路径：E:\workspace\CAIKA365\CAIKA365.WEB\/Data/AosuConfig.xml
[18/04/17 09:00:26 096][TRACE][PID:16580]AosuApp.AosuFramework.AWSDataUtil:CLoadData
[18/04/17 09:00:26 161][TRACE][PID:16580]AosuApp.AosuFramework.AWSUtil:CServerState
[18/04/17 09:00:26 161][TRACE][PID:16580]AosuApp.AosuFramework.AWSUtil:CServerState
[18/04/17 09:00:26 177][TRACE][PID:16580]AosuApp.AosuFramework.ALocalDataLoader:CLoadData
[18/04/17 09:00:26 257][ERROR][PID:16580]AosuApp.Web.WSHandler.xml不存在!
[18/04/17 09:00:26 177][TRACE][PID:16580]AosuApp.AosuFramework.ALocalDataLoader:CLoadData
[18/04/17 09:00:26 283][ERROR][PID:16580]AosuApp.Web.WSHandler.xml不存在!
[18/04/17 09:00:26 592][TRACE][PID:16580]AosuApp.AosuFramework.ALocalDataLoader:CLoadData
[18/04/17 09:00:54 282][TRACE][PID:16580]AosuApp.AosuFramework.ALocalDataLoader:CLoadData
[18/04/17 09:01:09 588][TRACE][PID:16580]AosuApp.AosuFramework.ADataLoader:CLoadData
[18/04/17 09:01:09 635][TRACE][PID:16580]AosuApp.AosuFramework.ADataSourceUtil:CGetConnection
[18/04/17 09:01:10 655][TRACE][PID:16580]AosuApp.AosuSSO.APassport:CSignOn
[18/04/17 09:01:10 658][TRACE][PID:16580]AosuApp.AosuSSO.ADomain:CCheckLicense
[18/04/17 09:01:10 660][TRACE][PID:16580]AosuApp.AosuSSO.ADomain:CGetADomainDS
[18/04/17 09:01:10 663][TRACE][PID:16580]AosuApp.AosuFramework.ADataLoader:CLoadData
[18/04/17 09:01:10 663][TRACE][PID:16580]AosuApp.AosuFramework.ADataSourceUtil:CGetConnection
[18/04/17 09:01:10 751][TRACE][PID:16580]AosuApp.AosuFramework.ADataLoader:CLoadData
[18/04/17 09:01:10 752][TRACE][PID:16580]AosuApp.AosuFramework.ADataSourceUtil:CGetConnection
[18/04/17 09:01:10 784][TRACE][PID:16580]AosuApp.AosuFramework.ADataLoader:CLoadData
[18/04/17 09:01:10 785][TRACE][PID:16580]AosuApp.AosuFramework.ADataSourceUtil:CGetConnection
[18/04/17 09:01:10 865][TRACE][PID:16580]AosuApp.AosuFramework.ADataSourceUtil:CGetConnection
[18/04/17 09:01:10 927][TRACE][PID:16580]AosuApp.AosuSSO.APassport:CVerifyPasswrod
[18/04/17 09:01:10 946][TRACE][PID:16580]AosuApp.AosuFramework.ADataLoader:CLoadData
[18/04/17 09:01:10 956][TRACE][PID:16580]AosuApp.AosuFramework.ADataSourceUtil:CGetConnection
[18/04/17 09:01:10 960][TRACE][PID:16580]AosuApp.AosuFramework.ADataLoader:CPersistent
[18/04/17 09:01:10 989][TRACE][PID:16580]AosuApp.AosuFramework.ADataSourceUtil:CGetConnection
[18/04/17 09:01:11 207][TRACE][PID:16580]AosuApp.AosuFramework.ADataLoader:CLoadData
[18/04/17 09:01:11 212][TRACE][PID:16580]AosuApp.AosuFramework.ADataSourceUtil:CGetConnection
[18/04/17 09:01:11 270][TRACE][PID:16580]AosuApp.AosuFramework.ADataLoader:CPersistent
[18/04/17 09:01:11 281][TRACE][PID:16580]AosuApp.AosuFramework.ADataSourceUtil:CGetConnection
[18/04/17 09:01:11 460][TRACE][PID:16580]AosuApp.AosuFramework.ALocalDataLoader:CLoadData
[18/04/17 09:01:12 092][TRACE][PID:16580]AosuApp.AosuFramework.ADataLoader:CLoadData
[18/04/17 09:01:12 099][TRACE][PID:16580]AosuApp.AosuFramework.ADataSourceUtil:CGetConnection
[18/04/17 09:01:12 150][TRACE][PID:16580]AosuApp.AosuFramework.ADataLoader:CLoadData
[18/04/17 09:01:12 151][TRACE][PID:16580]AosuApp.AosuFramework.ADataSourceUtil:CGetConnection
[18/04/17 09:01:13 801][TRACE][PID:16580]AosuApp.AosuFramework.ADataLoader:CLoadData
[18/04/17 09:01:13 802][TRACE][PID:16580]AosuApp.AosuFramework.ADataSourceUtil:CGetConnection
[18/04/17 09:01:13 805][TRACE][PID:16580]AosuApp.AosuFramework.ADataLoader:CLoadData
[18/04/17 09:01:13 806][TRACE][PID:16580]AosuApp.AosuFramework.ADataSourceUtil:CGetConnection
[18/04/17 09:01:13 875][TRACE][PID:16580]AosuApp.AosuFramework.ADataLoader:CLoadData
[18/04/17 09:01:13 876][TRACE][PID:16580]AosuApp.AosuFramework.ADataSourceUtil:CGetConnection
[18/04/17 09:01:13 879][TRACE][PID:16580]AosuApp.AosuFramework.ADataLoader:CLoadData
[18/04/17 09:01:13 880][TRACE][PID:16580]AosuApp.AosuFramework.ADataSourceUtil:CGetConnection
[18/04/17 09:01:13 884][TRACE][PID:16580]AosuApp.AosuFramework.ALocalDataLoader:CLoadData
[18/04/17 09:01:14 175][TRACE][PID:16580]AosuApp.AosuFramework.ADataLoader:CLoadData
[18/04/17 09:01:14 182][TRACE][PID:16580]AosuApp.AosuFramework.ADataSourceUtil:CGetConnection
[18/04/17 09:01:16 236][TRACE][PID:16580]AosuApp.AosuFramework.ADataLoader:CLoadData
[18/04/17 09:01:16 237][TRACE][PID:16580]AosuApp.AosuFramework.ADataSourceUtil:CGetConnection
[18/04/17 09:01:16 240][TRACE][PID:16580]AosuApp.AosuFramework.ADataLoader:CLoadData
[18/04/17 09:01:16 241][TRACE][PID:16580]AosuApp.AosuFramework.ADataSourceUtil:CGetConnection
[18/04/17 09:01:16 672][TRACE][PID:16580]AosuApp.AosuFramework.ADataLoader:CLoadData
[18/04/17 09:01:16 674][TRACE][PID:16580]AosuApp.AosuFramework.ADataSourceUtil:CGetConnection
[18/04/17 09:01:19 824][TRACE][PID:16580]AosuApp.AosuFramework.ADataLoader:CLoadData
[18/04/17 09:01:19 849][TRACE][PID:16580]AosuApp.AosuFramework.ADataSourceUtil:CGetConnection
[18/04/17 09:01:19 870][TRACE][PID:16580]AosuApp.AosuFramework.ADataLoader:CLoadData
[18/04/17 09:01:19 879][TRACE][PID:16580]AosuApp.AosuFramework.ADataSourceUtil:CGetConnection
[18/04/17 09:01:19 894][TRACE][PID:16580]AosuApp.AosuFramework.ADataLoader:CLoadData
[18/04/17 09:01:19 895][TRACE][PID:16580]AosuApp.AosuFramework.ADataSourceUtil:CGetConnection
[18/04/17 09:01:19 898][TRACE][PID:16580]AosuApp.AosuFramework.ADataLoader:CLoadData
[18/04/17 09:01:19 902][TRACE][PID:16580]AosuApp.AosuFramework.ADataSourceUtil:CGetConnection
[18/04/17 09:01:19 907][TRACE][PID:16580]AosuApp.AosuFramework.ADataLoader:CLoadData
[18/04/17 09:01:19 910][TRACE][PID:16580]AosuApp.AosuFramework.ADataSourceUtil:CGetConnection
[18/04/17 09:01:20 003][TRACE][PID:16580]AosuApp.AosuFramework.ADataLoader:CLoadData
[18/04/17 09:01:20 004][TRACE][PID:16580]AosuApp.AosuFramework.ADataSourceUtil:CGetConnection
[18/04/17 09:01:20 047][TRACE][PID:16580]API.CP.BASE.Payment.SYPaymentUtil:CGetQRImage
[18/04/17 09:10:45 966][TRACE][PID:16580]AosuApp.AosuFramework.ADataLoader:CLoadData
[18/04/17 09:10:46 034][TRACE][PID:16580]AosuApp.AosuFramework.ADataSourceUtil:CGetConnection
[18/04/17 09:10:46 041][TRACE][PID:16580]AosuApp.AosuFramework.ADataLoader:CLoadData
[18/04/17 09:10:46 042][TRACE][PID:16580]AosuApp.AosuFramework.ADataSourceUtil:CGetConnection
[18/04/17 09:10:46 126][TRACE][PID:16580]AosuApp.AosuFramework.ADataLoader:CLoadData
[18/04/17 09:10:46 153][TRACE][PID:16580]AosuApp.AosuFramework.ADataSourceUtil:CGetConnection
[18/04/17 09:10:46 170][TRACE][PID:16580]AosuApp.AosuFramework.ADataLoader:CLoadData
[18/04/17 09:10:46 175][TRACE][PID:16580]AosuApp.AosuFramework.ADataSourceUtil:CGetConnection
[18/04/17 09:10:46 188][TRACE][PID:16580]AosuApp.AosuFramework.ADataLoader:CLoadData
[18/04/17 09:10:46 189][TRACE][PID:16580]AosuApp.AosuFramework.ADataSourceUtil:CGetConnection
[18/04/17 09:10:46 201][TRACE][PID:16580]AosuApp.AosuFramework.ADataLoader:CLoadData
[18/04/17 09:10:46 204][TRACE][PID:16580]AosuApp.AosuFramework.ADataSourceUtil:CGetConnection
[18/04/17 09:10:46 235][TRACE][PID:16580]API.CP.BASE.Payment.SYPaymentUtil:CGetQRImage
