[18/04/08 17:07:09 404][INFO ][PID:9116]开始!
[18/04/08 17:07:09 406][INFO ][PID:9116]启动路径：D:\netapps\04开发\01sourcecode\CAIKA365\CAIKA365.WEB\
[18/04/08 17:07:09 406][INFO ][PID:9116]配置路径：D:\netapps\04开发\01sourcecode\CAIKA365\CAIKA365.WEB\/Data/AosuConfig.xml
[18/04/08 17:07:09 409][TRACE][PID:9116]AosuApp.AosuFramework.AWSUtil:Cmd
[18/04/08 17:07:09 472][TRACE][PID:9116]AosuApp.AosuFramework.AWSDataUtil:Cmd
[18/04/08 17:07:09 479][TRACE][PID:9116]AosuApp.AosuFramework.AWSUtil:CServerState
[18/04/08 17:07:09 508][TRACE][PID:9116]AosuApp.AosuFramework.ALocalDataLoader:CLoadData
[18/04/08 17:07:09 511][ERROR][PID:9116]AosuApp.Web.WSHandler.xml不存在!
[18/04/08 17:07:09 944][TRACE][PID:9116]AosuApp.AosuFramework.ALocalDataLoader:CLoadData
[18/04/08 17:07:38 522][TRACE][PID:9116]AosuApp.AosuFramework.ALocalDataLoader:CLoadData
[18/04/08 17:07:45 576][TRACE][PID:9116]AosuApp.AosuFramework.ADataLoader:CLoadData
[18/04/08 17:07:45 608][TRACE][PID:9116]AosuApp.AosuFramework.ADataSourceUtil:CGetConnection
[18/04/08 17:07:45 773][TRACE][PID:9116]AosuApp.AosuSSO.APassport:CSignOn
[18/04/08 17:07:45 783][TRACE][PID:9116]AosuApp.AosuSSO.ADomain:CCheckLicense
[18/04/08 17:07:45 787][TRACE][PID:9116]AosuApp.AosuSSO.ADomain:CGetADomainDS
[18/04/08 17:07:45 793][TRACE][PID:9116]AosuApp.AosuFramework.ADataLoader:CLoadData
[18/04/08 17:07:45 793][TRACE][PID:9116]AosuApp.AosuFramework.ADataSourceUtil:CGetConnection
[18/04/08 17:07:45 825][TRACE][PID:9116]AosuApp.AosuFramework.ADataLoader:CLoadData
[18/04/08 17:07:45 826][TRACE][PID:9116]AosuApp.AosuFramework.ADataSourceUtil:CGetConnection
[18/04/08 17:07:45 882][TRACE][PID:9116]AosuApp.AosuFramework.ADataLoader:CLoadData
[18/04/08 17:07:45 883][TRACE][PID:9116]AosuApp.AosuFramework.ADataSourceUtil:CGetConnection
[18/04/08 17:07:45 907][TRACE][PID:9116]AosuApp.AosuFramework.ADataSourceUtil:CGetConnection
[18/04/08 17:07:45 920][TRACE][PID:9116]AosuApp.AosuSSO.APassport:CVerifyPasswrod
[18/04/08 17:07:45 923][TRACE][PID:9116]AosuApp.AosuFramework.ADataLoader:CLoadData
[18/04/08 17:07:45 924][TRACE][PID:9116]AosuApp.AosuFramework.ADataSourceUtil:CGetConnection
[18/04/08 17:07:45 930][TRACE][PID:9116]AosuApp.AosuFramework.ADataLoader:CPersistent
[18/04/08 17:07:45 944][TRACE][PID:9116]AosuApp.AosuFramework.ADataSourceUtil:CGetConnection
[18/04/08 17:07:45 977][TRACE][PID:9116]AosuApp.AosuFramework.ADataLoader:CLoadData
[18/04/08 17:07:45 978][TRACE][PID:9116]AosuApp.AosuFramework.ADataSourceUtil:CGetConnection
[18/04/08 17:07:45 986][TRACE][PID:9116]AosuApp.AosuFramework.ADataLoader:CPersistent
[18/04/08 17:07:45 987][TRACE][PID:9116]AosuApp.AosuFramework.ADataSourceUtil:CGetConnection
[18/04/08 17:07:46 217][TRACE][PID:9116]AosuApp.AosuFramework.ALocalDataLoader:CLoadData
[18/04/08 17:07:46 361][TRACE][PID:9116]AosuApp.AosuFramework.ADataLoader:CLoadData
[18/04/08 17:07:46 361][TRACE][PID:9116]AosuApp.AosuFramework.ADataSourceUtil:CGetConnection
[18/04/08 17:07:46 366][TRACE][PID:9116]AosuApp.AosuFramework.ADataLoader:CLoadData
[18/04/08 17:07:46 368][TRACE][PID:9116]AosuApp.AosuFramework.ADataSourceUtil:CGetConnection
[18/04/08 17:07:48 907][TRACE][PID:9116]AosuApp.AosuFramework.ADataLoader:CLoadData
[18/04/08 17:07:48 908][TRACE][PID:9116]AosuApp.AosuFramework.ADataSourceUtil:CGetConnection
[18/04/08 17:07:48 910][TRACE][PID:9116]AosuApp.AosuFramework.ADataLoader:CLoadData
[18/04/08 17:07:48 910][TRACE][PID:9116]AosuApp.AosuFramework.ADataSourceUtil:CGetConnection
[18/04/08 17:07:48 935][TRACE][PID:9116]AosuApp.AosuFramework.ADataLoader:CLoadData
[18/04/08 17:07:48 935][TRACE][PID:9116]AosuApp.AosuFramework.ADataSourceUtil:CGetConnection
[18/04/08 17:07:48 938][TRACE][PID:9116]AosuApp.AosuFramework.ADataLoader:CLoadData
[18/04/08 17:07:48 939][TRACE][PID:9116]AosuApp.AosuFramework.ADataSourceUtil:CGetConnection
[18/04/08 17:07:48 941][TRACE][PID:9116]AosuApp.AosuFramework.ALocalDataLoader:CLoadData
[18/04/08 17:07:49 120][TRACE][PID:9116]AosuApp.AosuFramework.ADataLoader:CLoadData
[18/04/08 17:07:49 121][TRACE][PID:9116]AosuApp.AosuFramework.ADataSourceUtil:CGetConnection
[18/04/08 17:07:50 408][TRACE][PID:9116]AosuApp.AosuFramework.ADataLoader:CLoadData
[18/04/08 17:07:50 409][TRACE][PID:9116]AosuApp.AosuFramework.ADataSourceUtil:CGetConnection
[18/04/08 17:07:50 415][TRACE][PID:9116]AosuApp.AosuFramework.ADataLoader:CLoadData
[18/04/08 17:07:50 415][TRACE][PID:9116]AosuApp.AosuFramework.ADataSourceUtil:CGetConnection
[18/04/08 17:07:50 517][TRACE][PID:9116]AosuApp.AosuFramework.ADataLoader:CLoadData
[18/04/08 17:07:50 518][TRACE][PID:9116]AosuApp.AosuFramework.ADataSourceUtil:CGetConnection
[18/04/08 17:07:53 083][TRACE][PID:9116]AosuApp.AosuFramework.ADataLoader:CLoadData
[18/04/08 17:07:53 083][TRACE][PID:9116]AosuApp.AosuFramework.ADataSourceUtil:CGetConnection
[18/04/08 17:07:53 086][TRACE][PID:9116]AosuApp.AosuFramework.ADataLoader:CLoadData
[18/04/08 17:07:53 087][TRACE][PID:9116]AosuApp.AosuFramework.ADataSourceUtil:CGetConnection
[18/04/08 17:07:53 146][TRACE][PID:9116]AosuApp.AosuFramework.ADataLoader:CLoadData
[18/04/08 17:07:53 147][TRACE][PID:9116]AosuApp.AosuFramework.ADataSourceUtil:CGetConnection
[18/04/08 17:07:53 149][TRACE][PID:9116]AosuApp.AosuFramework.ADataLoader:CLoadData
[18/04/08 17:07:53 151][TRACE][PID:9116]AosuApp.AosuFramework.ADataSourceUtil:CGetConnection
[18/04/08 17:07:53 154][TRACE][PID:9116]AosuApp.AosuFramework.ADataLoader:CLoadData
[18/04/08 17:07:53 154][TRACE][PID:9116]AosuApp.AosuFramework.ADataSourceUtil:CGetConnection
[18/04/08 17:07:53 163][TRACE][PID:9116]API.CP.BASE.Payment.JAPaymentUtil:CGetQRImage
[18/04/08 17:08:42 589][TRACE][PID:9116]AosuApp.AosuFramework.ADataLoader:CLoadData
[18/04/08 17:08:42 590][TRACE][PID:9116]AosuApp.AosuFramework.ADataSourceUtil:CGetConnection
[18/04/08 17:08:42 595][TRACE][PID:9116]AosuApp.AosuFramework.ADataLoader:CLoadData
[18/04/08 17:08:42 595][TRACE][PID:9116]AosuApp.AosuFramework.ADataSourceUtil:CGetConnection
[18/04/08 17:08:42 598][TRACE][PID:9116]AosuApp.AosuFramework.ALocalDataLoader:CLoadData
[18/04/08 17:08:42 614][TRACE][PID:9116]API.CP.BASE.AAccountUtil:CGetJournalList
[18/04/08 17:08:42 619][TRACE][PID:9116]AosuApp.AosuFramework.ADataLoader:CLoadData
[18/04/08 17:08:42 620][TRACE][PID:9116]AosuApp.AosuFramework.ADataSourceUtil:CGetConnection
[18/04/08 17:08:42 654][TRACE][PID:9116]AosuApp.AosuFramework.ADataSourceUtil:CGetConnection
[18/04/08 17:08:42 682][TRACE][PID:9116]AosuApp.AosuFramework.ADataSourceUtil:CGetConnection
[18/04/08 17:08:42 904][TRACE][PID:9116]AosuApp.AosuFramework.ADataLoader:CLoadData
[18/04/08 17:08:42 904][TRACE][PID:9116]AosuApp.AosuFramework.ADataSourceUtil:CGetConnection
[18/04/08 17:08:42 907][TRACE][PID:9116]AosuApp.AosuFramework.ADataLoader:CLoadData
[18/04/08 17:08:42 907][TRACE][PID:9116]AosuApp.AosuFramework.ADataSourceUtil:CGetConnection
[18/04/08 17:08:43 422][TRACE][PID:9116]AosuApp.AosuFramework.ADataLoader:CLoadData
[18/04/08 17:08:43 424][TRACE][PID:9116]AosuApp.AosuFramework.ADataSourceUtil:CGetConnection
[18/04/08 17:11:28 640][TRACE][PID:9116]AosuApp.AosuFramework.ADataLoader:CLoadData
[18/04/08 17:11:28 641][TRACE][PID:9116]AosuApp.AosuFramework.ADataSourceUtil:CGetConnection
[18/04/08 17:11:28 645][TRACE][PID:9116]AosuApp.AosuFramework.ADataLoader:CLoadData
[18/04/08 17:11:28 646][TRACE][PID:9116]AosuApp.AosuFramework.ADataSourceUtil:CGetConnection
[18/04/08 17:11:28 651][TRACE][PID:9116]AosuApp.AosuFramework.ALocalDataLoader:CLoadData
[18/04/08 17:11:28 654][TRACE][PID:9116]AosuApp.AosuFramework.ADataLoader:CLoadData
[18/04/08 17:11:28 654][TRACE][PID:9116]AosuApp.AosuFramework.ADataSourceUtil:CGetConnection
[18/04/08 17:11:28 762][TRACE][PID:9116]AosuApp.AosuFramework.ADataLoader:CLoadData
[18/04/08 17:11:28 762][TRACE][PID:9116]AosuApp.AosuFramework.ADataSourceUtil:CGetConnection
[18/04/08 17:11:28 765][TRACE][PID:9116]AosuApp.AosuFramework.ADataLoader:CLoadData
[18/04/08 17:11:28 766][TRACE][PID:9116]AosuApp.AosuFramework.ADataSourceUtil:CGetConnection
[18/04/08 17:11:29 274][TRACE][PID:9116]AosuApp.AosuFramework.ADataLoader:CLoadData
[18/04/08 17:11:29 276][TRACE][PID:9116]AosuApp.AosuFramework.ADataSourceUtil:CGetConnection
[18/04/08 17:11:30 390][TRACE][PID:9116]AosuApp.AosuFramework.ADataLoader:CLoadData
[18/04/08 17:11:30 390][TRACE][PID:9116]AosuApp.AosuFramework.ADataSourceUtil:CGetConnection
[18/04/08 17:11:30 393][TRACE][PID:9116]AosuApp.AosuFramework.ADataLoader:CLoadData
[18/04/08 17:11:30 394][TRACE][PID:9116]AosuApp.AosuFramework.ADataSourceUtil:CGetConnection
[18/04/08 17:11:30 407][TRACE][PID:9116]AosuApp.AosuFramework.ADataLoader:CLoadData
[18/04/08 17:11:30 407][TRACE][PID:9116]AosuApp.AosuFramework.ADataSourceUtil:CGetConnection
[18/04/08 17:11:30 410][TRACE][PID:9116]AosuApp.AosuFramework.ADataLoader:CLoadData
[18/04/08 17:11:30 411][TRACE][PID:9116]AosuApp.AosuFramework.ADataSourceUtil:CGetConnection
[18/04/08 17:11:30 415][TRACE][PID:9116]AosuApp.AosuFramework.ADataLoader:CLoadData
[18/04/08 17:11:30 416][TRACE][PID:9116]AosuApp.AosuFramework.ADataSourceUtil:CGetConnection
[18/04/08 17:11:30 423][TRACE][PID:9116]API.CP.BASE.Payment.JAPaymentUtil:CGetQRImage
[18/04/08 17:11:39 659][TRACE][PID:9116]AosuApp.AosuFramework.ADataLoader:CLoadData
[18/04/08 17:11:39 659][TRACE][PID:9116]AosuApp.AosuFramework.ADataSourceUtil:CGetConnection
[18/04/08 17:11:39 661][TRACE][PID:9116]AosuApp.AosuFramework.ADataLoader:CLoadData
[18/04/08 17:11:39 662][TRACE][PID:9116]AosuApp.AosuFramework.ADataSourceUtil:CGetConnection
[18/04/08 17:11:39 758][TRACE][PID:9116]AosuApp.AosuFramework.ADataLoader:CLoadData
[18/04/08 17:11:39 759][TRACE][PID:9116]AosuApp.AosuFramework.ADataSourceUtil:CGetConnection
[18/04/08 17:11:39 761][TRACE][PID:9116]AosuApp.AosuFramework.ADataLoader:CLoadData
[18/04/08 17:11:39 761][TRACE][PID:9116]AosuApp.AosuFramework.ADataSourceUtil:CGetConnection
[18/04/08 17:11:39 764][TRACE][PID:9116]AosuApp.AosuFramework.ADataLoader:CLoadData
[18/04/08 17:11:39 764][TRACE][PID:9116]AosuApp.AosuFramework.ADataSourceUtil:CGetConnection
[18/04/08 17:11:39 767][TRACE][PID:9116]API.CP.BASE.Payment.JAPaymentUtil:CGetQRImage
[18/04/08 17:12:34 356][TRACE][PID:9116]AosuApp.AosuFramework.ADataLoader:CLoadData
[18/04/08 17:12:34 357][TRACE][PID:9116]AosuApp.AosuFramework.ADataSourceUtil:CGetConnection
[18/04/08 17:12:34 361][TRACE][PID:9116]AosuApp.AosuFramework.ADataLoader:CLoadData
[18/04/08 17:12:34 361][TRACE][PID:9116]AosuApp.AosuFramework.ADataSourceUtil:CGetConnection
[18/04/08 17:12:34 365][TRACE][PID:9116]AosuApp.AosuFramework.ALocalDataLoader:CLoadData
[18/04/08 17:12:34 368][TRACE][PID:9116]API.CP.BASE.AAccountUtil:CGetJournalList
[18/04/08 17:12:34 368][TRACE][PID:9116]AosuApp.AosuFramework.ADataLoader:CLoadData
[18/04/08 17:12:34 369][TRACE][PID:9116]AosuApp.AosuFramework.ADataSourceUtil:CGetConnection
[18/04/08 17:12:34 402][TRACE][PID:9116]AosuApp.AosuFramework.ADataSourceUtil:CGetConnection
[18/04/08 17:12:34 407][TRACE][PID:9116]AosuApp.AosuFramework.ADataSourceUtil:CGetConnection
[18/04/08 17:12:34 517][TRACE][PID:9116]AosuApp.AosuFramework.ADataLoader:CLoadData
[18/04/08 17:12:34 517][TRACE][PID:9116]AosuApp.AosuFramework.ADataSourceUtil:CGetConnection
[18/04/08 17:12:34 523][TRACE][PID:9116]AosuApp.AosuFramework.ADataLoader:CLoadData
[18/04/08 17:12:34 523][TRACE][PID:9116]AosuApp.AosuFramework.ADataSourceUtil:CGetConnection
[18/04/08 17:12:35 028][TRACE][PID:9116]AosuApp.AosuFramework.ADataLoader:CLoadData
[18/04/08 17:12:35 029][TRACE][PID:9116]AosuApp.AosuFramework.ADataSourceUtil:CGetConnection
[18/04/08 17:12:35 054][TRACE][PID:9116]AosuApp.AosuFramework.ADataLoader:CLoadData
[18/04/08 17:12:35 055][TRACE][PID:9116]AosuApp.AosuFramework.ADataSourceUtil:CGetConnection
[18/04/08 17:12:35 059][TRACE][PID:9116]AosuApp.AosuFramework.ADataLoader:CLoadData
[18/04/08 17:12:35 060][TRACE][PID:9116]AosuApp.AosuFramework.ADataSourceUtil:CGetConnection
[18/04/08 17:12:35 062][TRACE][PID:9116]AosuApp.AosuFramework.ALocalDataLoader:CLoadData
[18/04/08 17:12:35 123][TRACE][PID:9116]AosuApp.AosuFramework.ADataLoader:CLoadData
[18/04/08 17:12:35 124][TRACE][PID:9116]AosuApp.AosuFramework.ADataSourceUtil:CGetConnection
[18/04/08 17:12:35 126][TRACE][PID:9116]AosuApp.AosuFramework.ADataLoader:CLoadData
[18/04/08 17:12:35 127][TRACE][PID:9116]AosuApp.AosuFramework.ADataSourceUtil:CGetConnection
[18/04/08 17:12:35 631][TRACE][PID:9116]AosuApp.AosuFramework.ADataLoader:CLoadData
[18/04/08 17:12:35 632][TRACE][PID:9116]AosuApp.AosuFramework.ADataSourceUtil:CGetConnection
[18/04/08 17:12:35 659][TRACE][PID:9116]AosuApp.AosuFramework.ADataLoader:CLoadData
[18/04/08 17:12:35 660][TRACE][PID:9116]AosuApp.AosuFramework.ADataSourceUtil:CGetConnection
[18/04/08 17:12:35 662][TRACE][PID:9116]AosuApp.AosuFramework.ADataLoader:CLoadData
[18/04/08 17:12:35 663][TRACE][PID:9116]AosuApp.AosuFramework.ADataSourceUtil:CGetConnection
[18/04/08 17:12:35 666][TRACE][PID:9116]AosuApp.AosuFramework.ALocalDataLoader:CLoadData
[18/04/08 17:12:35 731][TRACE][PID:9116]AosuApp.AosuFramework.ADataLoader:CLoadData
[18/04/08 17:12:35 732][TRACE][PID:9116]AosuApp.AosuFramework.ADataSourceUtil:CGetConnection
[18/04/08 17:12:35 738][TRACE][PID:9116]AosuApp.AosuFramework.ADataLoader:CLoadData
[18/04/08 17:12:35 738][TRACE][PID:9116]AosuApp.AosuFramework.ADataSourceUtil:CGetConnection
[18/04/08 17:12:36 246][TRACE][PID:9116]AosuApp.AosuFramework.ADataLoader:CLoadData
[18/04/08 17:12:36 247][TRACE][PID:9116]AosuApp.AosuFramework.ADataSourceUtil:CGetConnection
[18/04/08 17:12:36 265][TRACE][PID:9116]AosuApp.AosuFramework.ADataLoader:CLoadData
[18/04/08 17:12:36 266][TRACE][PID:9116]AosuApp.AosuFramework.ADataSourceUtil:CGetConnection
[18/04/08 17:12:36 269][TRACE][PID:9116]AosuApp.AosuFramework.ADataLoader:CLoadData
[18/04/08 17:12:36 269][TRACE][PID:9116]AosuApp.AosuFramework.ADataSourceUtil:CGetConnection
[18/04/08 17:12:36 274][TRACE][PID:9116]AosuApp.AosuFramework.ALocalDataLoader:CLoadData
[18/04/08 17:12:36 327][TRACE][PID:9116]AosuApp.AosuFramework.ADataLoader:CLoadData
[18/04/08 17:12:36 329][TRACE][PID:9116]AosuApp.AosuFramework.ADataSourceUtil:CGetConnection
[18/04/08 17:12:36 332][TRACE][PID:9116]AosuApp.AosuFramework.ADataLoader:CLoadData
[18/04/08 17:12:36 333][TRACE][PID:9116]AosuApp.AosuFramework.ADataSourceUtil:CGetConnection
[18/04/08 17:12:36 840][TRACE][PID:9116]AosuApp.AosuFramework.ADataLoader:CLoadData
[18/04/08 17:12:36 841][TRACE][PID:9116]AosuApp.AosuFramework.ADataSourceUtil:CGetConnection
[18/04/08 17:12:36 930][TRACE][PID:9116]AosuApp.AosuFramework.ADataLoader:CLoadData
[18/04/08 17:12:36 931][TRACE][PID:9116]AosuApp.AosuFramework.ADataSourceUtil:CGetConnection
[18/04/08 17:12:36 944][TRACE][PID:9116]AosuApp.AosuFramework.ADataLoader:CLoadData
[18/04/08 17:12:36 944][TRACE][PID:9116]AosuApp.AosuFramework.ADataSourceUtil:CGetConnection
[18/04/08 17:12:36 947][TRACE][PID:9116]AosuApp.AosuFramework.ALocalDataLoader:CLoadData
[18/04/08 17:12:36 998][TRACE][PID:9116]AosuApp.AosuFramework.ADataLoader:CLoadData
[18/04/08 17:12:36 999][TRACE][PID:9116]AosuApp.AosuFramework.ADataSourceUtil:CGetConnection
[18/04/08 17:12:37 007][TRACE][PID:9116]AosuApp.AosuFramework.ADataLoader:CLoadData
[18/04/08 17:12:37 008][TRACE][PID:9116]AosuApp.AosuFramework.ADataSourceUtil:CGetConnection
[18/04/08 17:12:37 193][TRACE][PID:9116]AosuApp.AosuFramework.ADataLoader:CLoadData
[18/04/08 17:12:37 194][TRACE][PID:9116]AosuApp.AosuFramework.ADataSourceUtil:CGetConnection
[18/04/08 17:12:37 197][TRACE][PID:9116]AosuApp.AosuFramework.ADataLoader:CLoadData
[18/04/08 17:12:37 197][TRACE][PID:9116]AosuApp.AosuFramework.ADataSourceUtil:CGetConnection
[18/04/08 17:12:37 200][TRACE][PID:9116]AosuApp.AosuFramework.ALocalDataLoader:CLoadData
[18/04/08 17:12:37 249][TRACE][PID:9116]AosuApp.AosuFramework.ADataLoader:CLoadData
[18/04/08 17:12:37 251][TRACE][PID:9116]AosuApp.AosuFramework.ADataSourceUtil:CGetConnection
[18/04/08 17:12:37 256][TRACE][PID:9116]AosuApp.AosuFramework.ADataLoader:CLoadData
[18/04/08 17:12:37 257][TRACE][PID:9116]AosuApp.AosuFramework.ADataSourceUtil:CGetConnection
[18/04/08 17:12:37 499][TRACE][PID:9116]AosuApp.AosuFramework.ADataLoader:CLoadData
[18/04/08 17:12:37 500][TRACE][PID:9116]AosuApp.AosuFramework.ADataSourceUtil:CGetConnection
[18/04/08 17:12:37 504][TRACE][PID:9116]AosuApp.AosuFramework.ADataLoader:CLoadData
[18/04/08 17:12:37 504][TRACE][PID:9116]AosuApp.AosuFramework.ADataSourceUtil:CGetConnection
[18/04/08 17:12:37 507][TRACE][PID:9116]AosuApp.AosuFramework.ALocalDataLoader:CLoadData
[18/04/08 17:12:37 556][TRACE][PID:9116]AosuApp.AosuFramework.ADataLoader:CLoadData
[18/04/08 17:12:37 557][TRACE][PID:9116]AosuApp.AosuFramework.ADataSourceUtil:CGetConnection
[18/04/08 17:12:37 560][TRACE][PID:9116]AosuApp.AosuFramework.ADataLoader:CLoadData
[18/04/08 17:12:37 561][TRACE][PID:9116]AosuApp.AosuFramework.ADataSourceUtil:CGetConnection
[18/04/08 17:12:37 591][TRACE][PID:9116]AosuApp.AosuFramework.ADataLoader:CLoadData
[18/04/08 17:12:37 592][TRACE][PID:9116]AosuApp.AosuFramework.ADataSourceUtil:CGetConnection
[18/04/08 17:12:37 724][TRACE][PID:9116]AosuApp.AosuFramework.ADataLoader:CLoadData
[18/04/08 17:12:37 724][TRACE][PID:9116]AosuApp.AosuFramework.ADataSourceUtil:CGetConnection
[18/04/08 17:12:37 727][TRACE][PID:9116]AosuApp.AosuFramework.ADataLoader:CLoadData
[18/04/08 17:12:37 727][TRACE][PID:9116]AosuApp.AosuFramework.ADataSourceUtil:CGetConnection
[18/04/08 17:12:37 730][TRACE][PID:9116]AosuApp.AosuFramework.ALocalDataLoader:CLoadData
[18/04/08 17:12:37 773][TRACE][PID:9116]AosuApp.AosuFramework.ADataLoader:CLoadData
[18/04/08 17:12:37 773][TRACE][PID:9116]AosuApp.AosuFramework.ADataSourceUtil:CGetConnection
[18/04/08 17:12:37 787][TRACE][PID:9116]AosuApp.AosuFramework.ADataLoader:CLoadData
[18/04/08 17:12:37 788][TRACE][PID:9116]AosuApp.AosuFramework.ADataSourceUtil:CGetConnection
[18/04/08 17:12:37 793][TRACE][PID:9116]AosuApp.AosuFramework.ADataLoader:CLoadData
[18/04/08 17:12:37 793][TRACE][PID:9116]AosuApp.AosuFramework.ADataSourceUtil:CGetConnection
[18/04/08 17:12:38 006][TRACE][PID:9116]AosuApp.AosuFramework.ADataLoader:CLoadData
[18/04/08 17:12:38 007][TRACE][PID:9116]AosuApp.AosuFramework.ADataSourceUtil:CGetConnection
[18/04/08 17:12:38 235][TRACE][PID:9116]AosuApp.AosuFramework.ADataLoader:CLoadData
[18/04/08 17:12:38 236][TRACE][PID:9116]AosuApp.AosuFramework.ADataSourceUtil:CGetConnection
[18/04/08 17:12:38 239][TRACE][PID:9116]AosuApp.AosuFramework.ADataLoader:CLoadData
[18/04/08 17:12:38 239][TRACE][PID:9116]AosuApp.AosuFramework.ADataSourceUtil:CGetConnection
[18/04/08 17:12:38 242][TRACE][PID:9116]AosuApp.AosuFramework.ALocalDataLoader:CLoadData
[18/04/08 17:12:38 243][TRACE][PID:9116]AosuApp.AosuFramework.ADataLoader:CLoadData
[18/04/08 17:12:38 244][TRACE][PID:9116]AosuApp.AosuFramework.ADataSourceUtil:CGetConnection
[18/04/08 17:12:38 307][TRACE][PID:9116]AosuApp.AosuFramework.ADataLoader:CLoadData
[18/04/08 17:12:38 307][TRACE][PID:9116]AosuApp.AosuFramework.ADataSourceUtil:CGetConnection
[18/04/08 17:12:38 312][TRACE][PID:9116]AosuApp.AosuFramework.ADataLoader:CLoadData
[18/04/08 17:12:38 313][TRACE][PID:9116]AosuApp.AosuFramework.ADataSourceUtil:CGetConnection
[18/04/08 17:12:38 809][TRACE][PID:9116]AosuApp.AosuFramework.ADataLoader:CLoadData
[18/04/08 17:12:38 810][TRACE][PID:9116]AosuApp.AosuFramework.ADataSourceUtil:CGetConnection
[18/04/08 17:12:39 319][TRACE][PID:9116]AosuApp.AosuFramework.ADataLoader:CLoadData
[18/04/08 17:12:39 320][TRACE][PID:9116]AosuApp.AosuFramework.ADataSourceUtil:CGetConnection
[18/04/08 17:12:41 487][TRACE][PID:9116]AosuApp.AosuFramework.ALocalDataLoader:CLoadData
[18/04/08 17:12:41 589][TRACE][PID:9116]AosuApp.AosuFramework.ADataLoader:CLoadData
[18/04/08 17:12:41 590][TRACE][PID:9116]AosuApp.AosuFramework.ADataSourceUtil:CGetConnection
[18/04/08 17:12:41 593][TRACE][PID:9116]AosuApp.AosuFramework.ADataLoader:CLoadData
[18/04/08 17:12:41 594][TRACE][PID:9116]AosuApp.AosuFramework.ADataSourceUtil:CGetConnection
[18/04/08 17:12:45 340][TRACE][PID:9116]AosuApp.AosuFramework.ADataLoader:CLoadData
[18/04/08 17:12:45 341][TRACE][PID:9116]AosuApp.AosuFramework.ADataSourceUtil:CGetConnection
[18/04/08 17:12:45 349][TRACE][PID:9116]AosuApp.AosuFramework.ADataLoader:CLoadData
[18/04/08 17:12:45 349][TRACE][PID:9116]AosuApp.AosuFramework.ADataSourceUtil:CGetConnection
[18/04/08 17:12:47 677][TRACE][PID:9116]AosuApp.AosuFramework.ADataLoader:CLoadData
[18/04/08 17:12:47 677][TRACE][PID:9116]AosuApp.AosuFramework.ADataSourceUtil:CGetConnection
[18/04/08 17:12:47 690][TRACE][PID:9116]AosuApp.AosuFramework.ADataLoader:CLoadData
[18/04/08 17:12:47 691][TRACE][PID:9116]AosuApp.AosuFramework.ADataSourceUtil:CGetConnection
[18/04/08 17:12:49 564][TRACE][PID:9116]AosuApp.AosuFramework.ALocalDataLoader:CLoadData
[18/04/08 17:12:49 635][TRACE][PID:9116]AosuApp.AosuFramework.ADataLoader:CLoadData
[18/04/08 17:12:49 637][TRACE][PID:9116]AosuApp.AosuFramework.ADataSourceUtil:CGetConnection
[18/04/08 17:12:49 640][TRACE][PID:9116]AosuApp.AosuFramework.ADataLoader:CLoadData
[18/04/08 17:12:49 641][TRACE][PID:9116]AosuApp.AosuFramework.ADataSourceUtil:CGetConnection
[18/04/08 17:15:24 461][INFO ][PID:6460]开始!
[18/04/08 17:15:24 462][INFO ][PID:6460]启动路径：D:\netapps\04开发\01sourcecode\CAIKA365\CAIKA365.WEB\
[18/04/08 17:15:24 462][INFO ][PID:6460]配置路径：D:\netapps\04开发\01sourcecode\CAIKA365\CAIKA365.WEB\/Data/AosuConfig.xml
[18/04/08 17:15:24 465][TRACE][PID:6460]AosuApp.AosuFramework.AWSDataUtil:CLoadData
[18/04/08 17:15:24 473][TRACE][PID:6460]AosuApp.AosuFramework.AWSUtil:CServerState
[18/04/08 17:15:24 487][TRACE][PID:6460]AosuApp.AosuFramework.ALocalDataLoader:CLoadData
[18/04/08 17:15:24 488][ERROR][PID:6460]AosuApp.Web.WSHandler.xml不存在!
[18/04/08 17:15:24 623][TRACE][PID:6460]AosuApp.AosuFramework.ALocalDataLoader:CLoadData
[18/04/08 17:15:29 568][TRACE][PID:6460]AosuApp.AosuFramework.ALocalDataLoader:CLoadData
[18/04/08 17:15:38 598][TRACE][PID:6460]AosuApp.AosuFramework.ADataLoader:CLoadData
[18/04/08 17:15:38 602][TRACE][PID:6460]AosuApp.AosuFramework.ADataSourceUtil:CGetConnection
[18/04/08 17:15:38 632][TRACE][PID:6460]AosuApp.AosuSSO.APassport:CSignOn
[18/04/08 17:15:38 637][TRACE][PID:6460]AosuApp.AosuSSO.ADomain:CCheckLicense
[18/04/08 17:15:38 640][TRACE][PID:6460]AosuApp.AosuSSO.ADomain:CGetADomainDS
[18/04/08 17:15:38 643][TRACE][PID:6460]AosuApp.AosuFramework.ADataLoader:CLoadData
[18/04/08 17:15:38 643][TRACE][PID:6460]AosuApp.AosuFramework.ADataSourceUtil:CGetConnection
[18/04/08 17:15:38 661][TRACE][PID:6460]AosuApp.AosuFramework.ADataLoader:CLoadData
[18/04/08 17:15:38 661][TRACE][PID:6460]AosuApp.AosuFramework.ADataSourceUtil:CGetConnection
[18/04/08 17:15:38 743][TRACE][PID:6460]AosuApp.AosuFramework.ADataLoader:CLoadData
[18/04/08 17:15:38 744][TRACE][PID:6460]AosuApp.AosuFramework.ADataSourceUtil:CGetConnection
[18/04/08 17:15:38 767][TRACE][PID:6460]AosuApp.AosuFramework.ADataSourceUtil:CGetConnection
[18/04/08 17:15:38 780][TRACE][PID:6460]AosuApp.AosuSSO.APassport:CVerifyPasswrod
[18/04/08 17:15:38 783][TRACE][PID:6460]AosuApp.AosuFramework.ADataLoader:CLoadData
[18/04/08 17:15:38 785][TRACE][PID:6460]AosuApp.AosuFramework.ADataSourceUtil:CGetConnection
[18/04/08 17:15:38 792][TRACE][PID:6460]AosuApp.AosuFramework.ADataLoader:CPersistent
[18/04/08 17:15:38 807][TRACE][PID:6460]AosuApp.AosuFramework.ADataSourceUtil:CGetConnection
[18/04/08 17:15:38 842][TRACE][PID:6460]AosuApp.AosuFramework.ADataLoader:CLoadData
[18/04/08 17:15:38 843][TRACE][PID:6460]AosuApp.AosuFramework.ADataSourceUtil:CGetConnection
[18/04/08 17:15:38 852][TRACE][PID:6460]AosuApp.AosuFramework.ADataLoader:CPersistent
[18/04/08 17:15:38 853][TRACE][PID:6460]AosuApp.AosuFramework.ADataSourceUtil:CGetConnection
[18/04/08 17:15:38 907][TRACE][PID:6460]AosuApp.AosuFramework.ALocalDataLoader:CLoadData
[18/04/08 17:15:38 994][TRACE][PID:6460]AosuApp.AosuFramework.ADataLoader:CLoadData
[18/04/08 17:15:38 995][TRACE][PID:6460]AosuApp.AosuFramework.ADataSourceUtil:CGetConnection
[18/04/08 17:15:39 004][TRACE][PID:6460]AosuApp.AosuFramework.ADataLoader:CLoadData
[18/04/08 17:15:39 006][TRACE][PID:6460]AosuApp.AosuFramework.ADataSourceUtil:CGetConnection
[18/04/08 17:15:42 658][TRACE][PID:6460]AosuApp.AosuFramework.ADataLoader:CLoadData
[18/04/08 17:15:42 659][TRACE][PID:6460]AosuApp.AosuFramework.ADataSourceUtil:CGetConnection
[18/04/08 17:15:42 661][TRACE][PID:6460]AosuApp.AosuFramework.ADataLoader:CLoadData
[18/04/08 17:15:42 661][TRACE][PID:6460]AosuApp.AosuFramework.ADataSourceUtil:CGetConnection
[18/04/08 17:15:42 682][TRACE][PID:6460]AosuApp.AosuFramework.ADataLoader:CLoadData
[18/04/08 17:15:42 684][TRACE][PID:6460]AosuApp.AosuFramework.ADataSourceUtil:CGetConnection
[18/04/08 17:15:42 687][TRACE][PID:6460]AosuApp.AosuFramework.ADataLoader:CLoadData
[18/04/08 17:15:42 688][TRACE][PID:6460]AosuApp.AosuFramework.ADataSourceUtil:CGetConnection
[18/04/08 17:15:42 690][TRACE][PID:6460]AosuApp.AosuFramework.ALocalDataLoader:CLoadData
[18/04/08 17:15:42 708][TRACE][PID:6460]AosuApp.AosuFramework.ADataLoader:CLoadData
[18/04/08 17:15:42 709][TRACE][PID:6460]AosuApp.AosuFramework.ADataSourceUtil:CGetConnection
[18/04/08 17:15:43 380][TRACE][PID:6460]AosuApp.AosuFramework.ADataLoader:CLoadData
[18/04/08 17:15:43 382][TRACE][PID:6460]AosuApp.AosuFramework.ADataSourceUtil:CGetConnection
[18/04/08 17:15:43 386][TRACE][PID:6460]AosuApp.AosuFramework.ADataLoader:CLoadData
[18/04/08 17:15:43 386][TRACE][PID:6460]AosuApp.AosuFramework.ADataSourceUtil:CGetConnection
[18/04/08 17:15:43 900][TRACE][PID:6460]AosuApp.AosuFramework.ADataLoader:CLoadData
[18/04/08 17:15:43 902][TRACE][PID:6460]AosuApp.AosuFramework.ADataSourceUtil:CGetConnection
[18/04/08 17:15:45 338][TRACE][PID:6460]AosuApp.AosuFramework.ADataLoader:CLoadData
[18/04/08 17:15:45 339][TRACE][PID:6460]AosuApp.AosuFramework.ADataSourceUtil:CGetConnection
[18/04/08 17:15:45 340][TRACE][PID:6460]AosuApp.AosuFramework.ADataLoader:CLoadData
[18/04/08 17:15:45 341][TRACE][PID:6460]AosuApp.AosuFramework.ADataSourceUtil:CGetConnection
[18/04/08 17:15:45 353][TRACE][PID:6460]AosuApp.AosuFramework.ADataLoader:CLoadData
[18/04/08 17:15:45 354][TRACE][PID:6460]AosuApp.AosuFramework.ADataSourceUtil:CGetConnection
[18/04/08 17:15:45 356][TRACE][PID:6460]AosuApp.AosuFramework.ADataLoader:CLoadData
[18/04/08 17:15:45 357][TRACE][PID:6460]AosuApp.AosuFramework.ADataSourceUtil:CGetConnection
[18/04/08 17:15:45 361][TRACE][PID:6460]AosuApp.AosuFramework.ADataLoader:CLoadData
[18/04/08 17:15:45 361][TRACE][PID:6460]AosuApp.AosuFramework.ADataSourceUtil:CGetConnection
[18/04/08 17:15:45 372][TRACE][PID:6460]API.CP.BASE.Payment.JAPaymentUtil:CGetQRImage
[18/04/08 17:15:50 709][TRACE][PID:6460]AosuApp.AosuFramework.ALocalDataLoader:CLoadData
[18/04/08 17:15:50 828][TRACE][PID:6460]AosuApp.AosuFramework.ADataLoader:CLoadData
[18/04/08 17:15:50 829][TRACE][PID:6460]AosuApp.AosuFramework.ADataSourceUtil:CGetConnection
[18/04/08 17:15:50 833][TRACE][PID:6460]AosuApp.AosuFramework.ADataLoader:CLoadData
[18/04/08 17:15:50 834][TRACE][PID:6460]AosuApp.AosuFramework.ADataSourceUtil:CGetConnection
[18/04/08 17:16:00 536][TRACE][PID:6460]AosuApp.AosuFramework.ADataLoader:CLoadData
[18/04/08 17:16:00 537][TRACE][PID:6460]AosuApp.AosuFramework.ADataSourceUtil:CGetConnection
[18/04/08 17:16:00 543][TRACE][PID:6460]AosuApp.AosuFramework.ADataLoader:CLoadData
[18/04/08 17:16:00 544][TRACE][PID:6460]AosuApp.AosuFramework.ADataSourceUtil:CGetConnection
[18/04/08 17:16:05 986][TRACE][PID:6460]AosuApp.AosuFramework.ADataLoader:CLoadData
[18/04/08 17:16:05 986][TRACE][PID:6460]AosuApp.AosuFramework.ADataSourceUtil:CGetConnection
[18/04/08 17:16:05 990][TRACE][PID:6460]AosuApp.AosuFramework.ADataLoader:CLoadData
[18/04/08 17:16:05 991][TRACE][PID:6460]AosuApp.AosuFramework.ADataSourceUtil:CGetConnection
[18/04/08 17:17:00 304][TRACE][PID:6460]AosuApp.AosuFramework.ADataLoader:CLoadData
[18/04/08 17:17:00 305][TRACE][PID:6460]AosuApp.AosuFramework.ADataSourceUtil:CGetConnection
[18/04/08 17:17:00 308][TRACE][PID:6460]AosuApp.AosuFramework.ADataLoader:CLoadData
[18/04/08 17:17:00 309][TRACE][PID:6460]AosuApp.AosuFramework.ADataSourceUtil:CGetConnection
[18/04/08 17:17:00 322][TRACE][PID:6460]AosuApp.AosuFramework.ADataLoader:CLoadData
[18/04/08 17:17:00 323][TRACE][PID:6460]AosuApp.AosuFramework.ADataSourceUtil:CGetConnection
[18/04/08 17:17:00 325][TRACE][PID:6460]AosuApp.AosuFramework.ADataLoader:CLoadData
[18/04/08 17:17:00 326][TRACE][PID:6460]AosuApp.AosuFramework.ADataSourceUtil:CGetConnection
[18/04/08 17:17:00 329][TRACE][PID:6460]AosuApp.AosuFramework.ALocalDataLoader:CLoadData
[18/04/08 17:17:00 331][TRACE][PID:6460]AosuApp.AosuFramework.ADataLoader:CLoadData
[18/04/08 17:17:00 331][TRACE][PID:6460]AosuApp.AosuFramework.ADataSourceUtil:CGetConnection
[18/04/08 17:17:00 444][TRACE][PID:6460]AosuApp.AosuFramework.ADataLoader:CLoadData
[18/04/08 17:17:00 444][TRACE][PID:6460]AosuApp.AosuFramework.ADataSourceUtil:CGetConnection
[18/04/08 17:17:00 447][TRACE][PID:6460]AosuApp.AosuFramework.ADataLoader:CLoadData
[18/04/08 17:17:00 448][TRACE][PID:6460]AosuApp.AosuFramework.ADataSourceUtil:CGetConnection
[18/04/08 17:17:00 951][TRACE][PID:6460]AosuApp.AosuFramework.ADataLoader:CLoadData
[18/04/08 17:17:00 953][TRACE][PID:6460]AosuApp.AosuFramework.ADataSourceUtil:CGetConnection
[18/04/08 17:17:02 066][TRACE][PID:6460]AosuApp.AosuFramework.ADataLoader:CLoadData
[18/04/08 17:17:02 066][TRACE][PID:6460]AosuApp.AosuFramework.ADataSourceUtil:CGetConnection
[18/04/08 17:17:02 069][TRACE][PID:6460]AosuApp.AosuFramework.ADataLoader:CLoadData
[18/04/08 17:17:02 069][TRACE][PID:6460]AosuApp.AosuFramework.ADataSourceUtil:CGetConnection
[18/04/08 17:17:02 082][TRACE][PID:6460]AosuApp.AosuFramework.ADataLoader:CLoadData
[18/04/08 17:17:02 082][TRACE][PID:6460]AosuApp.AosuFramework.ADataSourceUtil:CGetConnection
[18/04/08 17:17:02 085][TRACE][PID:6460]AosuApp.AosuFramework.ADataLoader:CLoadData
[18/04/08 17:17:02 086][TRACE][PID:6460]AosuApp.AosuFramework.ADataSourceUtil:CGetConnection
[18/04/08 17:17:02 090][TRACE][PID:6460]AosuApp.AosuFramework.ADataLoader:CLoadData
[18/04/08 17:17:02 090][TRACE][PID:6460]AosuApp.AosuFramework.ADataSourceUtil:CGetConnection
[18/04/08 17:17:02 096][TRACE][PID:6460]API.CP.BASE.Payment.JAPaymentUtil:CGetQRImage
[18/04/08 17:19:40 823][TRACE][PID:6460]AosuApp.AosuFramework.ADataLoader:CLoadData
[18/04/08 17:19:40 823][TRACE][PID:6460]AosuApp.AosuFramework.ADataSourceUtil:CGetConnection
[18/04/08 17:19:40 826][TRACE][PID:6460]AosuApp.AosuFramework.ADataLoader:CLoadData
[18/04/08 17:19:40 827][TRACE][PID:6460]AosuApp.AosuFramework.ADataSourceUtil:CGetConnection
[18/04/08 17:19:40 845][TRACE][PID:6460]AosuApp.AosuFramework.ADataLoader:CLoadData
[18/04/08 17:19:40 846][TRACE][PID:6460]AosuApp.AosuFramework.ADataSourceUtil:CGetConnection
[18/04/08 17:19:40 849][TRACE][PID:6460]AosuApp.AosuFramework.ADataLoader:CLoadData
[18/04/08 17:19:40 850][TRACE][PID:6460]AosuApp.AosuFramework.ADataSourceUtil:CGetConnection
[18/04/08 17:19:40 858][TRACE][PID:6460]AosuApp.AosuFramework.ADataLoader:CLoadData
[18/04/08 17:19:40 858][TRACE][PID:6460]AosuApp.AosuFramework.ADataSourceUtil:CGetConnection
[18/04/08 17:19:40 866][TRACE][PID:6460]API.CP.BASE.Payment.JAPaymentUtil:CGetQRImage
